CRITICAL - 2023-03-19 04:33:56 --> Invalid file: "prism/home.php"
in SYSTEMPATH\Exceptions\FrameworkException.php on line 33.
 1 SYSTEMPATH\View\View.php(201): CodeIgniter\Exceptions\FrameworkException::forInvalidFile('prism/home.php')
 2 SYSTEMPATH\Common.php(1184): CodeIgniter\View\View->render('prism/home', [], true)
 3 APPPATH\Controllers\Home.php(9): view('prism/home')
 4 SYSTEMPATH\CodeIgniter.php(934): App\Controllers\Home->index()
 5 SYSTEMPATH\CodeIgniter.php(499): CodeIgniter\CodeIgniter->runController(Object(App\Controllers\Home))
 6 SYSTEMPATH\CodeIgniter.php(368): CodeIgniter\CodeIgniter->handleRequest(null, Object(Config\Cache), false)
 7 FCPATH\index.php(67): CodeIgniter\CodeIgniter->run()
CRITICAL - 2023-03-19 04:50:39 --> Call to undefined function link_tag()
in APPPATH\Views\prism\home.php on line 9.
 1 SYSTEMPATH\View\View.php(213): include()
 2 SYSTEMPATH\View\View.php(216): CodeIgniter\View\View->CodeIgniter\View\{closure}()
 3 SYSTEMPATH\Common.php(1184): CodeIgniter\View\View->render('prism/home', [], true)
 4 APPPATH\Controllers\Home.php(9): view('prism/home')
 5 SYSTEMPATH\CodeIgniter.php(934): App\Controllers\Home->index()
 6 SYSTEMPATH\CodeIgniter.php(499): CodeIgniter\CodeIgniter->runController(Object(App\Controllers\Home))
 7 SYSTEMPATH\CodeIgniter.php(368): CodeIgniter\CodeIgniter->handleRequest(null, Object(Config\Cache), false)
 8 FCPATH\index.php(67): CodeIgniter\CodeIgniter->run()
CRITICAL - 2023-03-19 04:52:40 --> Call to undefined function link_tag()
in APPPATH\Views\prism\home.php on line 9.
 1 SYSTEMPATH\View\View.php(213): include()
 2 SYSTEMPATH\View\View.php(216): CodeIgniter\View\View->CodeIgniter\View\{closure}()
 3 SYSTEMPATH\Common.php(1184): CodeIgniter\View\View->render('prism/home', [], true)
 4 APPPATH\Controllers\Home.php(9): view('prism/home')
 5 SYSTEMPATH\CodeIgniter.php(934): App\Controllers\Home->index()
 6 SYSTEMPATH\CodeIgniter.php(499): CodeIgniter\CodeIgniter->runController(Object(App\Controllers\Home))
 7 SYSTEMPATH\CodeIgniter.php(368): CodeIgniter\CodeIgniter->handleRequest(null, Object(Config\Cache), false)
 8 FCPATH\index.php(67): CodeIgniter\CodeIgniter->run()
CRITICAL - 2023-03-19 07:03:16 --> Invalid file: "master.php"
in SYSTEMPATH\Exceptions\FrameworkException.php on line 33.
 1 SYSTEMPATH\View\View.php(201): CodeIgniter\Exceptions\FrameworkException::forInvalidFile('master.php')
 2 SYSTEMPATH\View\View.php(229): CodeIgniter\View\View->render('master', [], true)
 3 SYSTEMPATH\Common.php(1184): CodeIgniter\View\View->render('prism/home', [], true)
 4 APPPATH\Controllers\Home.php(9): view('prism/home')
 5 SYSTEMPATH\CodeIgniter.php(934): App\Controllers\Home->index()
 6 SYSTEMPATH\CodeIgniter.php(499): CodeIgniter\CodeIgniter->runController(Object(App\Controllers\Home))
 7 SYSTEMPATH\CodeIgniter.php(368): CodeIgniter\CodeIgniter->handleRequest(null, Object(Config\Cache), false)
 8 FCPATH\index.php(67): CodeIgniter\CodeIgniter->run()
CRITICAL - 2023-03-19 07:04:32 --> Invalid file: "../layouts/master.php"
in SYSTEMPATH\Exceptions\FrameworkException.php on line 33.
 1 SYSTEMPATH\View\View.php(201): CodeIgniter\Exceptions\FrameworkException::forInvalidFile('../layouts/master.php')
 2 SYSTEMPATH\View\View.php(229): CodeIgniter\View\View->render('../layouts/master', [], true)
 3 SYSTEMPATH\Common.php(1184): CodeIgniter\View\View->render('prism/home', [], true)
 4 APPPATH\Controllers\Home.php(9): view('prism/home')
 5 SYSTEMPATH\CodeIgniter.php(934): App\Controllers\Home->index()
 6 SYSTEMPATH\CodeIgniter.php(499): CodeIgniter\CodeIgniter->runController(Object(App\Controllers\Home))
 7 SYSTEMPATH\CodeIgniter.php(368): CodeIgniter\CodeIgniter->handleRequest(null, Object(Config\Cache), false)
 8 FCPATH\index.php(67): CodeIgniter\CodeIgniter->run()
CRITICAL - 2023-03-19 07:04:34 --> Invalid file: "../layouts/master.php"
in SYSTEMPATH\Exceptions\FrameworkException.php on line 33.
 1 SYSTEMPATH\View\View.php(201): CodeIgniter\Exceptions\FrameworkException::forInvalidFile('../layouts/master.php')
 2 SYSTEMPATH\View\View.php(229): CodeIgniter\View\View->render('../layouts/master', [], true)
 3 SYSTEMPATH\Common.php(1184): CodeIgniter\View\View->render('prism/home', [], true)
 4 APPPATH\Controllers\Home.php(9): view('prism/home')
 5 SYSTEMPATH\CodeIgniter.php(934): App\Controllers\Home->index()
 6 SYSTEMPATH\CodeIgniter.php(499): CodeIgniter\CodeIgniter->runController(Object(App\Controllers\Home))
 7 SYSTEMPATH\CodeIgniter.php(368): CodeIgniter\CodeIgniter->handleRequest(null, Object(Config\Cache), false)
 8 FCPATH\index.php(67): CodeIgniter\CodeIgniter->run()
CRITICAL - 2023-03-19 07:10:00 --> Invalid file: "../master.php"
in SYSTEMPATH\Exceptions\FrameworkException.php on line 33.
 1 SYSTEMPATH\View\View.php(201): CodeIgniter\Exceptions\FrameworkException::forInvalidFile('../master.php')
 2 SYSTEMPATH\View\View.php(229): CodeIgniter\View\View->render('../master', [], true)
 3 SYSTEMPATH\Common.php(1184): CodeIgniter\View\View->render('prism/home', [], true)
 4 APPPATH\Controllers\Home.php(9): view('prism/home')
 5 SYSTEMPATH\CodeIgniter.php(934): App\Controllers\Home->index()
 6 SYSTEMPATH\CodeIgniter.php(499): CodeIgniter\CodeIgniter->runController(Object(App\Controllers\Home))
 7 SYSTEMPATH\CodeIgniter.php(368): CodeIgniter\CodeIgniter->handleRequest(null, Object(Config\Cache), false)
 8 FCPATH\index.php(67): CodeIgniter\CodeIgniter->run()
CRITICAL - 2023-03-19 07:10:04 --> Invalid file: "../master.php"
in SYSTEMPATH\Exceptions\FrameworkException.php on line 33.
 1 SYSTEMPATH\View\View.php(201): CodeIgniter\Exceptions\FrameworkException::forInvalidFile('../master.php')
 2 SYSTEMPATH\View\View.php(229): CodeIgniter\View\View->render('../master', [], true)
 3 SYSTEMPATH\Common.php(1184): CodeIgniter\View\View->render('prism/home', [], true)
 4 APPPATH\Controllers\Home.php(9): view('prism/home')
 5 SYSTEMPATH\CodeIgniter.php(934): App\Controllers\Home->index()
 6 SYSTEMPATH\CodeIgniter.php(499): CodeIgniter\CodeIgniter->runController(Object(App\Controllers\Home))
 7 SYSTEMPATH\CodeIgniter.php(368): CodeIgniter\CodeIgniter->handleRequest(null, Object(Config\Cache), false)
 8 FCPATH\index.php(67): CodeIgniter\CodeIgniter->run()
CRITICAL - 2023-03-19 07:10:05 --> Invalid file: "../master.php"
in SYSTEMPATH\Exceptions\FrameworkException.php on line 33.
 1 SYSTEMPATH\View\View.php(201): CodeIgniter\Exceptions\FrameworkException::forInvalidFile('../master.php')
 2 SYSTEMPATH\View\View.php(229): CodeIgniter\View\View->render('../master', [], true)
 3 SYSTEMPATH\Common.php(1184): CodeIgniter\View\View->render('prism/home', [], true)
 4 APPPATH\Controllers\Home.php(9): view('prism/home')
 5 SYSTEMPATH\CodeIgniter.php(934): App\Controllers\Home->index()
 6 SYSTEMPATH\CodeIgniter.php(499): CodeIgniter\CodeIgniter->runController(Object(App\Controllers\Home))
 7 SYSTEMPATH\CodeIgniter.php(368): CodeIgniter\CodeIgniter->handleRequest(null, Object(Config\Cache), false)
 8 FCPATH\index.php(67): CodeIgniter\CodeIgniter->run()
CRITICAL - 2023-03-19 07:12:15 --> Invalid file: "../layouts/master.php"
in SYSTEMPATH\Exceptions\FrameworkException.php on line 33.
 1 SYSTEMPATH\View\View.php(201): CodeIgniter\Exceptions\FrameworkException::forInvalidFile('../layouts/master.php')
 2 SYSTEMPATH\View\View.php(229): CodeIgniter\View\View->render('../layouts/master', [], true)
 3 SYSTEMPATH\Common.php(1184): CodeIgniter\View\View->render('prism/home', [], true)
 4 APPPATH\Controllers\Home.php(9): view('prism/home')
 5 SYSTEMPATH\CodeIgniter.php(934): App\Controllers\Home->index()
 6 SYSTEMPATH\CodeIgniter.php(499): CodeIgniter\CodeIgniter->runController(Object(App\Controllers\Home))
 7 SYSTEMPATH\CodeIgniter.php(368): CodeIgniter\CodeIgniter->handleRequest(null, Object(Config\Cache), false)
 8 FCPATH\index.php(67): CodeIgniter\CodeIgniter->run()
CRITICAL - 2023-03-19 07:12:16 --> Invalid file: "../layouts/master.php"
in SYSTEMPATH\Exceptions\FrameworkException.php on line 33.
 1 SYSTEMPATH\View\View.php(201): CodeIgniter\Exceptions\FrameworkException::forInvalidFile('../layouts/master.php')
 2 SYSTEMPATH\View\View.php(229): CodeIgniter\View\View->render('../layouts/master', [], true)
 3 SYSTEMPATH\Common.php(1184): CodeIgniter\View\View->render('prism/home', [], true)
 4 APPPATH\Controllers\Home.php(9): view('prism/home')
 5 SYSTEMPATH\CodeIgniter.php(934): App\Controllers\Home->index()
 6 SYSTEMPATH\CodeIgniter.php(499): CodeIgniter\CodeIgniter->runController(Object(App\Controllers\Home))
 7 SYSTEMPATH\CodeIgniter.php(368): CodeIgniter\CodeIgniter->handleRequest(null, Object(Config\Cache), false)
 8 FCPATH\index.php(67): CodeIgniter\CodeIgniter->run()
CRITICAL - 2023-03-19 07:21:06 --> Undefined constant "VIEWPATH"
in APPPATH\Views\prism\home.php on line 1.
 1 SYSTEMPATH\View\View.php(213): include()
 2 SYSTEMPATH\View\View.php(216): CodeIgniter\View\View->CodeIgniter\View\{closure}()
 3 SYSTEMPATH\Common.php(1184): CodeIgniter\View\View->render('prism/home', [], true)
 4 APPPATH\Controllers\Home.php(9): view('prism/home')
 5 SYSTEMPATH\CodeIgniter.php(934): App\Controllers\Home->index()
 6 SYSTEMPATH\CodeIgniter.php(499): CodeIgniter\CodeIgniter->runController(Object(App\Controllers\Home))
 7 SYSTEMPATH\CodeIgniter.php(368): CodeIgniter\CodeIgniter->handleRequest(null, Object(Config\Cache), false)
 8 FCPATH\index.php(67): CodeIgniter\CodeIgniter->run()
CRITICAL - 2023-03-19 07:27:13 --> Invalid file: "C:\xampp\htdocs\prism\app\views/layouts/master.php"
in SYSTEMPATH\Exceptions\FrameworkException.php on line 33.
 1 SYSTEMPATH\View\View.php(201): CodeIgniter\Exceptions\FrameworkException::forInvalidFile('APPPATH\\Views\\layouts\\master.php')
 2 SYSTEMPATH\View\View.php(229): CodeIgniter\View\View->render('APPPATH\\views/layouts/master', [], true)
 3 SYSTEMPATH\Common.php(1184): CodeIgniter\View\View->render('prism/home', [], true)
 4 APPPATH\Controllers\Home.php(9): view('prism/home')
 5 SYSTEMPATH\CodeIgniter.php(934): App\Controllers\Home->index()
 6 SYSTEMPATH\CodeIgniter.php(499): CodeIgniter\CodeIgniter->runController(Object(App\Controllers\Home))
 7 SYSTEMPATH\CodeIgniter.php(368): CodeIgniter\CodeIgniter->handleRequest(null, Object(Config\Cache), false)
 8 FCPATH\index.php(67): CodeIgniter\CodeIgniter->run()
CRITICAL - 2023-03-19 07:30:18 --> Invalid file: "../layouts/master.php"
in SYSTEMPATH\Exceptions\FrameworkException.php on line 33.
 1 SYSTEMPATH\View\View.php(201): CodeIgniter\Exceptions\FrameworkException::forInvalidFile('../layouts/master.php')
 2 SYSTEMPATH\View\View.php(229): CodeIgniter\View\View->render('../layouts/master', [], true)
 3 SYSTEMPATH\Common.php(1184): CodeIgniter\View\View->render('prism/home', [], true)
 4 APPPATH\Controllers\Home.php(9): view('prism/home')
 5 SYSTEMPATH\CodeIgniter.php(934): App\Controllers\Home->index()
 6 SYSTEMPATH\CodeIgniter.php(499): CodeIgniter\CodeIgniter->runController(Object(App\Controllers\Home))
 7 SYSTEMPATH\CodeIgniter.php(368): CodeIgniter\CodeIgniter->handleRequest(null, Object(Config\Cache), false)
 8 FCPATH\index.php(67): CodeIgniter\CodeIgniter->run()
CRITICAL - 2023-03-19 07:30:20 --> Invalid file: "../layouts/master.php"
in SYSTEMPATH\Exceptions\FrameworkException.php on line 33.
 1 SYSTEMPATH\View\View.php(201): CodeIgniter\Exceptions\FrameworkException::forInvalidFile('../layouts/master.php')
 2 SYSTEMPATH\View\View.php(229): CodeIgniter\View\View->render('../layouts/master', [], true)
 3 SYSTEMPATH\Common.php(1184): CodeIgniter\View\View->render('prism/home', [], true)
 4 APPPATH\Controllers\Home.php(9): view('prism/home')
 5 SYSTEMPATH\CodeIgniter.php(934): App\Controllers\Home->index()
 6 SYSTEMPATH\CodeIgniter.php(499): CodeIgniter\CodeIgniter->runController(Object(App\Controllers\Home))
 7 SYSTEMPATH\CodeIgniter.php(368): CodeIgniter\CodeIgniter->handleRequest(null, Object(Config\Cache), false)
 8 FCPATH\index.php(67): CodeIgniter\CodeIgniter->run()
CRITICAL - 2023-03-19 07:34:15 --> Invalid file: "..\layouts\master.php"
in SYSTEMPATH\Exceptions\FrameworkException.php on line 33.
 1 SYSTEMPATH\View\View.php(201): CodeIgniter\Exceptions\FrameworkException::forInvalidFile('..\\layouts\\master.php')
 2 SYSTEMPATH\View\View.php(229): CodeIgniter\View\View->render('..\\layouts\\master', [], true)
 3 SYSTEMPATH\Common.php(1184): CodeIgniter\View\View->render('prism/home', [], true)
 4 APPPATH\Controllers\Home.php(9): view('prism/home')
 5 SYSTEMPATH\CodeIgniter.php(934): App\Controllers\Home->index()
 6 SYSTEMPATH\CodeIgniter.php(499): CodeIgniter\CodeIgniter->runController(Object(App\Controllers\Home))
 7 SYSTEMPATH\CodeIgniter.php(368): CodeIgniter\CodeIgniter->handleRequest(null, Object(Config\Cache), false)
 8 FCPATH\index.php(67): CodeIgniter\CodeIgniter->run()
CRITICAL - 2023-03-19 07:34:17 --> Invalid file: "..\layouts\master.php"
in SYSTEMPATH\Exceptions\FrameworkException.php on line 33.
 1 SYSTEMPATH\View\View.php(201): CodeIgniter\Exceptions\FrameworkException::forInvalidFile('..\\layouts\\master.php')
 2 SYSTEMPATH\View\View.php(229): CodeIgniter\View\View->render('..\\layouts\\master', [], true)
 3 SYSTEMPATH\Common.php(1184): CodeIgniter\View\View->render('prism/home', [], true)
 4 APPPATH\Controllers\Home.php(9): view('prism/home')
 5 SYSTEMPATH\CodeIgniter.php(934): App\Controllers\Home->index()
 6 SYSTEMPATH\CodeIgniter.php(499): CodeIgniter\CodeIgniter->runController(Object(App\Controllers\Home))
 7 SYSTEMPATH\CodeIgniter.php(368): CodeIgniter\CodeIgniter->handleRequest(null, Object(Config\Cache), false)
 8 FCPATH\index.php(67): CodeIgniter\CodeIgniter->run()
CRITICAL - 2023-03-19 07:34:41 --> Invalid file: "views\layouts\master.php"
in SYSTEMPATH\Exceptions\FrameworkException.php on line 33.
 1 SYSTEMPATH\View\View.php(201): CodeIgniter\Exceptions\FrameworkException::forInvalidFile('views\\layouts\\master.php')
 2 SYSTEMPATH\View\View.php(229): CodeIgniter\View\View->render('views\\layouts\\master', [], true)
 3 SYSTEMPATH\Common.php(1184): CodeIgniter\View\View->render('prism/home', [], true)
 4 APPPATH\Controllers\Home.php(9): view('prism/home')
 5 SYSTEMPATH\CodeIgniter.php(934): App\Controllers\Home->index()
 6 SYSTEMPATH\CodeIgniter.php(499): CodeIgniter\CodeIgniter->runController(Object(App\Controllers\Home))
 7 SYSTEMPATH\CodeIgniter.php(368): CodeIgniter\CodeIgniter->handleRequest(null, Object(Config\Cache), false)
 8 FCPATH\index.php(67): CodeIgniter\CodeIgniter->run()
CRITICAL - 2023-03-19 07:34:42 --> Invalid file: "views\layouts\master.php"
in SYSTEMPATH\Exceptions\FrameworkException.php on line 33.
 1 SYSTEMPATH\View\View.php(201): CodeIgniter\Exceptions\FrameworkException::forInvalidFile('views\\layouts\\master.php')
 2 SYSTEMPATH\View\View.php(229): CodeIgniter\View\View->render('views\\layouts\\master', [], true)
 3 SYSTEMPATH\Common.php(1184): CodeIgniter\View\View->render('prism/home', [], true)
 4 APPPATH\Controllers\Home.php(9): view('prism/home')
 5 SYSTEMPATH\CodeIgniter.php(934): App\Controllers\Home->index()
 6 SYSTEMPATH\CodeIgniter.php(499): CodeIgniter\CodeIgniter->runController(Object(App\Controllers\Home))
 7 SYSTEMPATH\CodeIgniter.php(368): CodeIgniter\CodeIgniter->handleRequest(null, Object(Config\Cache), false)
 8 FCPATH\index.php(67): CodeIgniter\CodeIgniter->run()
CRITICAL - 2023-03-19 07:34:43 --> Invalid file: "views\layouts\master.php"
in SYSTEMPATH\Exceptions\FrameworkException.php on line 33.
 1 SYSTEMPATH\View\View.php(201): CodeIgniter\Exceptions\FrameworkException::forInvalidFile('views\\layouts\\master.php')
 2 SYSTEMPATH\View\View.php(229): CodeIgniter\View\View->render('views\\layouts\\master', [], true)
 3 SYSTEMPATH\Common.php(1184): CodeIgniter\View\View->render('prism/home', [], true)
 4 APPPATH\Controllers\Home.php(9): view('prism/home')
 5 SYSTEMPATH\CodeIgniter.php(934): App\Controllers\Home->index()
 6 SYSTEMPATH\CodeIgniter.php(499): CodeIgniter\CodeIgniter->runController(Object(App\Controllers\Home))
 7 SYSTEMPATH\CodeIgniter.php(368): CodeIgniter\CodeIgniter->handleRequest(null, Object(Config\Cache), false)
 8 FCPATH\index.php(67): CodeIgniter\CodeIgniter->run()
CRITICAL - 2023-03-19 07:34:59 --> Invalid file: "prism\views\layouts\master.php"
in SYSTEMPATH\Exceptions\FrameworkException.php on line 33.
 1 SYSTEMPATH\View\View.php(201): CodeIgniter\Exceptions\FrameworkException::forInvalidFile('prism\\views\\layouts\\master.php')
 2 SYSTEMPATH\View\View.php(229): CodeIgniter\View\View->render('prism\\views\\layouts\\master', [], true)
 3 SYSTEMPATH\Common.php(1184): CodeIgniter\View\View->render('prism/home', [], true)
 4 APPPATH\Controllers\Home.php(9): view('prism/home')
 5 SYSTEMPATH\CodeIgniter.php(934): App\Controllers\Home->index()
 6 SYSTEMPATH\CodeIgniter.php(499): CodeIgniter\CodeIgniter->runController(Object(App\Controllers\Home))
 7 SYSTEMPATH\CodeIgniter.php(368): CodeIgniter\CodeIgniter->handleRequest(null, Object(Config\Cache), false)
 8 FCPATH\index.php(67): CodeIgniter\CodeIgniter->run()
CRITICAL - 2023-03-19 07:35:01 --> Invalid file: "prism\views\layouts\master.php"
in SYSTEMPATH\Exceptions\FrameworkException.php on line 33.
 1 SYSTEMPATH\View\View.php(201): CodeIgniter\Exceptions\FrameworkException::forInvalidFile('prism\\views\\layouts\\master.php')
 2 SYSTEMPATH\View\View.php(229): CodeIgniter\View\View->render('prism\\views\\layouts\\master', [], true)
 3 SYSTEMPATH\Common.php(1184): CodeIgniter\View\View->render('prism/home', [], true)
 4 APPPATH\Controllers\Home.php(9): view('prism/home')
 5 SYSTEMPATH\CodeIgniter.php(934): App\Controllers\Home->index()
 6 SYSTEMPATH\CodeIgniter.php(499): CodeIgniter\CodeIgniter->runController(Object(App\Controllers\Home))
 7 SYSTEMPATH\CodeIgniter.php(368): CodeIgniter\CodeIgniter->handleRequest(null, Object(Config\Cache), false)
 8 FCPATH\index.php(67): CodeIgniter\CodeIgniter->run()
CRITICAL - 2023-03-19 07:35:38 --> Invalid file: "prism\Views\layouts\master.php"
in SYSTEMPATH\Exceptions\FrameworkException.php on line 33.
 1 SYSTEMPATH\View\View.php(201): CodeIgniter\Exceptions\FrameworkException::forInvalidFile('prism\\Views\\layouts\\master.php')
 2 SYSTEMPATH\View\View.php(229): CodeIgniter\View\View->render('prism\\Views\\layouts\\master', [], true)
 3 SYSTEMPATH\Common.php(1184): CodeIgniter\View\View->render('prism/home', [], true)
 4 APPPATH\Controllers\Home.php(9): view('prism/home')
 5 SYSTEMPATH\CodeIgniter.php(934): App\Controllers\Home->index()
 6 SYSTEMPATH\CodeIgniter.php(499): CodeIgniter\CodeIgniter->runController(Object(App\Controllers\Home))
 7 SYSTEMPATH\CodeIgniter.php(368): CodeIgniter\CodeIgniter->handleRequest(null, Object(Config\Cache), false)
 8 FCPATH\index.php(67): CodeIgniter\CodeIgniter->run()
CRITICAL - 2023-03-19 07:35:41 --> Invalid file: "prism\Views\layouts\master.php"
in SYSTEMPATH\Exceptions\FrameworkException.php on line 33.
 1 SYSTEMPATH\View\View.php(201): CodeIgniter\Exceptions\FrameworkException::forInvalidFile('prism\\Views\\layouts\\master.php')
 2 SYSTEMPATH\View\View.php(229): CodeIgniter\View\View->render('prism\\Views\\layouts\\master', [], true)
 3 SYSTEMPATH\Common.php(1184): CodeIgniter\View\View->render('prism/home', [], true)
 4 APPPATH\Controllers\Home.php(9): view('prism/home')
 5 SYSTEMPATH\CodeIgniter.php(934): App\Controllers\Home->index()
 6 SYSTEMPATH\CodeIgniter.php(499): CodeIgniter\CodeIgniter->runController(Object(App\Controllers\Home))
 7 SYSTEMPATH\CodeIgniter.php(368): CodeIgniter\CodeIgniter->handleRequest(null, Object(Config\Cache), false)
 8 FCPATH\index.php(67): CodeIgniter\CodeIgniter->run()
CRITICAL - 2023-03-19 07:36:03 --> Invalid file: "prism\app\Views\layouts\master.php"
in SYSTEMPATH\Exceptions\FrameworkException.php on line 33.
 1 SYSTEMPATH\View\View.php(201): CodeIgniter\Exceptions\FrameworkException::forInvalidFile('prism\\app\\Views\\layouts\\master.php')
 2 SYSTEMPATH\View\View.php(229): CodeIgniter\View\View->render('prism\\app\\Views\\layouts\\master', [], true)
 3 SYSTEMPATH\Common.php(1184): CodeIgniter\View\View->render('prism/home', [], true)
 4 APPPATH\Controllers\Home.php(9): view('prism/home')
 5 SYSTEMPATH\CodeIgniter.php(934): App\Controllers\Home->index()
 6 SYSTEMPATH\CodeIgniter.php(499): CodeIgniter\CodeIgniter->runController(Object(App\Controllers\Home))
 7 SYSTEMPATH\CodeIgniter.php(368): CodeIgniter\CodeIgniter->handleRequest(null, Object(Config\Cache), false)
 8 FCPATH\index.php(67): CodeIgniter\CodeIgniter->run()
CRITICAL - 2023-03-19 07:36:04 --> Invalid file: "prism\app\Views\layouts\master.php"
in SYSTEMPATH\Exceptions\FrameworkException.php on line 33.
 1 SYSTEMPATH\View\View.php(201): CodeIgniter\Exceptions\FrameworkException::forInvalidFile('prism\\app\\Views\\layouts\\master.php')
 2 SYSTEMPATH\View\View.php(229): CodeIgniter\View\View->render('prism\\app\\Views\\layouts\\master', [], true)
 3 SYSTEMPATH\Common.php(1184): CodeIgniter\View\View->render('prism/home', [], true)
 4 APPPATH\Controllers\Home.php(9): view('prism/home')
 5 SYSTEMPATH\CodeIgniter.php(934): App\Controllers\Home->index()
 6 SYSTEMPATH\CodeIgniter.php(499): CodeIgniter\CodeIgniter->runController(Object(App\Controllers\Home))
 7 SYSTEMPATH\CodeIgniter.php(368): CodeIgniter\CodeIgniter->handleRequest(null, Object(Config\Cache), false)
 8 FCPATH\index.php(67): CodeIgniter\CodeIgniter->run()
CRITICAL - 2023-03-19 07:39:29 --> Invalid file: "default.php"
in SYSTEMPATH\Exceptions\FrameworkException.php on line 33.
 1 SYSTEMPATH\View\View.php(201): CodeIgniter\Exceptions\FrameworkException::forInvalidFile('default.php')
 2 SYSTEMPATH\View\View.php(229): CodeIgniter\View\View->render('default', [], true)
 3 SYSTEMPATH\Common.php(1184): CodeIgniter\View\View->render('prism/home', [], true)
 4 APPPATH\Controllers\Home.php(9): view('prism/home')
 5 SYSTEMPATH\CodeIgniter.php(934): App\Controllers\Home->index()
 6 SYSTEMPATH\CodeIgniter.php(499): CodeIgniter\CodeIgniter->runController(Object(App\Controllers\Home))
 7 SYSTEMPATH\CodeIgniter.php(368): CodeIgniter\CodeIgniter->handleRequest(null, Object(Config\Cache), false)
 8 FCPATH\index.php(67): CodeIgniter\CodeIgniter->run()
