ERROR - 2023-04-28 23:41:57 --> mysqli_sql_exception: Unknown column 'pi.amenities' in 'field list' in C:\xampp\htdocs\prism\system\Database\MySQLi\Connection.php:295
Stack trace:
#0 C:\xampp\htdocs\prism\system\Database\MySQLi\Connection.php(295): mysqli->query('SELECT pi.actio...', 0)
#1 C:\xampp\htdocs\prism\system\Database\BaseConnection.php(691): CodeIgniter\Database\MySQLi\Connection->execute('SELECT pi.actio...')
#2 C:\xampp\htdocs\prism\system\Database\BaseConnection.php(605): CodeIgniter\Database\BaseConnection->simpleQuery('SELECT pi.actio...')
#3 C:\xampp\htdocs\prism\app\Models\PropertyInfoModel.php(101): CodeIgniter\Database\BaseConnection->query('SELECT pi.actio...')
#4 C:\xampp\htdocs\prism\app\Controllers\Home.php(90): App\Models\PropertyInfoModel->get(NULL, NULL, NULL)
#5 C:\xampp\htdocs\prism\system\CodeIgniter.php(934): App\Controllers\Home->index()
#6 C:\xampp\htdocs\prism\system\CodeIgniter.php(499): CodeIgniter\CodeIgniter->runController(Object(App\Controllers\Home))
#7 C:\xampp\htdocs\prism\system\CodeIgniter.php(368): CodeIgniter\CodeIgniter->handleRequest(NULL, Object(Config\Cache), false)
#8 C:\xampp\htdocs\prism\public\index.php(67): CodeIgniter\CodeIgniter->run()
#9 {main}
CRITICAL - 2023-04-28 23:41:57 --> Unknown column 'pi.amenities' in 'field list'
in SYSTEMPATH\Database\BaseConnection.php on line 645.
 1 APPPATH\Models\PropertyInfoModel.php(101): CodeIgniter\Database\BaseConnection->query('SELECT pi.action_date,pi.property_id, pi.property_name, pi.city, pi.property_area, pi.property_size, pi.beds, pi.baths, 
                pi.price, pi.is_occupied, pi.floor_plan, pi.phone_number, 
                pi.property_address, pi.level, pi.email, pi.description, pi.amenities,
                pi.purpose_code, ppc.look_up_name AS purpose_name,
                pi.property_type_code, ptc.look_up_name AS property_type_name,
                pi.descriptive_status_code, dsc.look_up_name AS descriptive_status_name,
                pi.property_status_code, psc.look_up_name AS property_status_name
                FROM tbl_property_info as pi
                INNER JOIN tbl_look_up AS psc ON pi.property_status_code = psc.look_up_id
                INNER JOIN tbl_look_up AS ppc ON pi.purpose_code = ppc.look_up_id
                INNER JOIN tbl_look_up AS dsc ON pi.descriptive_status_code = dsc.look_up_id
                INNER JOIN tbl_look_up AS ptc ON pi.property_type_code = ptc.look_up_id ORDER BY pi.property_id')
 2 APPPATH\Controllers\Home.php(90): App\Models\PropertyInfoModel->get(null, null, null)
 3 SYSTEMPATH\CodeIgniter.php(934): App\Controllers\Home->index()
 4 SYSTEMPATH\CodeIgniter.php(499): CodeIgniter\CodeIgniter->runController(Object(App\Controllers\Home))
 5 SYSTEMPATH\CodeIgniter.php(368): CodeIgniter\CodeIgniter->handleRequest(null, Object(Config\Cache), false)
 6 FCPATH\index.php(67): CodeIgniter\CodeIgniter->run()
