INFO - 2023-05-10 08:31:44 --> Session: Class initialized using 'CodeIgniter\Session\Handlers\FileHandler' driver.
INFO - 2023-05-10 08:31:47 --> Session: Class initialized using 'CodeIgniter\Session\Handlers\FileHandler' driver.
INFO - 2023-05-10 08:31:50 --> Session: Class initialized using 'CodeIgniter\Session\Handlers\FileHandler' driver.
INFO - 2023-05-10 08:31:50 --> Session: Class initialized using 'CodeIgniter\Session\Handlers\FileHandler' driver.
INFO - 2023-05-10 08:31:57 --> Session: Class initialized using 'CodeIgniter\Session\Handlers\FileHandler' driver.
INFO - 2023-05-10 08:31:57 --> Session: Class initialized using 'CodeIgniter\Session\Handlers\FileHandler' driver.
INFO - 2023-05-10 08:32:01 --> Session: Class initialized using 'CodeIgniter\Session\Handlers\FileHandler' driver.
INFO - 2023-05-10 08:32:05 --> Session: Class initialized using 'CodeIgniter\Session\Handlers\FileHandler' driver.
INFO - 2023-05-10 08:32:06 --> Session: Class initialized using 'CodeIgniter\Session\Handlers\FileHandler' driver.
INFO - 2023-05-10 08:32:09 --> Session: Class initialized using 'CodeIgniter\Session\Handlers\FileHandler' driver.
INFO - 2023-05-10 08:32:10 --> Session: Class initialized using 'CodeIgniter\Session\Handlers\FileHandler' driver.
INFO - 2023-05-10 08:32:15 --> Session: Class initialized using 'CodeIgniter\Session\Handlers\FileHandler' driver.
INFO - 2023-05-10 08:32:20 --> Session: Class initialized using 'CodeIgniter\Session\Handlers\FileHandler' driver.
INFO - 2023-05-10 08:32:32 --> Session: Class initialized using 'CodeIgniter\Session\Handlers\FileHandler' driver.
CRITICAL - 2023-05-10 08:32:32 --> 8 arguments are required, 7 given
in APPPATH\Models\LookUpModel.php on line 54.
 1 APPPATH\Models\LookUpModel.php(54): sprintf(' UPDATE `tbl_look_up`
                            SET
                            `auth_id` = %s,
                            `action_type` = \'update\',
                            `action_date` = now(),
                            `look_up_name` = %s,
                            `short_name` = %s,
                            `sort_order` = %d,
                            `look_type_id` = %d,
                            `ref_lookup_id` = %d
                            WHERE `look_up_id` = %d', 'Khulna', 'khl', '4', '10', 'null', '32')
 2 APPPATH\Controllers\Admin\Lookup.php(87): App\Models\LookUpModel->edit([...])
 3 SYSTEMPATH\CodeIgniter.php(934): App\Controllers\Admin\Lookup->create()
 4 SYSTEMPATH\CodeIgniter.php(499): CodeIgniter\CodeIgniter->runController(Object(App\Controllers\Admin\Lookup))
 5 SYSTEMPATH\CodeIgniter.php(368): CodeIgniter\CodeIgniter->handleRequest(null, Object(Config\Cache), false)
 6 FCPATH\index.php(67): CodeIgniter\CodeIgniter->run()
INFO - 2023-05-10 08:33:12 --> Session: Class initialized using 'CodeIgniter\Session\Handlers\FileHandler' driver.
ERROR - 2023-05-10 08:33:12 --> mysqli_sql_exception: You have an error in your SQL syntax; check the manual that corresponds to your MariaDB server version for the right syntax to use near '@iub.edu.bd,
                            `action_type` = 'update',
        ...' at line 3 in C:\xampp\htdocs\prism\system\Database\MySQLi\Connection.php:295
Stack trace:
#0 C:\xampp\htdocs\prism\system\Database\MySQLi\Connection.php(295): mysqli->query(' UPDATE `tbl_lo...', 0)
#1 C:\xampp\htdocs\prism\system\Database\BaseConnection.php(691): CodeIgniter\Database\MySQLi\Connection->execute(' UPDATE `tbl_lo...')
#2 C:\xampp\htdocs\prism\system\Database\BaseConnection.php(605): CodeIgniter\Database\BaseConnection->simpleQuery(' UPDATE `tbl_lo...')
#3 C:\xampp\htdocs\prism\app\Models\LookUpModel.php(56): CodeIgniter\Database\BaseConnection->query(' UPDATE `tbl_lo...')
#4 C:\xampp\htdocs\prism\app\Controllers\Admin\Lookup.php(87): App\Models\LookUpModel->edit(Array)
#5 C:\xampp\htdocs\prism\system\CodeIgniter.php(934): App\Controllers\Admin\Lookup->create()
#6 C:\xampp\htdocs\prism\system\CodeIgniter.php(499): CodeIgniter\CodeIgniter->runController(Object(App\Controllers\Admin\Lookup))
#7 C:\xampp\htdocs\prism\system\CodeIgniter.php(368): CodeIgniter\CodeIgniter->handleRequest(NULL, Object(Config\Cache), false)
#8 C:\xampp\htdocs\prism\public\index.php(67): CodeIgniter\CodeIgniter->run()
#9 {main}
CRITICAL - 2023-05-10 08:33:12 --> You have an error in your SQL syntax; check the manual that corresponds to your MariaDB server version for the right syntax to use near '@iub.edu.bd,
                            `action_type` = 'update',
        ...' at line 3
in SYSTEMPATH\Database\BaseConnection.php on line 645.
 1 APPPATH\Models\LookUpModel.php(56): CodeIgniter\Database\BaseConnection->query(' UPDATE `tbl_look_up`
                            SET
                            `auth_id` = 1730020@iub.edu.bd,
                            `action_type` = \'update\',
                            `action_date` = now(),
                            `look_up_name` = Khulna,
                            `short_name` = khl,
                            `sort_order` = 4,
                            `look_type_id` = 10,
                            `ref_lookup_id` = 0
                            WHERE `look_up_id` = 32')
 2 APPPATH\Controllers\Admin\Lookup.php(87): App\Models\LookUpModel->edit([...])
 3 SYSTEMPATH\CodeIgniter.php(934): App\Controllers\Admin\Lookup->create()
 4 SYSTEMPATH\CodeIgniter.php(499): CodeIgniter\CodeIgniter->runController(Object(App\Controllers\Admin\Lookup))
 5 SYSTEMPATH\CodeIgniter.php(368): CodeIgniter\CodeIgniter->handleRequest(null, Object(Config\Cache), false)
 6 FCPATH\index.php(67): CodeIgniter\CodeIgniter->run()
INFO - 2023-05-10 08:34:24 --> Session: Class initialized using 'CodeIgniter\Session\Handlers\FileHandler' driver.
INFO - 2023-05-10 08:34:26 --> Session: Class initialized using 'CodeIgniter\Session\Handlers\FileHandler' driver.
INFO - 2023-05-10 08:36:47 --> Session: Class initialized using 'CodeIgniter\Session\Handlers\FileHandler' driver.
INFO - 2023-05-10 08:36:50 --> Session: Class initialized using 'CodeIgniter\Session\Handlers\FileHandler' driver.
INFO - 2023-05-10 08:37:04 --> Session: Class initialized using 'CodeIgniter\Session\Handlers\FileHandler' driver.
INFO - 2023-05-10 08:37:25 --> Session: Class initialized using 'CodeIgniter\Session\Handlers\FileHandler' driver.
CRITICAL - 2023-05-10 08:37:25 --> Undefined variable $row
in APPPATH\Models\LookUpModel.php on line 54.
 1 APPPATH\Models\LookUpModel.php(54): CodeIgniter\Debug\Exceptions->errorHandler(2, 'Undefined variable $row', 'APPPATH\\Models\\LookUpModel.php', 54)
 2 APPPATH\Controllers\Admin\Lookup.php(87): App\Models\LookUpModel->edit([...])
 3 SYSTEMPATH\CodeIgniter.php(934): App\Controllers\Admin\Lookup->create()
 4 SYSTEMPATH\CodeIgniter.php(499): CodeIgniter\CodeIgniter->runController(Object(App\Controllers\Admin\Lookup))
 5 SYSTEMPATH\CodeIgniter.php(368): CodeIgniter\CodeIgniter->handleRequest(null, Object(Config\Cache), false)
 6 FCPATH\index.php(67): CodeIgniter\CodeIgniter->run()
INFO - 2023-05-10 08:38:36 --> Session: Class initialized using 'CodeIgniter\Session\Handlers\FileHandler' driver.
INFO - 2023-05-10 08:38:40 --> Session: Class initialized using 'CodeIgniter\Session\Handlers\FileHandler' driver.
INFO - 2023-05-10 08:39:24 --> Session: Class initialized using 'CodeIgniter\Session\Handlers\FileHandler' driver.
INFO - 2023-05-10 08:39:29 --> Session: Class initialized using 'CodeIgniter\Session\Handlers\FileHandler' driver.
ERROR - 2023-05-10 08:39:29 --> mysqli_sql_exception: You have an error in your SQL syntax; check the manual that corresponds to your MariaDB server version for the right syntax to use near '@iub.edu.bd,
                            `action_type` = 'update',
        ...' at line 3 in C:\xampp\htdocs\prism\system\Database\MySQLi\Connection.php:295
Stack trace:
#0 C:\xampp\htdocs\prism\system\Database\MySQLi\Connection.php(295): mysqli->query(' UPDATE `tbl_lo...', 0)
#1 C:\xampp\htdocs\prism\system\Database\BaseConnection.php(691): CodeIgniter\Database\MySQLi\Connection->execute(' UPDATE `tbl_lo...')
#2 C:\xampp\htdocs\prism\system\Database\BaseConnection.php(605): CodeIgniter\Database\BaseConnection->simpleQuery(' UPDATE `tbl_lo...')
#3 C:\xampp\htdocs\prism\app\Models\LookUpModel.php(56): CodeIgniter\Database\BaseConnection->query(' UPDATE `tbl_lo...')
#4 C:\xampp\htdocs\prism\app\Controllers\Admin\Lookup.php(87): App\Models\LookUpModel->edit(Array)
#5 C:\xampp\htdocs\prism\system\CodeIgniter.php(934): App\Controllers\Admin\Lookup->create()
#6 C:\xampp\htdocs\prism\system\CodeIgniter.php(499): CodeIgniter\CodeIgniter->runController(Object(App\Controllers\Admin\Lookup))
#7 C:\xampp\htdocs\prism\system\CodeIgniter.php(368): CodeIgniter\CodeIgniter->handleRequest(NULL, Object(Config\Cache), false)
#8 C:\xampp\htdocs\prism\public\index.php(67): CodeIgniter\CodeIgniter->run()
#9 {main}
CRITICAL - 2023-05-10 08:39:29 --> You have an error in your SQL syntax; check the manual that corresponds to your MariaDB server version for the right syntax to use near '@iub.edu.bd,
                            `action_type` = 'update',
        ...' at line 3
in SYSTEMPATH\Database\BaseConnection.php on line 645.
 1 APPPATH\Models\LookUpModel.php(56): CodeIgniter\Database\BaseConnection->query(' UPDATE `tbl_look_up`
                            SET
                            `auth_id` = 1730020@iub.edu.bd,
                            `action_type` = \'update\',
                            `action_date` = now(),
                            `look_up_name` = test,
                            `short_name` = test,
                            `sort_order` = 5,
                            `look_type_id` = 10,
                            `ref_lookup_id` = 0
                            WHERE `look_up_id` = 33')
 2 APPPATH\Controllers\Admin\Lookup.php(87): App\Models\LookUpModel->edit([...])
 3 SYSTEMPATH\CodeIgniter.php(934): App\Controllers\Admin\Lookup->create()
 4 SYSTEMPATH\CodeIgniter.php(499): CodeIgniter\CodeIgniter->runController(Object(App\Controllers\Admin\Lookup))
 5 SYSTEMPATH\CodeIgniter.php(368): CodeIgniter\CodeIgniter->handleRequest(null, Object(Config\Cache), false)
 6 FCPATH\index.php(67): CodeIgniter\CodeIgniter->run()
INFO - 2023-05-10 08:41:46 --> Session: Class initialized using 'CodeIgniter\Session\Handlers\FileHandler' driver.
INFO - 2023-05-10 08:41:49 --> Session: Class initialized using 'CodeIgniter\Session\Handlers\FileHandler' driver.
INFO - 2023-05-10 08:41:51 --> Session: Class initialized using 'CodeIgniter\Session\Handlers\FileHandler' driver.
INFO - 2023-05-10 08:42:03 --> Session: Class initialized using 'CodeIgniter\Session\Handlers\FileHandler' driver.
INFO - 2023-05-10 08:44:11 --> Session: Class initialized using 'CodeIgniter\Session\Handlers\FileHandler' driver.
INFO - 2023-05-10 08:44:13 --> Session: Class initialized using 'CodeIgniter\Session\Handlers\FileHandler' driver.
INFO - 2023-05-10 08:44:18 --> Session: Class initialized using 'CodeIgniter\Session\Handlers\FileHandler' driver.
INFO - 2023-05-10 08:44:22 --> Session: Class initialized using 'CodeIgniter\Session\Handlers\FileHandler' driver.
INFO - 2023-05-10 08:44:23 --> Session: Class initialized using 'CodeIgniter\Session\Handlers\FileHandler' driver.
INFO - 2023-05-10 08:44:30 --> Session: Class initialized using 'CodeIgniter\Session\Handlers\FileHandler' driver.
INFO - 2023-05-10 08:44:33 --> Session: Class initialized using 'CodeIgniter\Session\Handlers\FileHandler' driver.
INFO - 2023-05-10 08:44:34 --> Session: Class initialized using 'CodeIgniter\Session\Handlers\FileHandler' driver.
INFO - 2023-05-10 08:44:38 --> Session: Class initialized using 'CodeIgniter\Session\Handlers\FileHandler' driver.
INFO - 2023-05-10 08:44:42 --> Session: Class initialized using 'CodeIgniter\Session\Handlers\FileHandler' driver.
INFO - 2023-05-10 08:44:42 --> Session: Class initialized using 'CodeIgniter\Session\Handlers\FileHandler' driver.
INFO - 2023-05-10 08:44:46 --> Session: Class initialized using 'CodeIgniter\Session\Handlers\FileHandler' driver.
INFO - 2023-05-10 08:44:50 --> Session: Class initialized using 'CodeIgniter\Session\Handlers\FileHandler' driver.
INFO - 2023-05-10 08:44:52 --> Session: Class initialized using 'CodeIgniter\Session\Handlers\FileHandler' driver.
INFO - 2023-05-10 08:45:26 --> Session: Class initialized using 'CodeIgniter\Session\Handlers\FileHandler' driver.
INFO - 2023-05-10 08:45:40 --> Session: Class initialized using 'CodeIgniter\Session\Handlers\FileHandler' driver.
INFO - 2023-05-10 08:45:43 --> Session: Class initialized using 'CodeIgniter\Session\Handlers\FileHandler' driver.
INFO - 2023-05-10 08:45:45 --> Session: Class initialized using 'CodeIgniter\Session\Handlers\FileHandler' driver.
INFO - 2023-05-10 08:53:08 --> Session: Class initialized using 'CodeIgniter\Session\Handlers\FileHandler' driver.
INFO - 2023-05-10 08:53:18 --> Session: Class initialized using 'CodeIgniter\Session\Handlers\FileHandler' driver.
INFO - 2023-05-10 08:56:49 --> Session: Class initialized using 'CodeIgniter\Session\Handlers\FileHandler' driver.
INFO - 2023-05-10 08:58:25 --> Session: Class initialized using 'CodeIgniter\Session\Handlers\FileHandler' driver.
INFO - 2023-05-10 09:01:37 --> Session: Class initialized using 'CodeIgniter\Session\Handlers\FileHandler' driver.
INFO - 2023-05-10 09:02:02 --> Session: Class initialized using 'CodeIgniter\Session\Handlers\FileHandler' driver.
INFO - 2023-05-10 09:02:42 --> Session: Class initialized using 'CodeIgniter\Session\Handlers\FileHandler' driver.
INFO - 2023-05-10 09:03:42 --> Session: Class initialized using 'CodeIgniter\Session\Handlers\FileHandler' driver.
INFO - 2023-05-10 09:03:58 --> Session: Class initialized using 'CodeIgniter\Session\Handlers\FileHandler' driver.
INFO - 2023-05-10 09:08:39 --> Session: Class initialized using 'CodeIgniter\Session\Handlers\FileHandler' driver.
INFO - 2023-05-10 09:10:31 --> Session: Class initialized using 'CodeIgniter\Session\Handlers\FileHandler' driver.
INFO - 2023-05-10 09:26:10 --> Session: Class initialized using 'CodeIgniter\Session\Handlers\FileHandler' driver.
INFO - 2023-05-10 09:26:10 --> Session: Class initialized using 'CodeIgniter\Session\Handlers\FileHandler' driver.
INFO - 2023-05-10 09:26:21 --> Session: Class initialized using 'CodeIgniter\Session\Handlers\FileHandler' driver.
INFO - 2023-05-10 09:26:28 --> Session: Class initialized using 'CodeIgniter\Session\Handlers\FileHandler' driver.
CRITICAL - 2023-05-10 09:26:28 --> Undefined variable $divisionlist
in APPPATH\Views\Admin\userAddEdit.php on line 76.
 1 APPPATH\Views\Admin\userAddEdit.php(76): CodeIgniter\Debug\Exceptions->errorHandler(2, 'Undefined variable $divisionlist', 'APPPATH\\Views\\Admin\\userAddEdit.php', 76)
 2 SYSTEMPATH\View\View.php(213): include('APPPATH\\Views\\Admin\\userAddEdit.php')
 3 SYSTEMPATH\View\View.php(216): CodeIgniter\View\View->CodeIgniter\View\{closure}()
 4 SYSTEMPATH\Common.php(1184): CodeIgniter\View\View->render('admin/userAddEdit', [], true)
 5 APPPATH\Controllers\Admin\User.php(97): view('admin/userAddEdit', [...])
 6 SYSTEMPATH\CodeIgniter.php(934): App\Controllers\Admin\User->create()
 7 SYSTEMPATH\CodeIgniter.php(499): CodeIgniter\CodeIgniter->runController(Object(App\Controllers\Admin\User))
 8 SYSTEMPATH\CodeIgniter.php(368): CodeIgniter\CodeIgniter->handleRequest(null, Object(Config\Cache), false)
 9 FCPATH\index.php(67): CodeIgniter\CodeIgniter->run()
INFO - 2023-05-10 09:26:51 --> Session: Class initialized using 'CodeIgniter\Session\Handlers\FileHandler' driver.
INFO - 2023-05-10 09:28:03 --> Session: Class initialized using 'CodeIgniter\Session\Handlers\FileHandler' driver.
INFO - 2023-05-10 09:28:57 --> Session: Class initialized using 'CodeIgniter\Session\Handlers\FileHandler' driver.
INFO - 2023-05-10 09:29:13 --> Session: Class initialized using 'CodeIgniter\Session\Handlers\FileHandler' driver.
INFO - 2023-05-10 09:34:20 --> Session: Class initialized using 'CodeIgniter\Session\Handlers\FileHandler' driver.
CRITICAL - 2023-05-10 09:34:20 --> Undefined variable $divisionlist
in APPPATH\Views\Admin\userAddEdit.php on line 76.
 1 APPPATH\Views\Admin\userAddEdit.php(76): CodeIgniter\Debug\Exceptions->errorHandler(2, 'Undefined variable $divisionlist', 'APPPATH\\Views\\Admin\\userAddEdit.php', 76)
 2 SYSTEMPATH\View\View.php(213): include('APPPATH\\Views\\Admin\\userAddEdit.php')
 3 SYSTEMPATH\View\View.php(216): CodeIgniter\View\View->CodeIgniter\View\{closure}()
 4 SYSTEMPATH\Common.php(1184): CodeIgniter\View\View->render('admin/userAddEdit', [], true)
 5 APPPATH\Controllers\Admin\User.php(97): view('admin/userAddEdit', [...])
 6 SYSTEMPATH\CodeIgniter.php(934): App\Controllers\Admin\User->create()
 7 SYSTEMPATH\CodeIgniter.php(499): CodeIgniter\CodeIgniter->runController(Object(App\Controllers\Admin\User))
 8 SYSTEMPATH\CodeIgniter.php(368): CodeIgniter\CodeIgniter->handleRequest(null, Object(Config\Cache), false)
 9 FCPATH\index.php(67): CodeIgniter\CodeIgniter->run()
INFO - 2023-05-10 09:34:27 --> Session: Class initialized using 'CodeIgniter\Session\Handlers\FileHandler' driver.
INFO - 2023-05-10 09:35:48 --> Session: Class initialized using 'CodeIgniter\Session\Handlers\FileHandler' driver.
INFO - 2023-05-10 09:36:32 --> Session: Class initialized using 'CodeIgniter\Session\Handlers\FileHandler' driver.
INFO - 2023-05-10 09:37:19 --> Session: Class initialized using 'CodeIgniter\Session\Handlers\FileHandler' driver.
INFO - 2023-05-10 09:38:12 --> Session: Class initialized using 'CodeIgniter\Session\Handlers\FileHandler' driver.
INFO - 2023-05-10 09:39:04 --> Session: Class initialized using 'CodeIgniter\Session\Handlers\FileHandler' driver.
INFO - 2023-05-10 09:39:23 --> Session: Class initialized using 'CodeIgniter\Session\Handlers\FileHandler' driver.
INFO - 2023-05-10 09:39:24 --> Session: Class initialized using 'CodeIgniter\Session\Handlers\FileHandler' driver.
INFO - 2023-05-10 09:41:02 --> Session: Class initialized using 'CodeIgniter\Session\Handlers\FileHandler' driver.
CRITICAL - 2023-05-10 09:41:02 --> Undefined variable $divisionlist
in APPPATH\Views\Admin\userAddEdit.php on line 76.
 1 APPPATH\Views\Admin\userAddEdit.php(76): CodeIgniter\Debug\Exceptions->errorHandler(2, 'Undefined variable $divisionlist', 'APPPATH\\Views\\Admin\\userAddEdit.php', 76)
 2 SYSTEMPATH\View\View.php(213): include('APPPATH\\Views\\Admin\\userAddEdit.php')
 3 SYSTEMPATH\View\View.php(216): CodeIgniter\View\View->CodeIgniter\View\{closure}()
 4 SYSTEMPATH\Common.php(1184): CodeIgniter\View\View->render('admin/userAddEdit', [], true)
 5 APPPATH\Controllers\Admin\User.php(47): view('admin/userAddEdit', [...])
 6 SYSTEMPATH\CodeIgniter.php(934): App\Controllers\Admin\User->edit('test@iub.edu.bd')
 7 SYSTEMPATH\CodeIgniter.php(499): CodeIgniter\CodeIgniter->runController(Object(App\Controllers\Admin\User))
 8 SYSTEMPATH\CodeIgniter.php(368): CodeIgniter\CodeIgniter->handleRequest(null, Object(Config\Cache), false)
 9 FCPATH\index.php(67): CodeIgniter\CodeIgniter->run()
INFO - 2023-05-10 09:41:49 --> Session: Class initialized using 'CodeIgniter\Session\Handlers\FileHandler' driver.
INFO - 2023-05-10 09:43:42 --> Session: Class initialized using 'CodeIgniter\Session\Handlers\FileHandler' driver.
INFO - 2023-05-10 09:49:18 --> Session: Class initialized using 'CodeIgniter\Session\Handlers\FileHandler' driver.
INFO - 2023-05-10 10:00:52 --> Session: Class initialized using 'CodeIgniter\Session\Handlers\FileHandler' driver.
CRITICAL - 2023-05-10 10:00:52 --> Undefined property: stdClass::$division_name
in APPPATH\Views\Admin\user.php on line 41.
 1 APPPATH\Views\Admin\user.php(41): CodeIgniter\Debug\Exceptions->errorHandler(2, 'Undefined property: stdClass::$division_name', 'APPPATH\\Views\\Admin\\user.php', 41)
 2 SYSTEMPATH\View\View.php(213): include('APPPATH\\Views\\Admin\\user.php')
 3 SYSTEMPATH\View\View.php(216): CodeIgniter\View\View->CodeIgniter\View\{closure}()
 4 SYSTEMPATH\Common.php(1184): CodeIgniter\View\View->render('admin/user', [], true)
 5 APPPATH\Controllers\Admin\User.php(14): view('admin/user', [...])
 6 SYSTEMPATH\CodeIgniter.php(934): App\Controllers\Admin\User->index()
 7 SYSTEMPATH\CodeIgniter.php(499): CodeIgniter\CodeIgniter->runController(Object(App\Controllers\Admin\User))
 8 SYSTEMPATH\CodeIgniter.php(368): CodeIgniter\CodeIgniter->handleRequest(null, Object(Config\Cache), false)
 9 FCPATH\index.php(67): CodeIgniter\CodeIgniter->run()
INFO - 2023-05-10 10:01:47 --> Session: Class initialized using 'CodeIgniter\Session\Handlers\FileHandler' driver.
CRITICAL - 2023-05-10 10:01:47 --> Undefined property: stdClass::$user_type
in APPPATH\Views\Admin\user.php on line 43.
 1 APPPATH\Views\Admin\user.php(43): CodeIgniter\Debug\Exceptions->errorHandler(2, 'Undefined property: stdClass::$user_type', 'APPPATH\\Views\\Admin\\user.php', 43)
 2 SYSTEMPATH\View\View.php(213): include('APPPATH\\Views\\Admin\\user.php')
 3 SYSTEMPATH\View\View.php(216): CodeIgniter\View\View->CodeIgniter\View\{closure}()
 4 SYSTEMPATH\Common.php(1184): CodeIgniter\View\View->render('admin/user', [], true)
 5 APPPATH\Controllers\Admin\User.php(14): view('admin/user', [...])
 6 SYSTEMPATH\CodeIgniter.php(934): App\Controllers\Admin\User->index()
 7 SYSTEMPATH\CodeIgniter.php(499): CodeIgniter\CodeIgniter->runController(Object(App\Controllers\Admin\User))
 8 SYSTEMPATH\CodeIgniter.php(368): CodeIgniter\CodeIgniter->handleRequest(null, Object(Config\Cache), false)
 9 FCPATH\index.php(67): CodeIgniter\CodeIgniter->run()
INFO - 2023-05-10 10:02:16 --> Session: Class initialized using 'CodeIgniter\Session\Handlers\FileHandler' driver.
CRITICAL - 2023-05-10 10:02:16 --> Undefined property: stdClass::$maker_id
in APPPATH\Views\Admin\user.php on line 44.
 1 APPPATH\Views\Admin\user.php(44): CodeIgniter\Debug\Exceptions->errorHandler(2, 'Undefined property: stdClass::$maker_id', 'APPPATH\\Views\\Admin\\user.php', 44)
 2 SYSTEMPATH\View\View.php(213): include('APPPATH\\Views\\Admin\\user.php')
 3 SYSTEMPATH\View\View.php(216): CodeIgniter\View\View->CodeIgniter\View\{closure}()
 4 SYSTEMPATH\Common.php(1184): CodeIgniter\View\View->render('admin/user', [], true)
 5 APPPATH\Controllers\Admin\User.php(14): view('admin/user', [...])
 6 SYSTEMPATH\CodeIgniter.php(934): App\Controllers\Admin\User->index()
 7 SYSTEMPATH\CodeIgniter.php(499): CodeIgniter\CodeIgniter->runController(Object(App\Controllers\Admin\User))
 8 SYSTEMPATH\CodeIgniter.php(368): CodeIgniter\CodeIgniter->handleRequest(null, Object(Config\Cache), false)
 9 FCPATH\index.php(67): CodeIgniter\CodeIgniter->run()
INFO - 2023-05-10 10:02:49 --> Session: Class initialized using 'CodeIgniter\Session\Handlers\FileHandler' driver.
ERROR - 2023-05-10 10:02:49 --> mysqli_sql_exception: Unknown column 'pi.make_id' in 'field list' in C:\xampp\htdocs\prism\system\Database\MySQLi\Connection.php:295
Stack trace:
#0 C:\xampp\htdocs\prism\system\Database\MySQLi\Connection.php(295): mysqli->query('SELECT pi.name,...', 0)
#1 C:\xampp\htdocs\prism\system\Database\BaseConnection.php(691): CodeIgniter\Database\MySQLi\Connection->execute('SELECT pi.name,...')
#2 C:\xampp\htdocs\prism\system\Database\BaseConnection.php(605): CodeIgniter\Database\BaseConnection->simpleQuery('SELECT pi.name,...')
#3 C:\xampp\htdocs\prism\app\Models\UserInfoModel.php(110): CodeIgniter\Database\BaseConnection->query('SELECT pi.name,...')
#4 C:\xampp\htdocs\prism\app\Controllers\Admin\User.php(12): App\Models\UserInfoModel->get()
#5 C:\xampp\htdocs\prism\system\CodeIgniter.php(934): App\Controllers\Admin\User->index()
#6 C:\xampp\htdocs\prism\system\CodeIgniter.php(499): CodeIgniter\CodeIgniter->runController(Object(App\Controllers\Admin\User))
#7 C:\xampp\htdocs\prism\system\CodeIgniter.php(368): CodeIgniter\CodeIgniter->handleRequest(NULL, Object(Config\Cache), false)
#8 C:\xampp\htdocs\prism\public\index.php(67): CodeIgniter\CodeIgniter->run()
#9 {main}
CRITICAL - 2023-05-10 10:02:49 --> Unknown column 'pi.make_id' in 'field list'
in SYSTEMPATH\Database\BaseConnection.php on line 645.
 1 APPPATH\Models\UserInfoModel.php(110): CodeIgniter\Database\BaseConnection->query('SELECT pi.name,pi.title,pi.email, pi.phone, pi.nid, pi.address, pi.dob, pi.gender, pi.occupation,pi.division,pi.user_type,pi.make_id,pi.action_date, pi.district,
                            pi.division , lsc.look_up_name AS division_name
                            FROM tbl_user_info as pi
                            INNER JOIN tbl_look_up AS lsc ON pi.division = lsc.look_up_id')
 2 APPPATH\Controllers\Admin\User.php(12): App\Models\UserInfoModel->get()
 3 SYSTEMPATH\CodeIgniter.php(934): App\Controllers\Admin\User->index()
 4 SYSTEMPATH\CodeIgniter.php(499): CodeIgniter\CodeIgniter->runController(Object(App\Controllers\Admin\User))
 5 SYSTEMPATH\CodeIgniter.php(368): CodeIgniter\CodeIgniter->handleRequest(null, Object(Config\Cache), false)
 6 FCPATH\index.php(67): CodeIgniter\CodeIgniter->run()
INFO - 2023-05-10 10:03:04 --> Session: Class initialized using 'CodeIgniter\Session\Handlers\FileHandler' driver.
INFO - 2023-05-10 10:03:19 --> Session: Class initialized using 'CodeIgniter\Session\Handlers\FileHandler' driver.
INFO - 2023-05-10 10:08:35 --> Session: Class initialized using 'CodeIgniter\Session\Handlers\FileHandler' driver.
INFO - 2023-05-10 10:17:20 --> Session: Class initialized using 'CodeIgniter\Session\Handlers\FileHandler' driver.
INFO - 2023-05-10 10:17:45 --> Session: Class initialized using 'CodeIgniter\Session\Handlers\FileHandler' driver.
INFO - 2023-05-10 10:18:04 --> Session: Class initialized using 'CodeIgniter\Session\Handlers\FileHandler' driver.
INFO - 2023-05-10 10:18:05 --> Session: Class initialized using 'CodeIgniter\Session\Handlers\FileHandler' driver.
INFO - 2023-05-10 10:18:50 --> Session: Class initialized using 'CodeIgniter\Session\Handlers\FileHandler' driver.
INFO - 2023-05-10 10:18:50 --> Session: Class initialized using 'CodeIgniter\Session\Handlers\FileHandler' driver.
INFO - 2023-05-10 10:22:44 --> Session: Class initialized using 'CodeIgniter\Session\Handlers\FileHandler' driver.
INFO - 2023-05-10 10:22:44 --> Session: Class initialized using 'CodeIgniter\Session\Handlers\FileHandler' driver.
INFO - 2023-05-10 10:22:47 --> Session: Class initialized using 'CodeIgniter\Session\Handlers\FileHandler' driver.
INFO - 2023-05-10 10:22:53 --> Session: Class initialized using 'CodeIgniter\Session\Handlers\FileHandler' driver.
INFO - 2023-05-10 10:22:53 --> Session: Class initialized using 'CodeIgniter\Session\Handlers\FileHandler' driver.
INFO - 2023-05-10 10:22:58 --> Session: Class initialized using 'CodeIgniter\Session\Handlers\FileHandler' driver.
INFO - 2023-05-10 10:24:10 --> Session: Class initialized using 'CodeIgniter\Session\Handlers\FileHandler' driver.
INFO - 2023-05-10 10:24:30 --> Session: Class initialized using 'CodeIgniter\Session\Handlers\FileHandler' driver.
INFO - 2023-05-10 10:26:12 --> Session: Class initialized using 'CodeIgniter\Session\Handlers\FileHandler' driver.
INFO - 2023-05-10 10:26:28 --> Session: Class initialized using 'CodeIgniter\Session\Handlers\FileHandler' driver.
INFO - 2023-05-10 10:29:10 --> Session: Class initialized using 'CodeIgniter\Session\Handlers\FileHandler' driver.
INFO - 2023-05-10 10:29:10 --> Session: Class initialized using 'CodeIgniter\Session\Handlers\FileHandler' driver.
INFO - 2023-05-10 10:29:26 --> Session: Class initialized using 'CodeIgniter\Session\Handlers\FileHandler' driver.
INFO - 2023-05-10 10:29:48 --> Session: Class initialized using 'CodeIgniter\Session\Handlers\FileHandler' driver.
INFO - 2023-05-10 10:29:50 --> Session: Class initialized using 'CodeIgniter\Session\Handlers\FileHandler' driver.
INFO - 2023-05-10 10:29:51 --> Session: Class initialized using 'CodeIgniter\Session\Handlers\FileHandler' driver.
INFO - 2023-05-10 10:29:58 --> Session: Class initialized using 'CodeIgniter\Session\Handlers\FileHandler' driver.
INFO - 2023-05-10 10:30:38 --> Session: Class initialized using 'CodeIgniter\Session\Handlers\FileHandler' driver.
CRITICAL - 2023-05-10 10:30:39 --> Undefined variable $divisionlist
in APPPATH\Views\prism\userprofile.php on line 77.
 1 APPPATH\Views\prism\userprofile.php(77): CodeIgniter\Debug\Exceptions->errorHandler(2, 'Undefined variable $divisionlist', 'APPPATH\\Views\\prism\\userprofile.php', 77)
 2 SYSTEMPATH\View\View.php(213): include('APPPATH\\Views\\prism\\userprofile.php')
 3 SYSTEMPATH\View\View.php(216): CodeIgniter\View\View->CodeIgniter\View\{closure}()
 4 SYSTEMPATH\Common.php(1184): CodeIgniter\View\View->render('prism/userprofile', [], true)
 5 APPPATH\Controllers\User\HomeAL.php(257): view('prism/userprofile', [...])
 6 SYSTEMPATH\CodeIgniter.php(934): App\Controllers\User\HomeAL->userprofileupdate()
 7 SYSTEMPATH\CodeIgniter.php(499): CodeIgniter\CodeIgniter->runController(Object(App\Controllers\User\HomeAL))
 8 SYSTEMPATH\CodeIgniter.php(368): CodeIgniter\CodeIgniter->handleRequest(null, Object(Config\Cache), false)
 9 FCPATH\index.php(67): CodeIgniter\CodeIgniter->run()
INFO - 2023-05-10 10:31:21 --> Session: Class initialized using 'CodeIgniter\Session\Handlers\FileHandler' driver.
INFO - 2023-05-10 10:31:33 --> Session: Class initialized using 'CodeIgniter\Session\Handlers\FileHandler' driver.
INFO - 2023-05-10 10:33:13 --> Session: Class initialized using 'CodeIgniter\Session\Handlers\FileHandler' driver.
INFO - 2023-05-10 10:33:25 --> Session: Class initialized using 'CodeIgniter\Session\Handlers\FileHandler' driver.
INFO - 2023-05-10 10:34:15 --> Session: Class initialized using 'CodeIgniter\Session\Handlers\FileHandler' driver.
INFO - 2023-05-10 10:34:19 --> Session: Class initialized using 'CodeIgniter\Session\Handlers\FileHandler' driver.
INFO - 2023-05-10 10:34:28 --> Session: Class initialized using 'CodeIgniter\Session\Handlers\FileHandler' driver.
INFO - 2023-05-10 10:35:03 --> Session: Class initialized using 'CodeIgniter\Session\Handlers\FileHandler' driver.
INFO - 2023-05-10 10:36:01 --> Session: Class initialized using 'CodeIgniter\Session\Handlers\FileHandler' driver.
INFO - 2023-05-10 10:36:05 --> Session: Class initialized using 'CodeIgniter\Session\Handlers\FileHandler' driver.
INFO - 2023-05-10 10:36:29 --> Session: Class initialized using 'CodeIgniter\Session\Handlers\FileHandler' driver.
INFO - 2023-05-10 10:41:07 --> Session: Class initialized using 'CodeIgniter\Session\Handlers\FileHandler' driver.
INFO - 2023-05-10 10:41:23 --> Session: Class initialized using 'CodeIgniter\Session\Handlers\FileHandler' driver.
INFO - 2023-05-10 10:41:27 --> Session: Class initialized using 'CodeIgniter\Session\Handlers\FileHandler' driver.
INFO - 2023-05-10 10:41:48 --> Session: Class initialized using 'CodeIgniter\Session\Handlers\FileHandler' driver.
INFO - 2023-05-10 10:41:56 --> Session: Class initialized using 'CodeIgniter\Session\Handlers\FileHandler' driver.
INFO - 2023-05-10 10:41:56 --> Session: Class initialized using 'CodeIgniter\Session\Handlers\FileHandler' driver.
INFO - 2023-05-10 10:46:39 --> Session: Class initialized using 'CodeIgniter\Session\Handlers\FileHandler' driver.
INFO - 2023-05-10 10:46:44 --> Session: Class initialized using 'CodeIgniter\Session\Handlers\FileHandler' driver.
INFO - 2023-05-10 10:46:44 --> Session: Class initialized using 'CodeIgniter\Session\Handlers\FileHandler' driver.
INFO - 2023-05-10 10:46:49 --> Session: Class initialized using 'CodeIgniter\Session\Handlers\FileHandler' driver.
INFO - 2023-05-10 10:46:53 --> Session: Class initialized using 'CodeIgniter\Session\Handlers\FileHandler' driver.
INFO - 2023-05-10 10:47:01 --> Session: Class initialized using 'CodeIgniter\Session\Handlers\FileHandler' driver.
INFO - 2023-05-10 10:47:08 --> Session: Class initialized using 'CodeIgniter\Session\Handlers\FileHandler' driver.
INFO - 2023-05-10 10:47:32 --> Session: Class initialized using 'CodeIgniter\Session\Handlers\FileHandler' driver.
INFO - 2023-05-10 10:47:33 --> Session: Class initialized using 'CodeIgniter\Session\Handlers\FileHandler' driver.
INFO - 2023-05-10 10:48:12 --> Session: Class initialized using 'CodeIgniter\Session\Handlers\FileHandler' driver.
INFO - 2023-05-10 10:50:23 --> Session: Class initialized using 'CodeIgniter\Session\Handlers\FileHandler' driver.
INFO - 2023-05-10 10:50:27 --> Session: Class initialized using 'CodeIgniter\Session\Handlers\FileHandler' driver.
INFO - 2023-05-10 10:50:33 --> Session: Class initialized using 'CodeIgniter\Session\Handlers\FileHandler' driver.
INFO - 2023-05-10 10:50:33 --> Session: Class initialized using 'CodeIgniter\Session\Handlers\FileHandler' driver.
INFO - 2023-05-10 10:51:01 --> Session: Class initialized using 'CodeIgniter\Session\Handlers\FileHandler' driver.
INFO - 2023-05-10 10:51:01 --> Session: Class initialized using 'CodeIgniter\Session\Handlers\FileHandler' driver.
INFO - 2023-05-10 10:51:10 --> Session: Class initialized using 'CodeIgniter\Session\Handlers\FileHandler' driver.
INFO - 2023-05-10 10:52:12 --> Session: Class initialized using 'CodeIgniter\Session\Handlers\FileHandler' driver.
INFO - 2023-05-10 10:52:33 --> Session: Class initialized using 'CodeIgniter\Session\Handlers\FileHandler' driver.
INFO - 2023-05-10 10:52:33 --> Session: Class initialized using 'CodeIgniter\Session\Handlers\FileHandler' driver.
INFO - 2023-05-10 10:52:41 --> Session: Class initialized using 'CodeIgniter\Session\Handlers\FileHandler' driver.
INFO - 2023-05-10 10:52:53 --> Session: Class initialized using 'CodeIgniter\Session\Handlers\FileHandler' driver.
INFO - 2023-05-10 10:52:53 --> Session: Class initialized using 'CodeIgniter\Session\Handlers\FileHandler' driver.
INFO - 2023-05-10 10:52:55 --> Session: Class initialized using 'CodeIgniter\Session\Handlers\FileHandler' driver.
INFO - 2023-05-10 10:53:20 --> Session: Class initialized using 'CodeIgniter\Session\Handlers\FileHandler' driver.
INFO - 2023-05-10 10:53:20 --> Session: Class initialized using 'CodeIgniter\Session\Handlers\FileHandler' driver.
INFO - 2023-05-10 10:53:28 --> Session: Class initialized using 'CodeIgniter\Session\Handlers\FileHandler' driver.
INFO - 2023-05-10 10:53:50 --> Session: Class initialized using 'CodeIgniter\Session\Handlers\FileHandler' driver.
INFO - 2023-05-10 10:53:50 --> Session: Class initialized using 'CodeIgniter\Session\Handlers\FileHandler' driver.
INFO - 2023-05-10 10:54:35 --> Session: Class initialized using 'CodeIgniter\Session\Handlers\FileHandler' driver.
INFO - 2023-05-10 10:54:50 --> Session: Class initialized using 'CodeIgniter\Session\Handlers\FileHandler' driver.
INFO - 2023-05-10 10:54:50 --> Session: Class initialized using 'CodeIgniter\Session\Handlers\FileHandler' driver.
INFO - 2023-05-10 10:54:58 --> Session: Class initialized using 'CodeIgniter\Session\Handlers\FileHandler' driver.
INFO - 2023-05-10 10:55:38 --> Session: Class initialized using 'CodeIgniter\Session\Handlers\FileHandler' driver.
INFO - 2023-05-10 10:55:39 --> Session: Class initialized using 'CodeIgniter\Session\Handlers\FileHandler' driver.
