CRITICAL - 2023-03-21 08:07:01 --> syntax error, unexpected variable "$db", expecting "function" or "const"
in APPPATH\Models\LookTypeModel.php on line 10.
 1 SYSTEMPATH\Autoloader\Autoloader.php(289): CodeIgniter\Autoloader\Autoloader->includeFile('APPPATH\\Models\\LookTypeModel.php')
 2 SYSTEMPATH\Autoloader\Autoloader.php(267): CodeIgniter\Autoloader\Autoloader->loadInNamespace('App\\Models\\LookTypeModel')
 3 APPPATH\Controllers\Home.php(9): CodeIgniter\Autoloader\Autoloader->loadClass('App\\Models\\LookTypeModel')
 4 SYSTEMPATH\CodeIgniter.php(934): App\Controllers\Home->index()
 5 SYSTEMPATH\CodeIgniter.php(499): CodeIgniter\CodeIgniter->runController(Object(App\Controllers\Home))
 6 SYSTEMPATH\CodeIgniter.php(368): CodeIgniter\CodeIgniter->handleRequest(null, Object(Config\Cache), false)
 7 FCPATH\index.php(67): CodeIgniter\CodeIgniter->run()
CRITICAL - 2023-03-21 08:08:06 --> Declaration of App\Models\LookTypeModel::update() must be compatible with CodeIgniter\Model::update($id = null, $data = null): bool
in APPPATH\Models\LookTypeModel.php on line 34.
 1 [internal function]: CodeIgniter\Debug\Exceptions->shutdownHandler()
CRITICAL - 2023-03-21 08:08:51 --> Declaration of App\Models\LookTypeModel::delete() must be compatible with CodeIgniter\BaseModel::delete($id = null, bool $purge = false)
in APPPATH\Models\LookTypeModel.php on line 30.
 1 [internal function]: CodeIgniter\Debug\Exceptions->shutdownHandler()
CRITICAL - 2023-03-21 08:09:33 --> Undefined variable $db
in APPPATH\Models\LookTypeModel.php on line 19.
 1 APPPATH\Models\LookTypeModel.php(19): CodeIgniter\Debug\Exceptions->errorHandler(2, 'Undefined variable $db', 'APPPATH\\Models\\LookTypeModel.php', 19)
 2 APPPATH\Controllers\Home.php(10): App\Models\LookTypeModel->add('PropertyType')
 3 SYSTEMPATH\CodeIgniter.php(934): App\Controllers\Home->index()
 4 SYSTEMPATH\CodeIgniter.php(499): CodeIgniter\CodeIgniter->runController(Object(App\Controllers\Home))
 5 SYSTEMPATH\CodeIgniter.php(368): CodeIgniter\CodeIgniter->handleRequest(null, Object(Config\Cache), false)
 6 FCPATH\index.php(67): CodeIgniter\CodeIgniter->run()
ERROR - 2023-03-21 08:10:32 --> mysqli_sql_exception: Unknown column 'PropertyType' in 'field list' in C:\xampp\htdocs\prism\system\Database\MySQLi\Connection.php:295
Stack trace:
#0 C:\xampp\htdocs\prism\system\Database\MySQLi\Connection.php(295): mysqli->query('INSERT INTO `pr...', 0)
#1 C:\xampp\htdocs\prism\system\Database\BaseConnection.php(691): CodeIgniter\Database\MySQLi\Connection->execute('INSERT INTO `pr...')
#2 C:\xampp\htdocs\prism\system\Database\BaseConnection.php(605): CodeIgniter\Database\BaseConnection->simpleQuery('INSERT INTO `pr...')
#3 C:\xampp\htdocs\prism\app\Models\LookTypeModel.php(27): CodeIgniter\Database\BaseConnection->query('INSERT INTO `pr...')
#4 C:\xampp\htdocs\prism\app\Controllers\Home.php(10): App\Models\LookTypeModel->add('PropertyType')
#5 C:\xampp\htdocs\prism\system\CodeIgniter.php(934): App\Controllers\Home->index()
#6 C:\xampp\htdocs\prism\system\CodeIgniter.php(499): CodeIgniter\CodeIgniter->runController(Object(App\Controllers\Home))
#7 C:\xampp\htdocs\prism\system\CodeIgniter.php(368): CodeIgniter\CodeIgniter->handleRequest(NULL, Object(Config\Cache), false)
#8 C:\xampp\htdocs\prism\public\index.php(67): CodeIgniter\CodeIgniter->run()
#9 {main}
CRITICAL - 2023-03-21 08:10:32 --> Unknown column 'PropertyType' in 'field list'
in SYSTEMPATH\Database\BaseConnection.php on line 645.
 1 APPPATH\Models\LookTypeModel.php(27): CodeIgniter\Database\BaseConnection->query('INSERT INTO `prism`.`tbl_look_type`(`maker_id`, `auth_id`, `action_type`, `action_date`, `look_type_id`, `look_type_name`)
                            VALUES (1,null,\'insert\',CURDATE(),1, PropertyType)')
 2 APPPATH\Controllers\Home.php(10): App\Models\LookTypeModel->add('PropertyType')
 3 SYSTEMPATH\CodeIgniter.php(934): App\Controllers\Home->index()
 4 SYSTEMPATH\CodeIgniter.php(499): CodeIgniter\CodeIgniter->runController(Object(App\Controllers\Home))
 5 SYSTEMPATH\CodeIgniter.php(368): CodeIgniter\CodeIgniter->handleRequest(null, Object(Config\Cache), false)
 6 FCPATH\index.php(67): CodeIgniter\CodeIgniter->run()
ERROR - 2023-03-21 08:11:45 --> mysqli_sql_exception: Cannot add or update a child row: a foreign key constraint fails (`prism`.`tbl_look_type`, CONSTRAINT `tbl_looktype_userinfo_fk` FOREIGN KEY (`maker_id`) REFERENCES `tbl_user_info` (`email`)) in C:\xampp\htdocs\prism\system\Database\MySQLi\Connection.php:295
Stack trace:
#0 C:\xampp\htdocs\prism\system\Database\MySQLi\Connection.php(295): mysqli->query('INSERT INTO `pr...', 0)
#1 C:\xampp\htdocs\prism\system\Database\BaseConnection.php(691): CodeIgniter\Database\MySQLi\Connection->execute('INSERT INTO `pr...')
#2 C:\xampp\htdocs\prism\system\Database\BaseConnection.php(605): CodeIgniter\Database\BaseConnection->simpleQuery('INSERT INTO `pr...')
#3 C:\xampp\htdocs\prism\app\Models\LookTypeModel.php(27): CodeIgniter\Database\BaseConnection->query('INSERT INTO `pr...')
#4 C:\xampp\htdocs\prism\app\Controllers\Home.php(10): App\Models\LookTypeModel->add('PropertyType')
#5 C:\xampp\htdocs\prism\system\CodeIgniter.php(934): App\Controllers\Home->index()
#6 C:\xampp\htdocs\prism\system\CodeIgniter.php(499): CodeIgniter\CodeIgniter->runController(Object(App\Controllers\Home))
#7 C:\xampp\htdocs\prism\system\CodeIgniter.php(368): CodeIgniter\CodeIgniter->handleRequest(NULL, Object(Config\Cache), false)
#8 C:\xampp\htdocs\prism\public\index.php(67): CodeIgniter\CodeIgniter->run()
#9 {main}
CRITICAL - 2023-03-21 08:11:45 --> Cannot add or update a child row: a foreign key constraint fails (`prism`.`tbl_look_type`, CONSTRAINT `tbl_looktype_userinfo_fk` FOREIGN KEY (`maker_id`) REFERENCES `tbl_user_info` (`email`))
in SYSTEMPATH\Database\BaseConnection.php on line 645.
 1 APPPATH\Models\LookTypeModel.php(27): CodeIgniter\Database\BaseConnection->query('INSERT INTO `prism`.`tbl_look_type`(`maker_id`, `auth_id`, `action_type`, `action_date`, `look_type_id`, `look_type_name`)
                            VALUES (1,null,\'insert\',CURDATE(),1, \'PropertyType\')')
 2 APPPATH\Controllers\Home.php(10): App\Models\LookTypeModel->add('PropertyType')
 3 SYSTEMPATH\CodeIgniter.php(934): App\Controllers\Home->index()
 4 SYSTEMPATH\CodeIgniter.php(499): CodeIgniter\CodeIgniter->runController(Object(App\Controllers\Home))
 5 SYSTEMPATH\CodeIgniter.php(368): CodeIgniter\CodeIgniter->handleRequest(null, Object(Config\Cache), false)
 6 FCPATH\index.php(67): CodeIgniter\CodeIgniter->run()
ERROR - 2023-03-21 08:27:46 --> mysqli_sql_exception: Cannot add or update a child row: a foreign key constraint fails (`prism`.`tbl_look_type`, CONSTRAINT `tbl_looktype_userinfo_fk` FOREIGN KEY (`maker_id`) REFERENCES `tbl_user_info` (`email`)) in C:\xampp\htdocs\prism\system\Database\MySQLi\Connection.php:295
Stack trace:
#0 C:\xampp\htdocs\prism\system\Database\MySQLi\Connection.php(295): mysqli->query('INSERT INTO `pr...', 0)
#1 C:\xampp\htdocs\prism\system\Database\BaseConnection.php(691): CodeIgniter\Database\MySQLi\Connection->execute('INSERT INTO `pr...')
#2 C:\xampp\htdocs\prism\system\Database\BaseConnection.php(605): CodeIgniter\Database\BaseConnection->simpleQuery('INSERT INTO `pr...')
#3 C:\xampp\htdocs\prism\app\Models\LookTypeModel.php(27): CodeIgniter\Database\BaseConnection->query('INSERT INTO `pr...')
#4 C:\xampp\htdocs\prism\app\Controllers\Home.php(10): App\Models\LookTypeModel->add('PropertyType')
#5 C:\xampp\htdocs\prism\system\CodeIgniter.php(934): App\Controllers\Home->index()
#6 C:\xampp\htdocs\prism\system\CodeIgniter.php(499): CodeIgniter\CodeIgniter->runController(Object(App\Controllers\Home))
#7 C:\xampp\htdocs\prism\system\CodeIgniter.php(368): CodeIgniter\CodeIgniter->handleRequest(NULL, Object(Config\Cache), false)
#8 C:\xampp\htdocs\prism\public\index.php(67): CodeIgniter\CodeIgniter->run()
#9 {main}
CRITICAL - 2023-03-21 08:27:46 --> Cannot add or update a child row: a foreign key constraint fails (`prism`.`tbl_look_type`, CONSTRAINT `tbl_looktype_userinfo_fk` FOREIGN KEY (`maker_id`) REFERENCES `tbl_user_info` (`email`))
in SYSTEMPATH\Database\BaseConnection.php on line 645.
 1 APPPATH\Models\LookTypeModel.php(27): CodeIgniter\Database\BaseConnection->query('INSERT INTO `prism`.`tbl_look_type`(`maker_id`, `auth_id`, `action_type`, `action_date`, `look_type_id`, `look_type_name`)
                            VALUES (1,null,\'insert\',CURDATE(),1, \'PropertyType\')')
 2 APPPATH\Controllers\Home.php(10): App\Models\LookTypeModel->add('PropertyType')
 3 SYSTEMPATH\CodeIgniter.php(934): App\Controllers\Home->index()
 4 SYSTEMPATH\CodeIgniter.php(499): CodeIgniter\CodeIgniter->runController(Object(App\Controllers\Home))
 5 SYSTEMPATH\CodeIgniter.php(368): CodeIgniter\CodeIgniter->handleRequest(null, Object(Config\Cache), false)
 6 FCPATH\index.php(67): CodeIgniter\CodeIgniter->run()
CRITICAL - 2023-03-21 09:23:45 --> syntax error, unexpected token "=", expecting "," or ";"
in APPPATH\Views\prism\userdash.php on line 8.
 1 SYSTEMPATH\View\View.php(216): CodeIgniter\View\View->CodeIgniter\View\{closure}()
 2 SYSTEMPATH\Common.php(1184): CodeIgniter\View\View->render('prism/userdash', [], true)
 3 APPPATH\Controllers\Home.php(60): view('prism/userdash')
 4 SYSTEMPATH\CodeIgniter.php(934): App\Controllers\Home->userdash()
 5 SYSTEMPATH\CodeIgniter.php(499): CodeIgniter\CodeIgniter->runController(Object(App\Controllers\Home))
 6 SYSTEMPATH\CodeIgniter.php(368): CodeIgniter\CodeIgniter->handleRequest(null, Object(Config\Cache), false)
 7 FCPATH\index.php(67): CodeIgniter\CodeIgniter->run()
CRITICAL - 2023-03-21 09:24:40 --> syntax error, unexpected token "=", expecting "," or ";"
in APPPATH\Views\prism\userdash.php on line 8.
 1 SYSTEMPATH\View\View.php(216): CodeIgniter\View\View->CodeIgniter\View\{closure}()
 2 SYSTEMPATH\Common.php(1184): CodeIgniter\View\View->render('prism/userdash', [], true)
 3 APPPATH\Controllers\Home.php(60): view('prism/userdash')
 4 SYSTEMPATH\CodeIgniter.php(934): App\Controllers\Home->userdash()
 5 SYSTEMPATH\CodeIgniter.php(499): CodeIgniter\CodeIgniter->runController(Object(App\Controllers\Home))
 6 SYSTEMPATH\CodeIgniter.php(368): CodeIgniter\CodeIgniter->handleRequest(null, Object(Config\Cache), false)
 7 FCPATH\index.php(67): CodeIgniter\CodeIgniter->run()
CRITICAL - 2023-03-21 09:24:41 --> syntax error, unexpected token "=", expecting "," or ";"
in APPPATH\Views\prism\userdash.php on line 8.
 1 SYSTEMPATH\View\View.php(216): CodeIgniter\View\View->CodeIgniter\View\{closure}()
 2 SYSTEMPATH\Common.php(1184): CodeIgniter\View\View->render('prism/userdash', [], true)
 3 APPPATH\Controllers\Home.php(60): view('prism/userdash')
 4 SYSTEMPATH\CodeIgniter.php(934): App\Controllers\Home->userdash()
 5 SYSTEMPATH\CodeIgniter.php(499): CodeIgniter\CodeIgniter->runController(Object(App\Controllers\Home))
 6 SYSTEMPATH\CodeIgniter.php(368): CodeIgniter\CodeIgniter->handleRequest(null, Object(Config\Cache), false)
 7 FCPATH\index.php(67): CodeIgniter\CodeIgniter->run()
CRITICAL - 2023-03-21 09:24:54 --> syntax error, unexpected token "=", expecting "," or ";"
in APPPATH\Views\prism\userdash.php on line 8.
 1 SYSTEMPATH\View\View.php(216): CodeIgniter\View\View->CodeIgniter\View\{closure}()
 2 SYSTEMPATH\Common.php(1184): CodeIgniter\View\View->render('prism/userdash', [], true)
 3 APPPATH\Controllers\Home.php(60): view('prism/userdash')
 4 SYSTEMPATH\CodeIgniter.php(934): App\Controllers\Home->userdash()
 5 SYSTEMPATH\CodeIgniter.php(499): CodeIgniter\CodeIgniter->runController(Object(App\Controllers\Home))
 6 SYSTEMPATH\CodeIgniter.php(368): CodeIgniter\CodeIgniter->handleRequest(null, Object(Config\Cache), false)
 7 FCPATH\index.php(67): CodeIgniter\CodeIgniter->run()
CRITICAL - 2023-03-21 09:24:56 --> syntax error, unexpected token "=", expecting "," or ";"
in APPPATH\Views\prism\userdash.php on line 8.
 1 SYSTEMPATH\View\View.php(216): CodeIgniter\View\View->CodeIgniter\View\{closure}()
 2 SYSTEMPATH\Common.php(1184): CodeIgniter\View\View->render('prism/userdash', [], true)
 3 APPPATH\Controllers\Home.php(60): view('prism/userdash')
 4 SYSTEMPATH\CodeIgniter.php(934): App\Controllers\Home->userdash()
 5 SYSTEMPATH\CodeIgniter.php(499): CodeIgniter\CodeIgniter->runController(Object(App\Controllers\Home))
 6 SYSTEMPATH\CodeIgniter.php(368): CodeIgniter\CodeIgniter->handleRequest(null, Object(Config\Cache), false)
 7 FCPATH\index.php(67): CodeIgniter\CodeIgniter->run()
CRITICAL - 2023-03-21 10:58:44 --> syntax error, unexpected double-quoted string "','"
in APPPATH\Models\UserInfoModel.php on line 19.
 1 SYSTEMPATH\Autoloader\Autoloader.php(289): CodeIgniter\Autoloader\Autoloader->includeFile('APPPATH\\Models\\UserInfoModel.php')
 2 SYSTEMPATH\Autoloader\Autoloader.php(267): CodeIgniter\Autoloader\Autoloader->loadInNamespace('App\\Models\\UserInfoModel')
 3 APPPATH\Controllers\Home.php(12): CodeIgniter\Autoloader\Autoloader->loadClass('App\\Models\\UserInfoModel')
 4 SYSTEMPATH\CodeIgniter.php(934): App\Controllers\Home->index()
 5 SYSTEMPATH\CodeIgniter.php(499): CodeIgniter\CodeIgniter->runController(Object(App\Controllers\Home))
 6 SYSTEMPATH\CodeIgniter.php(368): CodeIgniter\CodeIgniter->handleRequest(null, Object(Config\Cache), false)
 7 FCPATH\index.php(67): CodeIgniter\CodeIgniter->run()
CRITICAL - 2023-03-21 11:00:20 --> syntax error, unexpected double-quoted string "','"
in APPPATH\Models\UserInfoModel.php on line 19.
 1 SYSTEMPATH\Autoloader\Autoloader.php(289): CodeIgniter\Autoloader\Autoloader->includeFile('APPPATH\\Models\\UserInfoModel.php')
 2 SYSTEMPATH\Autoloader\Autoloader.php(267): CodeIgniter\Autoloader\Autoloader->loadInNamespace('App\\Models\\UserInfoModel')
 3 APPPATH\Controllers\Home.php(12): CodeIgniter\Autoloader\Autoloader->loadClass('App\\Models\\UserInfoModel')
 4 SYSTEMPATH\CodeIgniter.php(934): App\Controllers\Home->index()
 5 SYSTEMPATH\CodeIgniter.php(499): CodeIgniter\CodeIgniter->runController(Object(App\Controllers\Home))
 6 SYSTEMPATH\CodeIgniter.php(368): CodeIgniter\CodeIgniter->handleRequest(null, Object(Config\Cache), false)
 7 FCPATH\index.php(67): CodeIgniter\CodeIgniter->run()
CRITICAL - 2023-03-21 11:06:20 --> syntax error, unexpected double-quoted string "','"
in APPPATH\Models\UserInfoModel.php on line 19.
 1 SYSTEMPATH\Autoloader\Autoloader.php(289): CodeIgniter\Autoloader\Autoloader->includeFile('APPPATH\\Models\\UserInfoModel.php')
 2 SYSTEMPATH\Autoloader\Autoloader.php(267): CodeIgniter\Autoloader\Autoloader->loadInNamespace('App\\Models\\UserInfoModel')
 3 APPPATH\Controllers\Home.php(12): CodeIgniter\Autoloader\Autoloader->loadClass('App\\Models\\UserInfoModel')
 4 SYSTEMPATH\CodeIgniter.php(934): App\Controllers\Home->index()
 5 SYSTEMPATH\CodeIgniter.php(499): CodeIgniter\CodeIgniter->runController(Object(App\Controllers\Home))
 6 SYSTEMPATH\CodeIgniter.php(368): CodeIgniter\CodeIgniter->handleRequest(null, Object(Config\Cache), false)
 7 FCPATH\index.php(67): CodeIgniter\CodeIgniter->run()
CRITICAL - 2023-03-21 11:06:58 --> Declaration of App\Models\UserInfoModel::update() must be compatible with CodeIgniter\Model::update($id = null, $data = null): bool
in APPPATH\Models\UserInfoModel.php on line 31.
 1 [internal function]: CodeIgniter\Debug\Exceptions->shutdownHandler()
