INFO - 2023-04-11 03:06:08 --> Session: Class initialized using 'CodeIgniter\Session\Handlers\FileHandler' driver.
CRITICAL - 2023-04-11 03:24:03 --> syntax error, unexpected token "<", expecting end of file
in APPPATH\Views\Admin\property.php on line 4.
 1 SYSTEMPATH\View\View.php(216): CodeIgniter\View\View->CodeIgniter\View\{closure}()
 2 SYSTEMPATH\Common.php(1184): CodeIgniter\View\View->render('admin/property', [], true)
 3 APPPATH\Controllers\Admin\Property.php(11): view('admin/property', [...])
 4 SYSTEMPATH\CodeIgniter.php(934): App\Controllers\Admin\Property->index()
 5 SYSTEMPATH\CodeIgniter.php(499): CodeIgniter\CodeIgniter->runController(Object(App\Controllers\Admin\Property))
 6 SYSTEMPATH\CodeIgniter.php(368): CodeIgniter\CodeIgniter->handleRequest(null, Object(Config\Cache), false)
 7 FCPATH\index.php(67): CodeIgniter\CodeIgniter->run()
CRITICAL - 2023-04-11 03:31:01 --> syntax error, unexpected token "if"
in APPPATH\Views\Admin\property.php on line 47.
 1 SYSTEMPATH\View\View.php(216): CodeIgniter\View\View->CodeIgniter\View\{closure}()
 2 SYSTEMPATH\Common.php(1184): CodeIgniter\View\View->render('admin/property', [], true)
 3 APPPATH\Controllers\Admin\Property.php(11): view('admin/property', [...])
 4 SYSTEMPATH\CodeIgniter.php(934): App\Controllers\Admin\Property->index()
 5 SYSTEMPATH\CodeIgniter.php(499): CodeIgniter\CodeIgniter->runController(Object(App\Controllers\Admin\Property))
 6 SYSTEMPATH\CodeIgniter.php(368): CodeIgniter\CodeIgniter->handleRequest(null, Object(Config\Cache), false)
 7 FCPATH\index.php(67): CodeIgniter\CodeIgniter->run()
CRITICAL - 2023-04-11 03:31:27 --> syntax error, unexpected token "if"
in APPPATH\Views\Admin\property.php on line 47.
 1 SYSTEMPATH\View\View.php(216): CodeIgniter\View\View->CodeIgniter\View\{closure}()
 2 SYSTEMPATH\Common.php(1184): CodeIgniter\View\View->render('admin/property', [], true)
 3 APPPATH\Controllers\Admin\Property.php(11): view('admin/property', [...])
 4 SYSTEMPATH\CodeIgniter.php(934): App\Controllers\Admin\Property->index()
 5 SYSTEMPATH\CodeIgniter.php(499): CodeIgniter\CodeIgniter->runController(Object(App\Controllers\Admin\Property))
 6 SYSTEMPATH\CodeIgniter.php(368): CodeIgniter\CodeIgniter->handleRequest(null, Object(Config\Cache), false)
 7 FCPATH\index.php(67): CodeIgniter\CodeIgniter->run()
CRITICAL - 2023-04-11 03:31:50 --> syntax error, unexpected token "if"
in APPPATH\Views\Admin\property.php on line 47.
 1 SYSTEMPATH\View\View.php(216): CodeIgniter\View\View->CodeIgniter\View\{closure}()
 2 SYSTEMPATH\Common.php(1184): CodeIgniter\View\View->render('admin/property', [], true)
 3 APPPATH\Controllers\Admin\Property.php(11): view('admin/property', [...])
 4 SYSTEMPATH\CodeIgniter.php(934): App\Controllers\Admin\Property->index()
 5 SYSTEMPATH\CodeIgniter.php(499): CodeIgniter\CodeIgniter->runController(Object(App\Controllers\Admin\Property))
 6 SYSTEMPATH\CodeIgniter.php(368): CodeIgniter\CodeIgniter->handleRequest(null, Object(Config\Cache), false)
 7 FCPATH\index.php(67): CodeIgniter\CodeIgniter->run()
INFO - 2023-04-11 04:10:29 --> Session: Class initialized using 'CodeIgniter\Session\Handlers\FileHandler' driver.
INFO - 2023-04-11 04:20:08 --> Session: Class initialized using 'CodeIgniter\Session\Handlers\FileHandler' driver.
INFO - 2023-04-11 04:23:04 --> Session: Class initialized using 'CodeIgniter\Session\Handlers\FileHandler' driver.
INFO - 2023-04-11 04:24:16 --> Session: Class initialized using 'CodeIgniter\Session\Handlers\FileHandler' driver.
CRITICAL - 2023-04-11 04:24:16 --> Too few arguments to function CodeIgniter\Controller::validate(), 0 passed in C:\xampp\htdocs\prism\app\Controllers\Admin\Careers.php on line 27 and at least 1 expected
in SYSTEMPATH\Controller.php on line 136.
 1 APPPATH\Controllers\Admin\Careers.php(27): CodeIgniter\Controller->validate()
 2 SYSTEMPATH\CodeIgniter.php(934): App\Controllers\Admin\Careers->create()
 3 SYSTEMPATH\CodeIgniter.php(499): CodeIgniter\CodeIgniter->runController(Object(App\Controllers\Admin\Careers))
 4 SYSTEMPATH\CodeIgniter.php(368): CodeIgniter\CodeIgniter->handleRequest(null, Object(Config\Cache), false)
 5 FCPATH\index.php(67): CodeIgniter\CodeIgniter->run()
INFO - 2023-04-11 04:25:20 --> Session: Class initialized using 'CodeIgniter\Session\Handlers\FileHandler' driver.
INFO - 2023-04-11 04:25:22 --> Session: Class initialized using 'CodeIgniter\Session\Handlers\FileHandler' driver.
CRITICAL - 2023-04-11 04:25:22 --> Object of class CodeIgniter\Session\Session could not be converted to string
in APPPATH\Controllers\Admin\Careers.php on line 26.
 1 SYSTEMPATH\CodeIgniter.php(934): App\Controllers\Admin\Careers->create()
 2 SYSTEMPATH\CodeIgniter.php(499): CodeIgniter\CodeIgniter->runController(Object(App\Controllers\Admin\Careers))
 3 SYSTEMPATH\CodeIgniter.php(368): CodeIgniter\CodeIgniter->handleRequest(null, Object(Config\Cache), false)
 4 FCPATH\index.php(67): CodeIgniter\CodeIgniter->run()
INFO - 2023-04-11 04:25:46 --> Session: Class initialized using 'CodeIgniter\Session\Handlers\FileHandler' driver.
INFO - 2023-04-11 04:26:22 --> Session: Class initialized using 'CodeIgniter\Session\Handlers\FileHandler' driver.
INFO - 2023-04-11 04:29:40 --> Session: Class initialized using 'CodeIgniter\Session\Handlers\FileHandler' driver.
INFO - 2023-04-11 04:29:42 --> Session: Class initialized using 'CodeIgniter\Session\Handlers\FileHandler' driver.
ERROR - 2023-04-11 04:29:42 --> mysqli_sql_exception: You have an error in your SQL syntax; check the manual that corresponds to your MariaDB server version for the right syntax to use near 's standard dummy text ever since the 1500s, when an unknown printer took a ga...' at line 2 in C:\xampp\htdocs\prism\system\Database\MySQLi\Connection.php:295
Stack trace:
#0 C:\xampp\htdocs\prism\system\Database\MySQLi\Connection.php(295): mysqli->query('INSERT INTO `tb...', 0)
#1 C:\xampp\htdocs\prism\system\Database\BaseConnection.php(691): CodeIgniter\Database\MySQLi\Connection->execute('INSERT INTO `tb...')
#2 C:\xampp\htdocs\prism\system\Database\BaseConnection.php(605): CodeIgniter\Database\BaseConnection->simpleQuery('INSERT INTO `tb...')
#3 C:\xampp\htdocs\prism\app\Models\CareersModel.php(17): CodeIgniter\Database\BaseConnection->query('INSERT INTO `tb...')
#4 C:\xampp\htdocs\prism\app\Controllers\Admin\Careers.php(40): App\Models\CareersModel->add(Array)
#5 C:\xampp\htdocs\prism\system\CodeIgniter.php(934): App\Controllers\Admin\Careers->create()
#6 C:\xampp\htdocs\prism\system\CodeIgniter.php(499): CodeIgniter\CodeIgniter->runController(Object(App\Controllers\Admin\Careers))
#7 C:\xampp\htdocs\prism\system\CodeIgniter.php(368): CodeIgniter\CodeIgniter->handleRequest(NULL, Object(Config\Cache), false)
#8 C:\xampp\htdocs\prism\public\index.php(67): CodeIgniter\CodeIgniter->run()
#9 {main}
CRITICAL - 2023-04-11 04:29:43 --> You have an error in your SQL syntax; check the manual that corresponds to your MariaDB server version for the right syntax to use near 's standard dummy text ever since the 1500s, when an unknown printer took a ga...' at line 2
in SYSTEMPATH\Database\BaseConnection.php on line 645.
 1 APPPATH\Models\CareersModel.php(17): CodeIgniter\Database\BaseConnection->query('INSERT INTO `tbl_careers`(`maker_id`,`auth_id`,`action_type`,`action_date`,`job_title`,`job_description`,`phone`,`email`)
                VALUES(\'1\',null,\'insert\',now(),\'New opening\',\'Lorem Ipsum is simply dummy text of the printing and typesetting industry. Lorem Ipsum has been the industry\'s standard dummy text ever since the 1500s, when an unknown printer took a galley of type and scrambled it to make a type specimen book. It has survived not only five centuries, but also the leap into electronic typesetting, remaining essentially unchanged. It was popularised in the 1960s with the release of Letraset sheets containing Lorem Ipsum passages, and more recently with desktop publishing software like Aldus PageMaker including versions of Lorem Ipsum.\',\'01245678933\',\'prism-hr@prism.com\')')
 2 APPPATH\Controllers\Admin\Careers.php(40): App\Models\CareersModel->add([...])
 3 SYSTEMPATH\CodeIgniter.php(934): App\Controllers\Admin\Careers->create()
 4 SYSTEMPATH\CodeIgniter.php(499): CodeIgniter\CodeIgniter->runController(Object(App\Controllers\Admin\Careers))
 5 SYSTEMPATH\CodeIgniter.php(368): CodeIgniter\CodeIgniter->handleRequest(null, Object(Config\Cache), false)
 6 FCPATH\index.php(67): CodeIgniter\CodeIgniter->run()
INFO - 2023-04-11 04:31:19 --> Session: Class initialized using 'CodeIgniter\Session\Handlers\FileHandler' driver.
INFO - 2023-04-11 04:31:30 --> Session: Class initialized using 'CodeIgniter\Session\Handlers\FileHandler' driver.
ERROR - 2023-04-11 04:31:30 --> mysqli_sql_exception: You have an error in your SQL syntax; check the manual that corresponds to your MariaDB server version for the right syntax to use near 's standard dummy text ever since the 1500s, when an unknown printer took a ga...' at line 2 in C:\xampp\htdocs\prism\system\Database\MySQLi\Connection.php:295
Stack trace:
#0 C:\xampp\htdocs\prism\system\Database\MySQLi\Connection.php(295): mysqli->query('INSERT INTO `tb...', 0)
#1 C:\xampp\htdocs\prism\system\Database\BaseConnection.php(691): CodeIgniter\Database\MySQLi\Connection->execute('INSERT INTO `tb...')
#2 C:\xampp\htdocs\prism\system\Database\BaseConnection.php(605): CodeIgniter\Database\BaseConnection->simpleQuery('INSERT INTO `tb...')
#3 C:\xampp\htdocs\prism\app\Models\CareersModel.php(17): CodeIgniter\Database\BaseConnection->query('INSERT INTO `tb...')
#4 C:\xampp\htdocs\prism\app\Controllers\Admin\Careers.php(40): App\Models\CareersModel->add(Array)
#5 C:\xampp\htdocs\prism\system\CodeIgniter.php(934): App\Controllers\Admin\Careers->create()
#6 C:\xampp\htdocs\prism\system\CodeIgniter.php(499): CodeIgniter\CodeIgniter->runController(Object(App\Controllers\Admin\Careers))
#7 C:\xampp\htdocs\prism\system\CodeIgniter.php(368): CodeIgniter\CodeIgniter->handleRequest(NULL, Object(Config\Cache), false)
#8 C:\xampp\htdocs\prism\public\index.php(67): CodeIgniter\CodeIgniter->run()
#9 {main}
CRITICAL - 2023-04-11 04:31:30 --> You have an error in your SQL syntax; check the manual that corresponds to your MariaDB server version for the right syntax to use near 's standard dummy text ever since the 1500s, when an unknown printer took a ga...' at line 2
in SYSTEMPATH\Database\BaseConnection.php on line 645.
 1 APPPATH\Models\CareersModel.php(17): CodeIgniter\Database\BaseConnection->query('INSERT INTO `tbl_careers`(`maker_id`,`auth_id`,`action_type`,`action_date`,`job_title`,`job_description`,`phone`,`email`)
                VALUES(\'1\',null,\'insert\',now(),\'Job 2\',\'Lorem Ipsum is simply dummy text of the printing and typesetting industry. Lorem Ipsum has been the industry\'s standard dummy text ever since the 1500s, when an unknown printer took a galley of type and scrambled it to make a type specimen book. It has survived not only five centuries, but also the leap into electronic typesetting, remaining essentially unchanged. It was popularised in the 1960s with the release of Letraset sheets containing Lorem Ipsum passages, and more recently with desktop publishing software like Aldus PageMaker including versions of Lorem Ipsum.\',\'01245678933\',\'prism-hr@prism.com\')')
 2 APPPATH\Controllers\Admin\Careers.php(40): App\Models\CareersModel->add([...])
 3 SYSTEMPATH\CodeIgniter.php(934): App\Controllers\Admin\Careers->create()
 4 SYSTEMPATH\CodeIgniter.php(499): CodeIgniter\CodeIgniter->runController(Object(App\Controllers\Admin\Careers))
 5 SYSTEMPATH\CodeIgniter.php(368): CodeIgniter\CodeIgniter->handleRequest(null, Object(Config\Cache), false)
 6 FCPATH\index.php(67): CodeIgniter\CodeIgniter->run()
INFO - 2023-04-11 04:34:53 --> Session: Class initialized using 'CodeIgniter\Session\Handlers\FileHandler' driver.
ERROR - 2023-04-11 04:34:53 --> mysqli_sql_exception: You have an error in your SQL syntax; check the manual that corresponds to your MariaDB server version for the right syntax to use near 's standard dummy text ever since the 1500s, when an unknown printer took a ga...' at line 2 in C:\xampp\htdocs\prism\system\Database\MySQLi\Connection.php:295
Stack trace:
#0 C:\xampp\htdocs\prism\system\Database\MySQLi\Connection.php(295): mysqli->query('INSERT INTO `tb...', 0)
#1 C:\xampp\htdocs\prism\system\Database\BaseConnection.php(691): CodeIgniter\Database\MySQLi\Connection->execute('INSERT INTO `tb...')
#2 C:\xampp\htdocs\prism\system\Database\BaseConnection.php(605): CodeIgniter\Database\BaseConnection->simpleQuery('INSERT INTO `tb...')
#3 C:\xampp\htdocs\prism\app\Models\CareersModel.php(17): CodeIgniter\Database\BaseConnection->query('INSERT INTO `tb...')
#4 C:\xampp\htdocs\prism\app\Controllers\Admin\Careers.php(45): App\Models\CareersModel->add(Array)
#5 C:\xampp\htdocs\prism\system\CodeIgniter.php(934): App\Controllers\Admin\Careers->create()
#6 C:\xampp\htdocs\prism\system\CodeIgniter.php(499): CodeIgniter\CodeIgniter->runController(Object(App\Controllers\Admin\Careers))
#7 C:\xampp\htdocs\prism\system\CodeIgniter.php(368): CodeIgniter\CodeIgniter->handleRequest(NULL, Object(Config\Cache), false)
#8 C:\xampp\htdocs\prism\public\index.php(67): CodeIgniter\CodeIgniter->run()
#9 {main}
CRITICAL - 2023-04-11 04:34:53 --> You have an error in your SQL syntax; check the manual that corresponds to your MariaDB server version for the right syntax to use near 's standard dummy text ever since the 1500s, when an unknown printer took a ga...' at line 2
in SYSTEMPATH\Database\BaseConnection.php on line 645.
 1 APPPATH\Models\CareersModel.php(17): CodeIgniter\Database\BaseConnection->query('INSERT INTO `tbl_careers`(`maker_id`,`auth_id`,`action_type`,`action_date`,`job_title`,`job_description`,`phone`,`email`)
                VALUES(\'1\',null,\'insert\',now(),\'Job 2\',\'Lorem Ipsum is simply dummy text of the printing and typesetting industry. Lorem Ipsum has been the industry\'s standard dummy text ever since the 1500s, when an unknown printer took a galley of type and scrambled it to make a type specimen book. It has survived not only five centuries, but also the leap into electronic typesetting, remaining essentially unchanged. It was popularised in the 1960s with the release of Letraset sheets containing Lorem Ipsum passages, and more recently with desktop publishing software like Aldus PageMaker including versions of Lorem Ipsum.\',\'01245678933\',\'prism-hr@prism.com\')')
 2 APPPATH\Controllers\Admin\Careers.php(45): App\Models\CareersModel->add([...])
 3 SYSTEMPATH\CodeIgniter.php(934): App\Controllers\Admin\Careers->create()
 4 SYSTEMPATH\CodeIgniter.php(499): CodeIgniter\CodeIgniter->runController(Object(App\Controllers\Admin\Careers))
 5 SYSTEMPATH\CodeIgniter.php(368): CodeIgniter\CodeIgniter->handleRequest(null, Object(Config\Cache), false)
 6 FCPATH\index.php(67): CodeIgniter\CodeIgniter->run()
INFO - 2023-04-11 04:34:55 --> Session: Class initialized using 'CodeIgniter\Session\Handlers\FileHandler' driver.
INFO - 2023-04-11 04:34:58 --> Session: Class initialized using 'CodeIgniter\Session\Handlers\FileHandler' driver.
ERROR - 2023-04-11 04:34:58 --> mysqli_sql_exception: You have an error in your SQL syntax; check the manual that corresponds to your MariaDB server version for the right syntax to use near 's standard dummy text ever since the 1500s, when an unknown printer took a ga...' at line 2 in C:\xampp\htdocs\prism\system\Database\MySQLi\Connection.php:295
Stack trace:
#0 C:\xampp\htdocs\prism\system\Database\MySQLi\Connection.php(295): mysqli->query('INSERT INTO `tb...', 0)
#1 C:\xampp\htdocs\prism\system\Database\BaseConnection.php(691): CodeIgniter\Database\MySQLi\Connection->execute('INSERT INTO `tb...')
#2 C:\xampp\htdocs\prism\system\Database\BaseConnection.php(605): CodeIgniter\Database\BaseConnection->simpleQuery('INSERT INTO `tb...')
#3 C:\xampp\htdocs\prism\app\Models\CareersModel.php(17): CodeIgniter\Database\BaseConnection->query('INSERT INTO `tb...')
#4 C:\xampp\htdocs\prism\app\Controllers\Admin\Careers.php(45): App\Models\CareersModel->add(Array)
#5 C:\xampp\htdocs\prism\system\CodeIgniter.php(934): App\Controllers\Admin\Careers->create()
#6 C:\xampp\htdocs\prism\system\CodeIgniter.php(499): CodeIgniter\CodeIgniter->runController(Object(App\Controllers\Admin\Careers))
#7 C:\xampp\htdocs\prism\system\CodeIgniter.php(368): CodeIgniter\CodeIgniter->handleRequest(NULL, Object(Config\Cache), false)
#8 C:\xampp\htdocs\prism\public\index.php(67): CodeIgniter\CodeIgniter->run()
#9 {main}
CRITICAL - 2023-04-11 04:34:58 --> You have an error in your SQL syntax; check the manual that corresponds to your MariaDB server version for the right syntax to use near 's standard dummy text ever since the 1500s, when an unknown printer took a ga...' at line 2
in SYSTEMPATH\Database\BaseConnection.php on line 645.
 1 APPPATH\Models\CareersModel.php(17): CodeIgniter\Database\BaseConnection->query('INSERT INTO `tbl_careers`(`maker_id`,`auth_id`,`action_type`,`action_date`,`job_title`,`job_description`,`phone`,`email`)
                VALUES(\'1\',null,\'insert\',now(),\'Job 2\',\'Lorem Ipsum is simply dummy text of the printing and typesetting industry. Lorem Ipsum has been the industry\'s standard dummy text ever since the 1500s, when an unknown printer took a galley of type and scrambled it to make a type specimen book. It has survived not only five centuries, but also the leap into electronic typesetting, remaining essentially unchanged. It was popularised in the 1960s with the release of Letraset sheets containing Lorem Ipsum passages, and more recently with desktop publishing software like Aldus PageMaker including versions of Lorem Ipsum.\',\'01245678933\',\'prism-hr@prism.com\')')
 2 APPPATH\Controllers\Admin\Careers.php(45): App\Models\CareersModel->add([...])
 3 SYSTEMPATH\CodeIgniter.php(934): App\Controllers\Admin\Careers->create()
 4 SYSTEMPATH\CodeIgniter.php(499): CodeIgniter\CodeIgniter->runController(Object(App\Controllers\Admin\Careers))
 5 SYSTEMPATH\CodeIgniter.php(368): CodeIgniter\CodeIgniter->handleRequest(null, Object(Config\Cache), false)
 6 FCPATH\index.php(67): CodeIgniter\CodeIgniter->run()
INFO - 2023-04-11 04:35:49 --> Session: Class initialized using 'CodeIgniter\Session\Handlers\FileHandler' driver.
INFO - 2023-04-11 04:36:46 --> Session: Class initialized using 'CodeIgniter\Session\Handlers\FileHandler' driver.
ERROR - 2023-04-11 04:36:46 --> mysqli_sql_exception: You have an error in your SQL syntax; check the manual that corresponds to your MariaDB server version for the right syntax to use near 's standard dummy text ever since the 1500s, when an unknown printer took a ga...' at line 2 in C:\xampp\htdocs\prism\system\Database\MySQLi\Connection.php:295
Stack trace:
#0 C:\xampp\htdocs\prism\system\Database\MySQLi\Connection.php(295): mysqli->query('INSERT INTO `tb...', 0)
#1 C:\xampp\htdocs\prism\system\Database\BaseConnection.php(691): CodeIgniter\Database\MySQLi\Connection->execute('INSERT INTO `tb...')
#2 C:\xampp\htdocs\prism\system\Database\BaseConnection.php(605): CodeIgniter\Database\BaseConnection->simpleQuery('INSERT INTO `tb...')
#3 C:\xampp\htdocs\prism\app\Models\CareersModel.php(17): CodeIgniter\Database\BaseConnection->query('INSERT INTO `tb...')
#4 C:\xampp\htdocs\prism\app\Controllers\Admin\Careers.php(45): App\Models\CareersModel->add(Array)
#5 C:\xampp\htdocs\prism\system\CodeIgniter.php(934): App\Controllers\Admin\Careers->create()
#6 C:\xampp\htdocs\prism\system\CodeIgniter.php(499): CodeIgniter\CodeIgniter->runController(Object(App\Controllers\Admin\Careers))
#7 C:\xampp\htdocs\prism\system\CodeIgniter.php(368): CodeIgniter\CodeIgniter->handleRequest(NULL, Object(Config\Cache), false)
#8 C:\xampp\htdocs\prism\public\index.php(67): CodeIgniter\CodeIgniter->run()
#9 {main}
CRITICAL - 2023-04-11 04:36:46 --> You have an error in your SQL syntax; check the manual that corresponds to your MariaDB server version for the right syntax to use near 's standard dummy text ever since the 1500s, when an unknown printer took a ga...' at line 2
in SYSTEMPATH\Database\BaseConnection.php on line 645.
 1 APPPATH\Models\CareersModel.php(17): CodeIgniter\Database\BaseConnection->query('INSERT INTO `tbl_careers`(`maker_id`,`auth_id`,`action_type`,`action_date`,`job_title`,`job_description`,`phone`,`email`)
                VALUES(\'1\',null,\'insert\',now(),\'Job 2\',\'Lorem Ipsum is simply dummy text of the printing and typesetting industry. Lorem Ipsum has been the industry\'s standard dummy text ever since the 1500s, when an unknown printer took a galley of type and scrambled it to make a type specimen book. It has survived not only five centuries, but also the leap into electronic typesetting, remaining essentially unchanged. \',\'01245678933\',\'prism-hr@prism.com\')')
 2 APPPATH\Controllers\Admin\Careers.php(45): App\Models\CareersModel->add([...])
 3 SYSTEMPATH\CodeIgniter.php(934): App\Controllers\Admin\Careers->create()
 4 SYSTEMPATH\CodeIgniter.php(499): CodeIgniter\CodeIgniter->runController(Object(App\Controllers\Admin\Careers))
 5 SYSTEMPATH\CodeIgniter.php(368): CodeIgniter\CodeIgniter->handleRequest(null, Object(Config\Cache), false)
 6 FCPATH\index.php(67): CodeIgniter\CodeIgniter->run()
INFO - 2023-04-11 04:36:55 --> Session: Class initialized using 'CodeIgniter\Session\Handlers\FileHandler' driver.
INFO - 2023-04-11 04:37:05 --> Session: Class initialized using 'CodeIgniter\Session\Handlers\FileHandler' driver.
ERROR - 2023-04-11 04:37:05 --> mysqli_sql_exception: You have an error in your SQL syntax; check the manual that corresponds to your MariaDB server version for the right syntax to use near 's standard dummy text ever since the 1500s, when an unknown printer took a ga...' at line 2 in C:\xampp\htdocs\prism\system\Database\MySQLi\Connection.php:295
Stack trace:
#0 C:\xampp\htdocs\prism\system\Database\MySQLi\Connection.php(295): mysqli->query('INSERT INTO `tb...', 0)
#1 C:\xampp\htdocs\prism\system\Database\BaseConnection.php(691): CodeIgniter\Database\MySQLi\Connection->execute('INSERT INTO `tb...')
#2 C:\xampp\htdocs\prism\system\Database\BaseConnection.php(605): CodeIgniter\Database\BaseConnection->simpleQuery('INSERT INTO `tb...')
#3 C:\xampp\htdocs\prism\app\Models\CareersModel.php(17): CodeIgniter\Database\BaseConnection->query('INSERT INTO `tb...')
#4 C:\xampp\htdocs\prism\app\Controllers\Admin\Careers.php(45): App\Models\CareersModel->add(Array)
#5 C:\xampp\htdocs\prism\system\CodeIgniter.php(934): App\Controllers\Admin\Careers->create()
#6 C:\xampp\htdocs\prism\system\CodeIgniter.php(499): CodeIgniter\CodeIgniter->runController(Object(App\Controllers\Admin\Careers))
#7 C:\xampp\htdocs\prism\system\CodeIgniter.php(368): CodeIgniter\CodeIgniter->handleRequest(NULL, Object(Config\Cache), false)
#8 C:\xampp\htdocs\prism\public\index.php(67): CodeIgniter\CodeIgniter->run()
#9 {main}
CRITICAL - 2023-04-11 04:37:05 --> You have an error in your SQL syntax; check the manual that corresponds to your MariaDB server version for the right syntax to use near 's standard dummy text ever since the 1500s, when an unknown printer took a ga...' at line 2
in SYSTEMPATH\Database\BaseConnection.php on line 645.
 1 APPPATH\Models\CareersModel.php(17): CodeIgniter\Database\BaseConnection->query('INSERT INTO `tbl_careers`(`maker_id`,`auth_id`,`action_type`,`action_date`,`job_title`,`job_description`,`phone`,`email`)
                VALUES(\'1\',null,\'insert\',now(),\'Job 2\',\'Lorem Ipsum is simply dummy text of the printing and typesetting industry. Lorem Ipsum has been the industry\'s standard dummy text ever since the 1500s, when an unknown printer took a galley of type and scrambled it to make a type specimen book. It has survived not only five centuries, but also the leap into electronic typesetting, remaining essentially unchanged. \',\'01245678933\',\'prism-h\')')
 2 APPPATH\Controllers\Admin\Careers.php(45): App\Models\CareersModel->add([...])
 3 SYSTEMPATH\CodeIgniter.php(934): App\Controllers\Admin\Careers->create()
 4 SYSTEMPATH\CodeIgniter.php(499): CodeIgniter\CodeIgniter->runController(Object(App\Controllers\Admin\Careers))
 5 SYSTEMPATH\CodeIgniter.php(368): CodeIgniter\CodeIgniter->handleRequest(null, Object(Config\Cache), false)
 6 FCPATH\index.php(67): CodeIgniter\CodeIgniter->run()
INFO - 2023-04-11 04:37:08 --> Session: Class initialized using 'CodeIgniter\Session\Handlers\FileHandler' driver.
INFO - 2023-04-11 04:37:27 --> Session: Class initialized using 'CodeIgniter\Session\Handlers\FileHandler' driver.
CRITICAL - 2023-04-11 04:37:27 --> You must set the database table to be used with your query.
in SYSTEMPATH\Database\BaseConnection.php on line 882.
 1 SYSTEMPATH\Model.php(642): CodeIgniter\Database\BaseConnection->table(null)
 2 SYSTEMPATH\Model.php(832): CodeIgniter\Model->builder()
 3 APPPATH\Controllers\Admin\Careers.php(58): CodeIgniter\Model->__call('getByCriteria', [...])
 4 SYSTEMPATH\CodeIgniter.php(934): App\Controllers\Admin\Careers->create()
 5 SYSTEMPATH\CodeIgniter.php(499): CodeIgniter\CodeIgniter->runController(Object(App\Controllers\Admin\Careers))
 6 SYSTEMPATH\CodeIgniter.php(368): CodeIgniter\CodeIgniter->handleRequest(null, Object(Config\Cache), false)
 7 FCPATH\index.php(67): CodeIgniter\CodeIgniter->run()
INFO - 2023-04-11 04:40:40 --> Session: Class initialized using 'CodeIgniter\Session\Handlers\FileHandler' driver.
INFO - 2023-04-11 04:40:42 --> Session: Class initialized using 'CodeIgniter\Session\Handlers\FileHandler' driver.
INFO - 2023-04-11 04:41:40 --> Session: Class initialized using 'CodeIgniter\Session\Handlers\FileHandler' driver.
ERROR - 2023-04-11 04:41:40 --> mysqli_sql_exception: You have an error in your SQL syntax; check the manual that corresponds to your MariaDB server version for the right syntax to use near 's standard dummy text ever since the 1500s, when an unknown printer took a ga...' at line 2 in C:\xampp\htdocs\prism\system\Database\MySQLi\Connection.php:295
Stack trace:
#0 C:\xampp\htdocs\prism\system\Database\MySQLi\Connection.php(295): mysqli->query('INSERT INTO `tb...', 0)
#1 C:\xampp\htdocs\prism\system\Database\BaseConnection.php(691): CodeIgniter\Database\MySQLi\Connection->execute('INSERT INTO `tb...')
#2 C:\xampp\htdocs\prism\system\Database\BaseConnection.php(605): CodeIgniter\Database\BaseConnection->simpleQuery('INSERT INTO `tb...')
#3 C:\xampp\htdocs\prism\app\Models\CareersModel.php(17): CodeIgniter\Database\BaseConnection->query('INSERT INTO `tb...')
#4 C:\xampp\htdocs\prism\app\Controllers\Admin\Careers.php(46): App\Models\CareersModel->add(Array)
#5 C:\xampp\htdocs\prism\system\CodeIgniter.php(934): App\Controllers\Admin\Careers->create()
#6 C:\xampp\htdocs\prism\system\CodeIgniter.php(499): CodeIgniter\CodeIgniter->runController(Object(App\Controllers\Admin\Careers))
#7 C:\xampp\htdocs\prism\system\CodeIgniter.php(368): CodeIgniter\CodeIgniter->handleRequest(NULL, Object(Config\Cache), false)
#8 C:\xampp\htdocs\prism\public\index.php(67): CodeIgniter\CodeIgniter->run()
#9 {main}
CRITICAL - 2023-04-11 04:41:40 --> You have an error in your SQL syntax; check the manual that corresponds to your MariaDB server version for the right syntax to use near 's standard dummy text ever since the 1500s, when an unknown printer took a ga...' at line 2
in SYSTEMPATH\Database\BaseConnection.php on line 645.
 1 APPPATH\Models\CareersModel.php(17): CodeIgniter\Database\BaseConnection->query('INSERT INTO `tbl_careers`(`maker_id`,`auth_id`,`action_type`,`action_date`,`job_title`,`job_description`,`phone`,`email`)
                VALUES(\'1\',null,\'insert\',now(),\'Job 2\',\'Lorem Ipsum is simply dummy text of the printing and typesetting industry. Lorem Ipsum has been the industry\'s standard dummy text ever since the 1500s, when an unknown printer took a galley of type and scrambled it to make a type specimen book. It has survived not only five centuries, but also the leap into electronic typesetting, remaining essentially unchanged. \',\'01245678933\',\'prism-hr@prism.com\')')
 2 APPPATH\Controllers\Admin\Careers.php(46): App\Models\CareersModel->add([...])
 3 SYSTEMPATH\CodeIgniter.php(934): App\Controllers\Admin\Careers->create()
 4 SYSTEMPATH\CodeIgniter.php(499): CodeIgniter\CodeIgniter->runController(Object(App\Controllers\Admin\Careers))
 5 SYSTEMPATH\CodeIgniter.php(368): CodeIgniter\CodeIgniter->handleRequest(null, Object(Config\Cache), false)
 6 FCPATH\index.php(67): CodeIgniter\CodeIgniter->run()
INFO - 2023-04-11 04:41:46 --> Session: Class initialized using 'CodeIgniter\Session\Handlers\FileHandler' driver.
INFO - 2023-04-11 04:42:07 --> Session: Class initialized using 'CodeIgniter\Session\Handlers\FileHandler' driver.
ERROR - 2023-04-11 04:42:07 --> mysqli_sql_exception: You have an error in your SQL syntax; check the manual that corresponds to your MariaDB server version for the right syntax to use near 's standard dummy text ever since the 1500s, when an unknown printer took a ga...' at line 2 in C:\xampp\htdocs\prism\system\Database\MySQLi\Connection.php:295
Stack trace:
#0 C:\xampp\htdocs\prism\system\Database\MySQLi\Connection.php(295): mysqli->query('INSERT INTO `tb...', 0)
#1 C:\xampp\htdocs\prism\system\Database\BaseConnection.php(691): CodeIgniter\Database\MySQLi\Connection->execute('INSERT INTO `tb...')
#2 C:\xampp\htdocs\prism\system\Database\BaseConnection.php(605): CodeIgniter\Database\BaseConnection->simpleQuery('INSERT INTO `tb...')
#3 C:\xampp\htdocs\prism\app\Models\CareersModel.php(17): CodeIgniter\Database\BaseConnection->query('INSERT INTO `tb...')
#4 C:\xampp\htdocs\prism\app\Controllers\Admin\Careers.php(46): App\Models\CareersModel->add(Array)
#5 C:\xampp\htdocs\prism\system\CodeIgniter.php(934): App\Controllers\Admin\Careers->create()
#6 C:\xampp\htdocs\prism\system\CodeIgniter.php(499): CodeIgniter\CodeIgniter->runController(Object(App\Controllers\Admin\Careers))
#7 C:\xampp\htdocs\prism\system\CodeIgniter.php(368): CodeIgniter\CodeIgniter->handleRequest(NULL, Object(Config\Cache), false)
#8 C:\xampp\htdocs\prism\public\index.php(67): CodeIgniter\CodeIgniter->run()
#9 {main}
CRITICAL - 2023-04-11 04:42:07 --> You have an error in your SQL syntax; check the manual that corresponds to your MariaDB server version for the right syntax to use near 's standard dummy text ever since the 1500s, when an unknown printer took a ga...' at line 2
in SYSTEMPATH\Database\BaseConnection.php on line 645.
 1 APPPATH\Models\CareersModel.php(17): CodeIgniter\Database\BaseConnection->query('INSERT INTO `tbl_careers`(`maker_id`,`auth_id`,`action_type`,`action_date`,`job_title`,`job_description`,`phone`,`email`)
                VALUES(\'1\',null,\'insert\',now(),\'Job 2\',\'Lorem Ipsum is simply dummy text of the printing and typesetting industry. Lorem Ipsum has been the industry\'s standard dummy text ever since the 1500s, when an unknown printer took a galley of type and scrambled it to make a type specimen book. It has survived not only five centuries, but also the leap into electronic typesetting, remaining essentially unchanged. \',\'01245678933\',\'prism-hr@prism.com\')')
 2 APPPATH\Controllers\Admin\Careers.php(46): App\Models\CareersModel->add([...])
 3 SYSTEMPATH\CodeIgniter.php(934): App\Controllers\Admin\Careers->create()
 4 SYSTEMPATH\CodeIgniter.php(499): CodeIgniter\CodeIgniter->runController(Object(App\Controllers\Admin\Careers))
 5 SYSTEMPATH\CodeIgniter.php(368): CodeIgniter\CodeIgniter->handleRequest(null, Object(Config\Cache), false)
 6 FCPATH\index.php(67): CodeIgniter\CodeIgniter->run()
INFO - 2023-04-11 04:42:34 --> Session: Class initialized using 'CodeIgniter\Session\Handlers\FileHandler' driver.
INFO - 2023-04-11 04:42:36 --> Session: Class initialized using 'CodeIgniter\Session\Handlers\FileHandler' driver.
ERROR - 2023-04-11 04:42:36 --> mysqli_sql_exception: You have an error in your SQL syntax; check the manual that corresponds to your MariaDB server version for the right syntax to use near 's standard dummy text ever since the 1500s, when an unknown printer took a ga...' at line 2 in C:\xampp\htdocs\prism\system\Database\MySQLi\Connection.php:295
Stack trace:
#0 C:\xampp\htdocs\prism\system\Database\MySQLi\Connection.php(295): mysqli->query('INSERT INTO `tb...', 0)
#1 C:\xampp\htdocs\prism\system\Database\BaseConnection.php(691): CodeIgniter\Database\MySQLi\Connection->execute('INSERT INTO `tb...')
#2 C:\xampp\htdocs\prism\system\Database\BaseConnection.php(605): CodeIgniter\Database\BaseConnection->simpleQuery('INSERT INTO `tb...')
#3 C:\xampp\htdocs\prism\app\Models\CareersModel.php(17): CodeIgniter\Database\BaseConnection->query('INSERT INTO `tb...')
#4 C:\xampp\htdocs\prism\app\Controllers\Admin\Careers.php(46): App\Models\CareersModel->add(Array)
#5 C:\xampp\htdocs\prism\system\CodeIgniter.php(934): App\Controllers\Admin\Careers->create()
#6 C:\xampp\htdocs\prism\system\CodeIgniter.php(499): CodeIgniter\CodeIgniter->runController(Object(App\Controllers\Admin\Careers))
#7 C:\xampp\htdocs\prism\system\CodeIgniter.php(368): CodeIgniter\CodeIgniter->handleRequest(NULL, Object(Config\Cache), false)
#8 C:\xampp\htdocs\prism\public\index.php(67): CodeIgniter\CodeIgniter->run()
#9 {main}
CRITICAL - 2023-04-11 04:42:36 --> You have an error in your SQL syntax; check the manual that corresponds to your MariaDB server version for the right syntax to use near 's standard dummy text ever since the 1500s, when an unknown printer took a ga...' at line 2
in SYSTEMPATH\Database\BaseConnection.php on line 645.
 1 APPPATH\Models\CareersModel.php(17): CodeIgniter\Database\BaseConnection->query('INSERT INTO `tbl_careers`(`maker_id`,`auth_id`,`action_type`,`action_date`,`job_title`,`job_description`,`phone`,`email`)
                VALUES(\'1\',null,\'insert\',now(),\'Job 2\',\'Lorem Ipsum is simply dummy text of the printing and typesetting industry. Lorem Ipsum has been the industry\'s standard dummy text ever since the 1500s, when an unknown printer took a galley of type and scrambled it to make a type specimen book. It has survived not only five centuries, but also the leap into electronic typesetting, remaining essentially unchanged. \',\'01245678933\',\'prism-hr@prism.com\')')
 2 APPPATH\Controllers\Admin\Careers.php(46): App\Models\CareersModel->add([...])
 3 SYSTEMPATH\CodeIgniter.php(934): App\Controllers\Admin\Careers->create()
 4 SYSTEMPATH\CodeIgniter.php(499): CodeIgniter\CodeIgniter->runController(Object(App\Controllers\Admin\Careers))
 5 SYSTEMPATH\CodeIgniter.php(368): CodeIgniter\CodeIgniter->handleRequest(null, Object(Config\Cache), false)
 6 FCPATH\index.php(67): CodeIgniter\CodeIgniter->run()
INFO - 2023-04-11 04:42:38 --> Session: Class initialized using 'CodeIgniter\Session\Handlers\FileHandler' driver.
INFO - 2023-04-11 04:43:49 --> Session: Class initialized using 'CodeIgniter\Session\Handlers\FileHandler' driver.
ERROR - 2023-04-11 04:43:49 --> mysqli_sql_exception: You have an error in your SQL syntax; check the manual that corresponds to your MariaDB server version for the right syntax to use near 's standard dummy text ever since the 1500s, when an unknown printer took a ga...' at line 2 in C:\xampp\htdocs\prism\system\Database\MySQLi\Connection.php:295
Stack trace:
#0 C:\xampp\htdocs\prism\system\Database\MySQLi\Connection.php(295): mysqli->query('INSERT INTO `tb...', 0)
#1 C:\xampp\htdocs\prism\system\Database\BaseConnection.php(691): CodeIgniter\Database\MySQLi\Connection->execute('INSERT INTO `tb...')
#2 C:\xampp\htdocs\prism\system\Database\BaseConnection.php(605): CodeIgniter\Database\BaseConnection->simpleQuery('INSERT INTO `tb...')
#3 C:\xampp\htdocs\prism\app\Models\CareersModel.php(17): CodeIgniter\Database\BaseConnection->query('INSERT INTO `tb...')
#4 C:\xampp\htdocs\prism\app\Controllers\Admin\Careers.php(40): App\Models\CareersModel->add(Array)
#5 C:\xampp\htdocs\prism\system\CodeIgniter.php(934): App\Controllers\Admin\Careers->create()
#6 C:\xampp\htdocs\prism\system\CodeIgniter.php(499): CodeIgniter\CodeIgniter->runController(Object(App\Controllers\Admin\Careers))
#7 C:\xampp\htdocs\prism\system\CodeIgniter.php(368): CodeIgniter\CodeIgniter->handleRequest(NULL, Object(Config\Cache), false)
#8 C:\xampp\htdocs\prism\public\index.php(67): CodeIgniter\CodeIgniter->run()
#9 {main}
CRITICAL - 2023-04-11 04:43:49 --> You have an error in your SQL syntax; check the manual that corresponds to your MariaDB server version for the right syntax to use near 's standard dummy text ever since the 1500s, when an unknown printer took a ga...' at line 2
in SYSTEMPATH\Database\BaseConnection.php on line 645.
 1 APPPATH\Models\CareersModel.php(17): CodeIgniter\Database\BaseConnection->query('INSERT INTO `tbl_careers`(`maker_id`,`auth_id`,`action_type`,`action_date`,`job_title`,`job_description`,`phone`,`email`)
                VALUES(\'1\',null,\'insert\',now(),\'Job 2\',\'Lorem Ipsum is simply dummy text of the printing and typesetting industry. Lorem Ipsum has been the industry\'s standard dummy text ever since the 1500s, when an unknown printer took a galley of type and scrambled it to make a type specimen book. It has survived not only five centuries, but also the leap into electronic typesetting, remaining essentially unchanged. \',\'01245678933\',\'prism-hr@prism.com\')')
 2 APPPATH\Controllers\Admin\Careers.php(40): App\Models\CareersModel->add([...])
 3 SYSTEMPATH\CodeIgniter.php(934): App\Controllers\Admin\Careers->create()
 4 SYSTEMPATH\CodeIgniter.php(499): CodeIgniter\CodeIgniter->runController(Object(App\Controllers\Admin\Careers))
 5 SYSTEMPATH\CodeIgniter.php(368): CodeIgniter\CodeIgniter->handleRequest(null, Object(Config\Cache), false)
 6 FCPATH\index.php(67): CodeIgniter\CodeIgniter->run()
INFO - 2023-04-11 04:53:18 --> Session: Class initialized using 'CodeIgniter\Session\Handlers\FileHandler' driver.
INFO - 2023-04-11 04:54:42 --> Session: Class initialized using 'CodeIgniter\Session\Handlers\FileHandler' driver.
INFO - 2023-04-11 04:55:01 --> Session: Class initialized using 'CodeIgniter\Session\Handlers\FileHandler' driver.
INFO - 2023-04-11 04:55:06 --> Session: Class initialized using 'CodeIgniter\Session\Handlers\FileHandler' driver.
INFO - 2023-04-11 04:57:05 --> Session: Class initialized using 'CodeIgniter\Session\Handlers\FileHandler' driver.
INFO - 2023-04-11 04:57:08 --> Session: Class initialized using 'CodeIgniter\Session\Handlers\FileHandler' driver.
INFO - 2023-04-11 04:57:24 --> Session: Class initialized using 'CodeIgniter\Session\Handlers\FileHandler' driver.
INFO - 2023-04-11 04:57:27 --> Session: Class initialized using 'CodeIgniter\Session\Handlers\FileHandler' driver.
INFO - 2023-04-11 04:57:48 --> Session: Class initialized using 'CodeIgniter\Session\Handlers\FileHandler' driver.
CRITICAL - 2023-04-11 05:03:47 --> syntax error, unexpected token "else"
in APPPATH\Controllers\Admin\Careers.php on line 41.
 1 SYSTEMPATH\Router\Router.php(507): CodeIgniter\Router\AutoRouter->getRoute('admin/careers/add')
 2 SYSTEMPATH\Router\Router.php(206): CodeIgniter\Router\Router->autoRoute('admin/careers/add')
 3 SYSTEMPATH\CodeIgniter.php(815): CodeIgniter\Router\Router->handle('admin/careers/add')
 4 SYSTEMPATH\CodeIgniter.php(449): CodeIgniter\CodeIgniter->tryToRouteIt(Object(CodeIgniter\Router\RouteCollection))
 5 SYSTEMPATH\CodeIgniter.php(368): CodeIgniter\CodeIgniter->handleRequest(null, Object(Config\Cache), false)
 6 FCPATH\index.php(67): CodeIgniter\CodeIgniter->run()
CRITICAL - 2023-04-11 05:04:54 --> syntax error, unexpected token "else"
in APPPATH\Controllers\Admin\Careers.php on line 41.
 1 SYSTEMPATH\Router\Router.php(507): CodeIgniter\Router\AutoRouter->getRoute('admin/careers')
 2 SYSTEMPATH\Router\Router.php(206): CodeIgniter\Router\Router->autoRoute('admin/careers')
 3 SYSTEMPATH\CodeIgniter.php(815): CodeIgniter\Router\Router->handle('admin/careers')
 4 SYSTEMPATH\CodeIgniter.php(449): CodeIgniter\CodeIgniter->tryToRouteIt(Object(CodeIgniter\Router\RouteCollection))
 5 SYSTEMPATH\CodeIgniter.php(368): CodeIgniter\CodeIgniter->handleRequest(null, Object(Config\Cache), false)
 6 FCPATH\index.php(67): CodeIgniter\CodeIgniter->run()
CRITICAL - 2023-04-11 05:06:25 --> syntax error, unexpected token "else"
in APPPATH\Controllers\Admin\Careers.php on line 41.
 1 SYSTEMPATH\Router\Router.php(507): CodeIgniter\Router\AutoRouter->getRoute('admin/careers/add')
 2 SYSTEMPATH\Router\Router.php(206): CodeIgniter\Router\Router->autoRoute('admin/careers/add')
 3 SYSTEMPATH\CodeIgniter.php(815): CodeIgniter\Router\Router->handle('admin/careers/add')
 4 SYSTEMPATH\CodeIgniter.php(449): CodeIgniter\CodeIgniter->tryToRouteIt(Object(CodeIgniter\Router\RouteCollection))
 5 SYSTEMPATH\CodeIgniter.php(368): CodeIgniter\CodeIgniter->handleRequest(null, Object(Config\Cache), false)
 6 FCPATH\index.php(67): CodeIgniter\CodeIgniter->run()
CRITICAL - 2023-04-11 05:07:35 --> syntax error, unexpected token "else"
in APPPATH\Controllers\Admin\Careers.php on line 41.
 1 SYSTEMPATH\Router\Router.php(507): CodeIgniter\Router\AutoRouter->getRoute('admin/careers/add')
 2 SYSTEMPATH\Router\Router.php(206): CodeIgniter\Router\Router->autoRoute('admin/careers/add')
 3 SYSTEMPATH\CodeIgniter.php(815): CodeIgniter\Router\Router->handle('admin/careers/add')
 4 SYSTEMPATH\CodeIgniter.php(449): CodeIgniter\CodeIgniter->tryToRouteIt(Object(CodeIgniter\Router\RouteCollection))
 5 SYSTEMPATH\CodeIgniter.php(368): CodeIgniter\CodeIgniter->handleRequest(null, Object(Config\Cache), false)
 6 FCPATH\index.php(67): CodeIgniter\CodeIgniter->run()
CRITICAL - 2023-04-11 05:07:45 --> syntax error, unexpected token "else"
in APPPATH\Controllers\Admin\Careers.php on line 41.
 1 SYSTEMPATH\Router\Router.php(507): CodeIgniter\Router\AutoRouter->getRoute('admin/careers')
 2 SYSTEMPATH\Router\Router.php(206): CodeIgniter\Router\Router->autoRoute('admin/careers')
 3 SYSTEMPATH\CodeIgniter.php(815): CodeIgniter\Router\Router->handle('admin/careers')
 4 SYSTEMPATH\CodeIgniter.php(449): CodeIgniter\CodeIgniter->tryToRouteIt(Object(CodeIgniter\Router\RouteCollection))
 5 SYSTEMPATH\CodeIgniter.php(368): CodeIgniter\CodeIgniter->handleRequest(null, Object(Config\Cache), false)
 6 FCPATH\index.php(67): CodeIgniter\CodeIgniter->run()
CRITICAL - 2023-04-11 05:08:23 --> Invalid file: "public/admin/careers.php"
in SYSTEMPATH\Exceptions\FrameworkException.php on line 33.
 1 SYSTEMPATH\View\View.php(201): CodeIgniter\Exceptions\FrameworkException::forInvalidFile('public/admin/careers.php')
 2 SYSTEMPATH\Common.php(1184): CodeIgniter\View\View->render('public/admin/careers', [], true)
 3 APPPATH\Controllers\Admin\Careers.php(12): view('public/admin/careers', [...])
 4 SYSTEMPATH\CodeIgniter.php(934): App\Controllers\Admin\Careers->index()
 5 SYSTEMPATH\CodeIgniter.php(499): CodeIgniter\CodeIgniter->runController(Object(App\Controllers\Admin\Careers))
 6 SYSTEMPATH\CodeIgniter.php(368): CodeIgniter\CodeIgniter->handleRequest(null, Object(Config\Cache), false)
 7 FCPATH\index.php(67): CodeIgniter\CodeIgniter->run()
INFO - 2023-04-11 05:09:09 --> Session: Class initialized using 'CodeIgniter\Session\Handlers\FileHandler' driver.
CRITICAL - 2023-04-11 05:09:10 --> Undefined array key "job_title"
in APPPATH\Models\CareersModel.php on line 16.
 1 APPPATH\Models\CareersModel.php(16): CodeIgniter\Debug\Exceptions->errorHandler(2, 'Undefined array key "job_title"', 'APPPATH\\Models\\CareersModel.php', 16)
 2 APPPATH\Controllers\Admin\Careers.php(40): App\Models\CareersModel->add([...])
 3 SYSTEMPATH\CodeIgniter.php(934): App\Controllers\Admin\Careers->create()
 4 SYSTEMPATH\CodeIgniter.php(499): CodeIgniter\CodeIgniter->runController(Object(App\Controllers\Admin\Careers))
 5 SYSTEMPATH\CodeIgniter.php(368): CodeIgniter\CodeIgniter->handleRequest(null, Object(Config\Cache), false)
 6 FCPATH\index.php(67): CodeIgniter\CodeIgniter->run()
INFO - 2023-04-11 05:09:48 --> Session: Class initialized using 'CodeIgniter\Session\Handlers\FileHandler' driver.
ERROR - 2023-04-11 05:09:48 --> mysqli_sql_exception: You have an error in your SQL syntax; check the manual that corresponds to your MariaDB server version for the right syntax to use near 's standard dummy text ever since the 1500s, when an unknown printer took a ga...' at line 2 in C:\xampp\htdocs\prism\system\Database\MySQLi\Connection.php:295
Stack trace:
#0 C:\xampp\htdocs\prism\system\Database\MySQLi\Connection.php(295): mysqli->query('INSERT INTO `tb...', 0)
#1 C:\xampp\htdocs\prism\system\Database\BaseConnection.php(691): CodeIgniter\Database\MySQLi\Connection->execute('INSERT INTO `tb...')
#2 C:\xampp\htdocs\prism\system\Database\BaseConnection.php(605): CodeIgniter\Database\BaseConnection->simpleQuery('INSERT INTO `tb...')
#3 C:\xampp\htdocs\prism\app\Models\CareersModel.php(17): CodeIgniter\Database\BaseConnection->query('INSERT INTO `tb...')
#4 C:\xampp\htdocs\prism\app\Controllers\Admin\Careers.php(40): App\Models\CareersModel->add(Array)
#5 C:\xampp\htdocs\prism\system\CodeIgniter.php(934): App\Controllers\Admin\Careers->create()
#6 C:\xampp\htdocs\prism\system\CodeIgniter.php(499): CodeIgniter\CodeIgniter->runController(Object(App\Controllers\Admin\Careers))
#7 C:\xampp\htdocs\prism\system\CodeIgniter.php(368): CodeIgniter\CodeIgniter->handleRequest(NULL, Object(Config\Cache), false)
#8 C:\xampp\htdocs\prism\public\index.php(67): CodeIgniter\CodeIgniter->run()
#9 {main}
CRITICAL - 2023-04-11 05:09:48 --> You have an error in your SQL syntax; check the manual that corresponds to your MariaDB server version for the right syntax to use near 's standard dummy text ever since the 1500s, when an unknown printer took a ga...' at line 2
in SYSTEMPATH\Database\BaseConnection.php on line 645.
 1 APPPATH\Models\CareersModel.php(17): CodeIgniter\Database\BaseConnection->query('INSERT INTO `tbl_careers`(`maker_id`,`auth_id`,`action_type`,`action_date`,`job_title`,`job_description`,`phone`,`email`)
                VALUES(\'1\',null,\'insert\',now(),\'Job 2\',\'Lorem Ipsum is simply dummy text of the printing and typesetting industry. Lorem Ipsum has been the industry\'s standard dummy text ever since the 1500s, when an unknown printer took a galley of type and scrambled it to make a type specimen book. It has survived not only five centuries, but also the leap into electronic typesetting, remaining essentially unchanged. \',\'01245678933\',\'prism-hr@prism.com\')')
 2 APPPATH\Controllers\Admin\Careers.php(40): App\Models\CareersModel->add([...])
 3 SYSTEMPATH\CodeIgniter.php(934): App\Controllers\Admin\Careers->create()
 4 SYSTEMPATH\CodeIgniter.php(499): CodeIgniter\CodeIgniter->runController(Object(App\Controllers\Admin\Careers))
 5 SYSTEMPATH\CodeIgniter.php(368): CodeIgniter\CodeIgniter->handleRequest(null, Object(Config\Cache), false)
 6 FCPATH\index.php(67): CodeIgniter\CodeIgniter->run()
INFO - 2023-04-11 05:12:45 --> Session: Class initialized using 'CodeIgniter\Session\Handlers\FileHandler' driver.
ERROR - 2023-04-11 05:12:45 --> mysqli_sql_exception: You have an error in your SQL syntax; check the manual that corresponds to your MariaDB server version for the right syntax to use near 's standard dummy text ever since the 1500s, when an unknown printer took a ga...' at line 2 in C:\xampp\htdocs\prism\system\Database\MySQLi\Connection.php:295
Stack trace:
#0 C:\xampp\htdocs\prism\system\Database\MySQLi\Connection.php(295): mysqli->query('INSERT INTO `tb...', 0)
#1 C:\xampp\htdocs\prism\system\Database\BaseConnection.php(691): CodeIgniter\Database\MySQLi\Connection->execute('INSERT INTO `tb...')
#2 C:\xampp\htdocs\prism\system\Database\BaseConnection.php(605): CodeIgniter\Database\BaseConnection->simpleQuery('INSERT INTO `tb...')
#3 C:\xampp\htdocs\prism\app\Models\CareersModel.php(17): CodeIgniter\Database\BaseConnection->query('INSERT INTO `tb...')
#4 C:\xampp\htdocs\prism\app\Controllers\Admin\Careers.php(39): App\Models\CareersModel->add(Array)
#5 C:\xampp\htdocs\prism\system\CodeIgniter.php(934): App\Controllers\Admin\Careers->create()
#6 C:\xampp\htdocs\prism\system\CodeIgniter.php(499): CodeIgniter\CodeIgniter->runController(Object(App\Controllers\Admin\Careers))
#7 C:\xampp\htdocs\prism\system\CodeIgniter.php(368): CodeIgniter\CodeIgniter->handleRequest(NULL, Object(Config\Cache), false)
#8 C:\xampp\htdocs\prism\public\index.php(67): CodeIgniter\CodeIgniter->run()
#9 {main}
CRITICAL - 2023-04-11 05:12:45 --> You have an error in your SQL syntax; check the manual that corresponds to your MariaDB server version for the right syntax to use near 's standard dummy text ever since the 1500s, when an unknown printer took a ga...' at line 2
in SYSTEMPATH\Database\BaseConnection.php on line 645.
 1 APPPATH\Models\CareersModel.php(17): CodeIgniter\Database\BaseConnection->query('INSERT INTO `tbl_careers`(`maker_id`,`auth_id`,`action_type`,`action_date`,`job_title`,`job_description`,`phone`,`email`)
                VALUES(\'1\',null,\'insert\',now(),\'Job 2\',\'Lorem Ipsum is simply dummy text of the printing and typesetting industry. Lorem Ipsum has been the industry\'s standard dummy text ever since the 1500s, when an unknown printer took a galley of type and scrambled it to make a type specimen book. It has survived not only five centuries, but also the leap into electronic typesetting, remaining essentially unchanged. \',\'01245678933\',\'prism-hr@prism.com\')')
 2 APPPATH\Controllers\Admin\Careers.php(39): App\Models\CareersModel->add([...])
 3 SYSTEMPATH\CodeIgniter.php(934): App\Controllers\Admin\Careers->create()
 4 SYSTEMPATH\CodeIgniter.php(499): CodeIgniter\CodeIgniter->runController(Object(App\Controllers\Admin\Careers))
 5 SYSTEMPATH\CodeIgniter.php(368): CodeIgniter\CodeIgniter->handleRequest(null, Object(Config\Cache), false)
 6 FCPATH\index.php(67): CodeIgniter\CodeIgniter->run()
INFO - 2023-04-11 05:15:32 --> Session: Class initialized using 'CodeIgniter\Session\Handlers\FileHandler' driver.
ERROR - 2023-04-11 05:15:32 --> mysqli_sql_exception: You have an error in your SQL syntax; check the manual that corresponds to your MariaDB server version for the right syntax to use near 's standard dummy text ever since the 1500s, when an unknown printer took a ga...' at line 2 in C:\xampp\htdocs\prism\system\Database\MySQLi\Connection.php:295
Stack trace:
#0 C:\xampp\htdocs\prism\system\Database\MySQLi\Connection.php(295): mysqli->query('INSERT INTO `tb...', 0)
#1 C:\xampp\htdocs\prism\system\Database\BaseConnection.php(691): CodeIgniter\Database\MySQLi\Connection->execute('INSERT INTO `tb...')
#2 C:\xampp\htdocs\prism\system\Database\BaseConnection.php(605): CodeIgniter\Database\BaseConnection->simpleQuery('INSERT INTO `tb...')
#3 C:\xampp\htdocs\prism\app\Models\CareersModel.php(17): CodeIgniter\Database\BaseConnection->query('INSERT INTO `tb...')
#4 C:\xampp\htdocs\prism\app\Controllers\Admin\Careers.php(39): App\Models\CareersModel->add(Array)
#5 C:\xampp\htdocs\prism\system\CodeIgniter.php(934): App\Controllers\Admin\Careers->create()
#6 C:\xampp\htdocs\prism\system\CodeIgniter.php(499): CodeIgniter\CodeIgniter->runController(Object(App\Controllers\Admin\Careers))
#7 C:\xampp\htdocs\prism\system\CodeIgniter.php(368): CodeIgniter\CodeIgniter->handleRequest(NULL, Object(Config\Cache), false)
#8 C:\xampp\htdocs\prism\public\index.php(67): CodeIgniter\CodeIgniter->run()
#9 {main}
CRITICAL - 2023-04-11 05:15:32 --> You have an error in your SQL syntax; check the manual that corresponds to your MariaDB server version for the right syntax to use near 's standard dummy text ever since the 1500s, when an unknown printer took a ga...' at line 2
in SYSTEMPATH\Database\BaseConnection.php on line 645.
 1 APPPATH\Models\CareersModel.php(17): CodeIgniter\Database\BaseConnection->query('INSERT INTO `tbl_careers`(`maker_id`,`auth_id`,`action_type`,`action_date`,`job_title`,`job_description`,`phone`,`email`)
                VALUES(\'1\',null,\'insert\',now(),\'Job 2\',\'Lorem Ipsum is simply dummy text of the printing and typesetting industry. Lorem Ipsum has been the industry\'s standard dummy text ever since the 1500s, when an unknown printer took a galley of type and scrambled it to make a type specimen book. It has survived not only five centuries, but also the leap into electronic typesetting, remaining essentially unchanged. \',\'01245678933\',\'prism-hr@prism.com\')')
 2 APPPATH\Controllers\Admin\Careers.php(39): App\Models\CareersModel->add([...])
 3 SYSTEMPATH\CodeIgniter.php(934): App\Controllers\Admin\Careers->create()
 4 SYSTEMPATH\CodeIgniter.php(499): CodeIgniter\CodeIgniter->runController(Object(App\Controllers\Admin\Careers))
 5 SYSTEMPATH\CodeIgniter.php(368): CodeIgniter\CodeIgniter->handleRequest(null, Object(Config\Cache), false)
 6 FCPATH\index.php(67): CodeIgniter\CodeIgniter->run()
INFO - 2023-04-11 05:20:29 --> Session: Class initialized using 'CodeIgniter\Session\Handlers\FileHandler' driver.
INFO - 2023-04-11 05:20:37 --> Session: Class initialized using 'CodeIgniter\Session\Handlers\FileHandler' driver.
CRITICAL - 2023-04-11 05:22:12 --> syntax error, unexpected token "else"
in APPPATH\Controllers\Admin\Careers.php on line 41.
 1 SYSTEMPATH\Router\Router.php(507): CodeIgniter\Router\AutoRouter->getRoute('admin/careers/create')
 2 SYSTEMPATH\Router\Router.php(206): CodeIgniter\Router\Router->autoRoute('admin/careers/create')
 3 SYSTEMPATH\CodeIgniter.php(815): CodeIgniter\Router\Router->handle('admin/careers/create')
 4 SYSTEMPATH\CodeIgniter.php(449): CodeIgniter\CodeIgniter->tryToRouteIt(Object(CodeIgniter\Router\RouteCollection))
 5 SYSTEMPATH\CodeIgniter.php(368): CodeIgniter\CodeIgniter->handleRequest(null, Object(Config\Cache), false)
 6 FCPATH\index.php(67): CodeIgniter\CodeIgniter->run()
INFO - 2023-04-11 05:22:35 --> Session: Class initialized using 'CodeIgniter\Session\Handlers\FileHandler' driver.
CRITICAL - 2023-04-11 05:22:35 --> Undefined variable $joblist
in APPPATH\Views\Admin\careers.php on line 22.
 1 APPPATH\Views\Admin\careers.php(22): CodeIgniter\Debug\Exceptions->errorHandler(2, 'Undefined variable $joblist', 'APPPATH\\Views\\Admin\\careers.php', 22)
 2 SYSTEMPATH\View\View.php(213): include('APPPATH\\Views\\Admin\\careers.php')
 3 SYSTEMPATH\View\View.php(216): CodeIgniter\View\View->CodeIgniter\View\{closure}()
 4 SYSTEMPATH\Common.php(1184): CodeIgniter\View\View->render('admin/careers', [], true)
 5 APPPATH\Controllers\Admin\Careers.php(40): view('admin/careers')
 6 SYSTEMPATH\CodeIgniter.php(934): App\Controllers\Admin\Careers->create()
 7 SYSTEMPATH\CodeIgniter.php(499): CodeIgniter\CodeIgniter->runController(Object(App\Controllers\Admin\Careers))
 8 SYSTEMPATH\CodeIgniter.php(368): CodeIgniter\CodeIgniter->handleRequest(null, Object(Config\Cache), false)
 9 FCPATH\index.php(67): CodeIgniter\CodeIgniter->run()
INFO - 2023-04-11 05:24:17 --> Session: Class initialized using 'CodeIgniter\Session\Handlers\FileHandler' driver.
INFO - 2023-04-11 05:29:26 --> Session: Class initialized using 'CodeIgniter\Session\Handlers\FileHandler' driver.
INFO - 2023-04-11 05:33:49 --> Session: Class initialized using 'CodeIgniter\Session\Handlers\FileHandler' driver.
CRITICAL - 2023-04-11 06:06:55 --> Undefined property: stdClass::$description
in APPPATH\Views\Admin\property.php on line 40.
 1 APPPATH\Views\Admin\property.php(40): CodeIgniter\Debug\Exceptions->errorHandler(2, 'Undefined property: stdClass::$description', 'APPPATH\\Views\\Admin\\property.php', 40)
 2 SYSTEMPATH\View\View.php(213): include('APPPATH\\Views\\Admin\\property.php')
 3 SYSTEMPATH\View\View.php(216): CodeIgniter\View\View->CodeIgniter\View\{closure}()
 4 SYSTEMPATH\Common.php(1184): CodeIgniter\View\View->render('admin/property', [], true)
 5 APPPATH\Controllers\Admin\Property.php(11): view('admin/property', [...])
 6 SYSTEMPATH\CodeIgniter.php(934): App\Controllers\Admin\Property->index()
 7 SYSTEMPATH\CodeIgniter.php(499): CodeIgniter\CodeIgniter->runController(Object(App\Controllers\Admin\Property))
 8 SYSTEMPATH\CodeIgniter.php(368): CodeIgniter\CodeIgniter->handleRequest(null, Object(Config\Cache), false)
 9 FCPATH\index.php(67): CodeIgniter\CodeIgniter->run()
CRITICAL - 2023-04-11 06:08:04 --> Undefined property: stdClass::$property_status
in APPPATH\Views\Admin\property.php on line 43.
 1 APPPATH\Views\Admin\property.php(43): CodeIgniter\Debug\Exceptions->errorHandler(2, 'Undefined property: stdClass::$property_status', 'APPPATH\\Views\\Admin\\property.php', 43)
 2 SYSTEMPATH\View\View.php(213): include('APPPATH\\Views\\Admin\\property.php')
 3 SYSTEMPATH\View\View.php(216): CodeIgniter\View\View->CodeIgniter\View\{closure}()
 4 SYSTEMPATH\Common.php(1184): CodeIgniter\View\View->render('admin/property', [], true)
 5 APPPATH\Controllers\Admin\Property.php(11): view('admin/property', [...])
 6 SYSTEMPATH\CodeIgniter.php(934): App\Controllers\Admin\Property->index()
 7 SYSTEMPATH\CodeIgniter.php(499): CodeIgniter\CodeIgniter->runController(Object(App\Controllers\Admin\Property))
 8 SYSTEMPATH\CodeIgniter.php(368): CodeIgniter\CodeIgniter->handleRequest(null, Object(Config\Cache), false)
 9 FCPATH\index.php(67): CodeIgniter\CodeIgniter->run()
INFO - 2023-04-11 06:36:55 --> Session: Class initialized using 'CodeIgniter\Session\Handlers\FileHandler' driver.
CRITICAL - 2023-04-11 06:36:55 --> Class "App\Controllers\Admin\CareersModel" not found
in APPPATH\Controllers\Admin\Lookup.php on line 23.
 1 SYSTEMPATH\CodeIgniter.php(934): App\Controllers\Admin\Lookup->create()
 2 SYSTEMPATH\CodeIgniter.php(499): CodeIgniter\CodeIgniter->runController(Object(App\Controllers\Admin\Lookup))
 3 SYSTEMPATH\CodeIgniter.php(368): CodeIgniter\CodeIgniter->handleRequest(null, Object(Config\Cache), false)
 4 FCPATH\index.php(67): CodeIgniter\CodeIgniter->run()
INFO - 2023-04-11 06:37:25 --> Session: Class initialized using 'CodeIgniter\Session\Handlers\FileHandler' driver.
INFO - 2023-04-11 06:44:02 --> Session: Class initialized using 'CodeIgniter\Session\Handlers\FileHandler' driver.
INFO - 2023-04-11 06:47:49 --> Session: Class initialized using 'CodeIgniter\Session\Handlers\FileHandler' driver.
ERROR - 2023-04-11 06:47:49 --> mysqli_sql_exception: Cannot add or update a child row: a foreign key constraint fails (`prism`.`tbl_look_up`, CONSTRAINT `tbl_lookup_looktype_fk` FOREIGN KEY (`look_type_id`) REFERENCES `tbl_look_type` (`look_type_id`)) in C:\xampp\htdocs\prism\system\Database\MySQLi\Connection.php:295
Stack trace:
#0 C:\xampp\htdocs\prism\system\Database\MySQLi\Connection.php(295): mysqli->query('INSERT INTO `tb...', 0)
#1 C:\xampp\htdocs\prism\system\Database\BaseConnection.php(691): CodeIgniter\Database\MySQLi\Connection->execute('INSERT INTO `tb...')
#2 C:\xampp\htdocs\prism\system\Database\BaseConnection.php(605): CodeIgniter\Database\BaseConnection->simpleQuery('INSERT INTO `tb...')
#3 C:\xampp\htdocs\prism\app\Models\LookUpModel.php(22): CodeIgniter\Database\BaseConnection->query('INSERT INTO `tb...')
#4 C:\xampp\htdocs\prism\app\Controllers\Admin\Lookup.php(39): App\Models\LookUpModel->add(Array)
#5 C:\xampp\htdocs\prism\system\CodeIgniter.php(934): App\Controllers\Admin\Lookup->create()
#6 C:\xampp\htdocs\prism\system\CodeIgniter.php(499): CodeIgniter\CodeIgniter->runController(Object(App\Controllers\Admin\Lookup))
#7 C:\xampp\htdocs\prism\system\CodeIgniter.php(368): CodeIgniter\CodeIgniter->handleRequest(NULL, Object(Config\Cache), false)
#8 C:\xampp\htdocs\prism\public\index.php(67): CodeIgniter\CodeIgniter->run()
#9 {main}
CRITICAL - 2023-04-11 06:47:49 --> Cannot add or update a child row: a foreign key constraint fails (`prism`.`tbl_look_up`, CONSTRAINT `tbl_lookup_looktype_fk` FOREIGN KEY (`look_type_id`) REFERENCES `tbl_look_type` (`look_type_id`))
in SYSTEMPATH\Database\BaseConnection.php on line 645.
 1 APPPATH\Models\LookUpModel.php(22): CodeIgniter\Database\BaseConnection->query('INSERT INTO `tbl_look_up`(`maker_id`,`auth_id`,`action_type`,`action_date`,`look_up_id`,`look_up_name`,`short_name`,`sort_order`,`look_type_id`)
                            VALUES(\'1730020@iub.edu.bd\',\'NULL\',\'INSERT\',NOW(),5,\'Rent\',\'rnt\',\'1\',\'9\')')
 2 APPPATH\Controllers\Admin\Lookup.php(39): App\Models\LookUpModel->add([...])
 3 SYSTEMPATH\CodeIgniter.php(934): App\Controllers\Admin\Lookup->create()
 4 SYSTEMPATH\CodeIgniter.php(499): CodeIgniter\CodeIgniter->runController(Object(App\Controllers\Admin\Lookup))
 5 SYSTEMPATH\CodeIgniter.php(368): CodeIgniter\CodeIgniter->handleRequest(null, Object(Config\Cache), false)
 6 FCPATH\index.php(67): CodeIgniter\CodeIgniter->run()
INFO - 2023-04-11 06:55:12 --> Session: Class initialized using 'CodeIgniter\Session\Handlers\FileHandler' driver.
CRITICAL - 2023-04-11 06:55:12 --> Undefined variable $lookuplist
in APPPATH\Views\Admin\lookup.php on line 3.
 1 APPPATH\Views\Admin\lookup.php(3): CodeIgniter\Debug\Exceptions->errorHandler(2, 'Undefined variable $lookuplist', 'APPPATH\\Views\\Admin\\lookup.php', 3)
 2 SYSTEMPATH\View\View.php(213): include('APPPATH\\Views\\Admin\\lookup.php')
 3 SYSTEMPATH\View\View.php(216): CodeIgniter\View\View->CodeIgniter\View\{closure}()
 4 SYSTEMPATH\Common.php(1184): CodeIgniter\View\View->render('admin/lookup', [], true)
 5 APPPATH\Controllers\Admin\Lookup.php(43): view('admin/lookup')
 6 SYSTEMPATH\CodeIgniter.php(934): App\Controllers\Admin\Lookup->create()
 7 SYSTEMPATH\CodeIgniter.php(499): CodeIgniter\CodeIgniter->runController(Object(App\Controllers\Admin\Lookup))
 8 SYSTEMPATH\CodeIgniter.php(368): CodeIgniter\CodeIgniter->handleRequest(null, Object(Config\Cache), false)
 9 FCPATH\index.php(67): CodeIgniter\CodeIgniter->run()
INFO - 2023-04-11 06:57:50 --> Session: Class initialized using 'CodeIgniter\Session\Handlers\FileHandler' driver.
CRITICAL - 2023-04-11 06:57:50 --> Undefined variable $lookuplist
in APPPATH\Views\Admin\lookup.php on line 3.
 1 APPPATH\Views\Admin\lookup.php(3): CodeIgniter\Debug\Exceptions->errorHandler(2, 'Undefined variable $lookuplist', 'APPPATH\\Views\\Admin\\lookup.php', 3)
 2 SYSTEMPATH\View\View.php(213): include('APPPATH\\Views\\Admin\\lookup.php')
 3 SYSTEMPATH\View\View.php(216): CodeIgniter\View\View->CodeIgniter\View\{closure}()
 4 SYSTEMPATH\Common.php(1184): CodeIgniter\View\View->render('admin/lookup', [], true)
 5 APPPATH\Controllers\Admin\Lookup.php(43): view('admin/lookup')
 6 SYSTEMPATH\CodeIgniter.php(934): App\Controllers\Admin\Lookup->create()
 7 SYSTEMPATH\CodeIgniter.php(499): CodeIgniter\CodeIgniter->runController(Object(App\Controllers\Admin\Lookup))
 8 SYSTEMPATH\CodeIgniter.php(368): CodeIgniter\CodeIgniter->handleRequest(null, Object(Config\Cache), false)
 9 FCPATH\index.php(67): CodeIgniter\CodeIgniter->run()
INFO - 2023-04-11 06:59:16 --> Session: Class initialized using 'CodeIgniter\Session\Handlers\FileHandler' driver.
CRITICAL - 2023-04-11 06:59:16 --> Undefined variable $lookuplist
in APPPATH\Views\Admin\lookup.php on line 3.
 1 APPPATH\Views\Admin\lookup.php(3): CodeIgniter\Debug\Exceptions->errorHandler(2, 'Undefined variable $lookuplist', 'APPPATH\\Views\\Admin\\lookup.php', 3)
 2 SYSTEMPATH\View\View.php(213): include('APPPATH\\Views\\Admin\\lookup.php')
 3 SYSTEMPATH\View\View.php(216): CodeIgniter\View\View->CodeIgniter\View\{closure}()
 4 SYSTEMPATH\Common.php(1184): CodeIgniter\View\View->render('admin/lookup', [], true)
 5 APPPATH\Controllers\Admin\Lookup.php(43): view('admin/lookup')
 6 SYSTEMPATH\CodeIgniter.php(934): App\Controllers\Admin\Lookup->create()
 7 SYSTEMPATH\CodeIgniter.php(499): CodeIgniter\CodeIgniter->runController(Object(App\Controllers\Admin\Lookup))
 8 SYSTEMPATH\CodeIgniter.php(368): CodeIgniter\CodeIgniter->handleRequest(null, Object(Config\Cache), false)
 9 FCPATH\index.php(67): CodeIgniter\CodeIgniter->run()
INFO - 2023-04-11 07:00:00 --> Session: Class initialized using 'CodeIgniter\Session\Handlers\FileHandler' driver.
INFO - 2023-04-11 07:00:21 --> Session: Class initialized using 'CodeIgniter\Session\Handlers\FileHandler' driver.
INFO - 2023-04-11 07:00:41 --> Session: Class initialized using 'CodeIgniter\Session\Handlers\FileHandler' driver.
INFO - 2023-04-11 07:01:07 --> Session: Class initialized using 'CodeIgniter\Session\Handlers\FileHandler' driver.
INFO - 2023-04-11 07:06:12 --> Session: Class initialized using 'CodeIgniter\Session\Handlers\FileHandler' driver.
INFO - 2023-04-11 07:06:33 --> Session: Class initialized using 'CodeIgniter\Session\Handlers\FileHandler' driver.
INFO - 2023-04-11 07:06:49 --> Session: Class initialized using 'CodeIgniter\Session\Handlers\FileHandler' driver.
INFO - 2023-04-11 07:07:18 --> Session: Class initialized using 'CodeIgniter\Session\Handlers\FileHandler' driver.
INFO - 2023-04-11 07:07:51 --> Session: Class initialized using 'CodeIgniter\Session\Handlers\FileHandler' driver.
INFO - 2023-04-11 07:08:40 --> Session: Class initialized using 'CodeIgniter\Session\Handlers\FileHandler' driver.
INFO - 2023-04-11 07:09:36 --> Session: Class initialized using 'CodeIgniter\Session\Handlers\FileHandler' driver.
INFO - 2023-04-11 07:09:51 --> Session: Class initialized using 'CodeIgniter\Session\Handlers\FileHandler' driver.
INFO - 2023-04-11 07:29:21 --> Session: Class initialized using 'CodeIgniter\Session\Handlers\FileHandler' driver.
INFO - 2023-04-11 07:38:56 --> Session: Class initialized using 'CodeIgniter\Session\Handlers\FileHandler' driver.
INFO - 2023-04-11 07:42:29 --> Session: Class initialized using 'CodeIgniter\Session\Handlers\FileHandler' driver.
INFO - 2023-04-11 07:44:21 --> Session: Class initialized using 'CodeIgniter\Session\Handlers\FileHandler' driver.
CRITICAL - 2023-04-11 07:44:21 --> syntax error, unexpected token "return"
in APPPATH\Models\CompanyProfileModel.php on line 26.
 1 SYSTEMPATH\Autoloader\Autoloader.php(289): CodeIgniter\Autoloader\Autoloader->includeFile('APPPATH\\Models\\CompanyProfileModel.php')
 2 SYSTEMPATH\Autoloader\Autoloader.php(267): CodeIgniter\Autoloader\Autoloader->loadInNamespace('App\\Models\\CompanyProfileModel')
 3 APPPATH\Controllers\Admin\CompanyProfile.php(10): CodeIgniter\Autoloader\Autoloader->loadClass('App\\Models\\CompanyProfileModel')
 4 SYSTEMPATH\CodeIgniter.php(934): App\Controllers\Admin\CompanyProfile->index()
 5 SYSTEMPATH\CodeIgniter.php(499): CodeIgniter\CodeIgniter->runController(Object(App\Controllers\Admin\CompanyProfile))
 6 SYSTEMPATH\CodeIgniter.php(368): CodeIgniter\CodeIgniter->handleRequest(null, Object(Config\Cache), false)
 7 FCPATH\index.php(67): CodeIgniter\CodeIgniter->run()
INFO - 2023-04-11 07:45:13 --> Session: Class initialized using 'CodeIgniter\Session\Handlers\FileHandler' driver.
INFO - 2023-04-11 07:46:29 --> Session: Class initialized using 'CodeIgniter\Session\Handlers\FileHandler' driver.
INFO - 2023-04-11 07:47:20 --> Session: Class initialized using 'CodeIgniter\Session\Handlers\FileHandler' driver.
INFO - 2023-04-11 07:47:52 --> Session: Class initialized using 'CodeIgniter\Session\Handlers\FileHandler' driver.
INFO - 2023-04-11 07:48:02 --> Session: Class initialized using 'CodeIgniter\Session\Handlers\FileHandler' driver.
INFO - 2023-04-11 07:48:24 --> Session: Class initialized using 'CodeIgniter\Session\Handlers\FileHandler' driver.
INFO - 2023-04-11 07:48:46 --> Session: Class initialized using 'CodeIgniter\Session\Handlers\FileHandler' driver.
INFO - 2023-04-11 07:48:54 --> Session: Class initialized using 'CodeIgniter\Session\Handlers\FileHandler' driver.
INFO - 2023-04-11 07:50:04 --> Session: Class initialized using 'CodeIgniter\Session\Handlers\FileHandler' driver.
INFO - 2023-04-11 07:50:17 --> Session: Class initialized using 'CodeIgniter\Session\Handlers\FileHandler' driver.
INFO - 2023-04-11 07:51:33 --> Session: Class initialized using 'CodeIgniter\Session\Handlers\FileHandler' driver.
INFO - 2023-04-11 07:51:49 --> Session: Class initialized using 'CodeIgniter\Session\Handlers\FileHandler' driver.
INFO - 2023-04-11 07:52:52 --> Session: Class initialized using 'CodeIgniter\Session\Handlers\FileHandler' driver.
INFO - 2023-04-11 07:55:27 --> Session: Class initialized using 'CodeIgniter\Session\Handlers\FileHandler' driver.
INFO - 2023-04-11 07:56:23 --> Session: Class initialized using 'CodeIgniter\Session\Handlers\FileHandler' driver.
INFO - 2023-04-11 07:56:41 --> Session: Class initialized using 'CodeIgniter\Session\Handlers\FileHandler' driver.
INFO - 2023-04-11 07:56:53 --> Session: Class initialized using 'CodeIgniter\Session\Handlers\FileHandler' driver.
INFO - 2023-04-11 07:57:08 --> Session: Class initialized using 'CodeIgniter\Session\Handlers\FileHandler' driver.
CRITICAL - 2023-04-11 07:57:08 --> Object of class CodeIgniter\Validation\Validation could not be converted to string
in APPPATH\Controllers\Admin\CompanyProfile.php on line 43.
 1 SYSTEMPATH\CodeIgniter.php(934): App\Controllers\Admin\CompanyProfile->create()
 2 SYSTEMPATH\CodeIgniter.php(499): CodeIgniter\CodeIgniter->runController(Object(App\Controllers\Admin\CompanyProfile))
 3 SYSTEMPATH\CodeIgniter.php(368): CodeIgniter\CodeIgniter->handleRequest(null, Object(Config\Cache), false)
 4 FCPATH\index.php(67): CodeIgniter\CodeIgniter->run()
INFO - 2023-04-11 07:58:05 --> Session: Class initialized using 'CodeIgniter\Session\Handlers\FileHandler' driver.
INFO - 2023-04-11 07:58:44 --> Session: Class initialized using 'CodeIgniter\Session\Handlers\FileHandler' driver.
INFO - 2023-04-11 08:00:43 --> Session: Class initialized using 'CodeIgniter\Session\Handlers\FileHandler' driver.
INFO - 2023-04-11 08:00:50 --> Session: Class initialized using 'CodeIgniter\Session\Handlers\FileHandler' driver.
INFO - 2023-04-11 08:03:32 --> Session: Class initialized using 'CodeIgniter\Session\Handlers\FileHandler' driver.
INFO - 2023-04-11 08:05:44 --> Session: Class initialized using 'CodeIgniter\Session\Handlers\FileHandler' driver.
INFO - 2023-04-11 08:06:38 --> Session: Class initialized using 'CodeIgniter\Session\Handlers\FileHandler' driver.
INFO - 2023-04-11 08:07:15 --> Session: Class initialized using 'CodeIgniter\Session\Handlers\FileHandler' driver.
INFO - 2023-04-11 08:07:35 --> Session: Class initialized using 'CodeIgniter\Session\Handlers\FileHandler' driver.
INFO - 2023-04-11 09:32:14 --> Session: Class initialized using 'CodeIgniter\Session\Handlers\FileHandler' driver.
CRITICAL - 2023-04-11 09:32:14 --> Undefined constant "App\Models\this"
in APPPATH\Models\PropertyInfoModel.php on line 20.
 1 APPPATH\Controllers\Admin\Property.php(67): App\Models\PropertyInfoModel->add([...])
 2 SYSTEMPATH\CodeIgniter.php(934): App\Controllers\Admin\Property->create()
 3 SYSTEMPATH\CodeIgniter.php(499): CodeIgniter\CodeIgniter->runController(Object(App\Controllers\Admin\Property))
 4 SYSTEMPATH\CodeIgniter.php(368): CodeIgniter\CodeIgniter->handleRequest(null, Object(Config\Cache), false)
 5 FCPATH\index.php(67): CodeIgniter\CodeIgniter->run()
INFO - 2023-04-11 09:33:03 --> Session: Class initialized using 'CodeIgniter\Session\Handlers\FileHandler' driver.
CRITICAL - 2023-04-11 10:00:09 --> Call to undefined method CodeIgniter\Database\MySQLi\Result::getRessult()
in APPPATH\Models\PropertyInfoModel.php on line 84.
 1 APPPATH\Controllers\Admin\Property.php(17): App\Models\PropertyInfoModel->getByCriteria(1)
 2 SYSTEMPATH\CodeIgniter.php(934): App\Controllers\Admin\Property->add()
 3 SYSTEMPATH\CodeIgniter.php(499): CodeIgniter\CodeIgniter->runController(Object(App\Controllers\Admin\Property))
 4 SYSTEMPATH\CodeIgniter.php(368): CodeIgniter\CodeIgniter->handleRequest(null, Object(Config\Cache), false)
 5 FCPATH\index.php(67): CodeIgniter\CodeIgniter->run()
CRITICAL - 2023-04-11 10:00:31 --> Undefined variable $purposelist
in APPPATH\Views\Admin\propertyAdd.php on line 71.
 1 APPPATH\Views\Admin\propertyAdd.php(71): CodeIgniter\Debug\Exceptions->errorHandler(2, 'Undefined variable $purposelist', 'APPPATH\\Views\\Admin\\propertyAdd.php', 71)
 2 SYSTEMPATH\View\View.php(213): include('APPPATH\\Views\\Admin\\propertyAdd.php')
 3 SYSTEMPATH\View\View.php(216): CodeIgniter\View\View->CodeIgniter\View\{closure}()
 4 SYSTEMPATH\Common.php(1184): CodeIgniter\View\View->render('admin/propertyAdd', [], true)
 5 APPPATH\Controllers\Admin\Property.php(24): view('admin/propertyAdd')
 6 SYSTEMPATH\CodeIgniter.php(934): App\Controllers\Admin\Property->add()
 7 SYSTEMPATH\CodeIgniter.php(499): CodeIgniter\CodeIgniter->runController(Object(App\Controllers\Admin\Property))
 8 SYSTEMPATH\CodeIgniter.php(368): CodeIgniter\CodeIgniter->handleRequest(null, Object(Config\Cache), false)
 9 FCPATH\index.php(67): CodeIgniter\CodeIgniter->run()
CRITICAL - 2023-04-11 10:01:17 --> Undefined variable $purposelist
in APPPATH\Views\Admin\propertyAdd.php on line 71.
 1 APPPATH\Views\Admin\propertyAdd.php(71): CodeIgniter\Debug\Exceptions->errorHandler(2, 'Undefined variable $purposelist', 'APPPATH\\Views\\Admin\\propertyAdd.php', 71)
 2 SYSTEMPATH\View\View.php(213): include('APPPATH\\Views\\Admin\\propertyAdd.php')
 3 SYSTEMPATH\View\View.php(216): CodeIgniter\View\View->CodeIgniter\View\{closure}()
 4 SYSTEMPATH\Common.php(1184): CodeIgniter\View\View->render('admin/propertyAdd', [], true)
 5 APPPATH\Controllers\Admin\Property.php(24): view('admin/propertyAdd')
 6 SYSTEMPATH\CodeIgniter.php(934): App\Controllers\Admin\Property->add()
 7 SYSTEMPATH\CodeIgniter.php(499): CodeIgniter\CodeIgniter->runController(Object(App\Controllers\Admin\Property))
 8 SYSTEMPATH\CodeIgniter.php(368): CodeIgniter\CodeIgniter->handleRequest(null, Object(Config\Cache), false)
 9 FCPATH\index.php(67): CodeIgniter\CodeIgniter->run()
INFO - 2023-04-11 10:09:17 --> Session: Class initialized using 'CodeIgniter\Session\Handlers\FileHandler' driver.
ERROR - 2023-04-11 10:09:17 --> mysqli_sql_exception: Cannot add or update a child row: a foreign key constraint fails (`prism`.`tbl_property_info`, CONSTRAINT `tbl_propertyinfo_lookup_fk` FOREIGN KEY (`email`) REFERENCES `tbl_user_info` (`email`)) in C:\xampp\htdocs\prism\system\Database\MySQLi\Connection.php:295
Stack trace:
#0 C:\xampp\htdocs\prism\system\Database\MySQLi\Connection.php(295): mysqli->query('INSERT INTO `tb...', 0)
#1 C:\xampp\htdocs\prism\system\Database\BaseConnection.php(691): CodeIgniter\Database\MySQLi\Connection->execute('INSERT INTO `tb...')
#2 C:\xampp\htdocs\prism\system\Database\BaseConnection.php(605): CodeIgniter\Database\BaseConnection->simpleQuery('INSERT INTO `tb...')
#3 C:\xampp\htdocs\prism\app\Models\PropertyInfoModel.php(21): CodeIgniter\Database\BaseConnection->query('INSERT INTO `tb...')
#4 C:\xampp\htdocs\prism\app\Controllers\Admin\Property.php(75): App\Models\PropertyInfoModel->add(Array)
#5 C:\xampp\htdocs\prism\system\CodeIgniter.php(934): App\Controllers\Admin\Property->create()
#6 C:\xampp\htdocs\prism\system\CodeIgniter.php(499): CodeIgniter\CodeIgniter->runController(Object(App\Controllers\Admin\Property))
#7 C:\xampp\htdocs\prism\system\CodeIgniter.php(368): CodeIgniter\CodeIgniter->handleRequest(NULL, Object(Config\Cache), false)
#8 C:\xampp\htdocs\prism\public\index.php(67): CodeIgniter\CodeIgniter->run()
#9 {main}
CRITICAL - 2023-04-11 10:09:17 --> Cannot add or update a child row: a foreign key constraint fails (`prism`.`tbl_property_info`, CONSTRAINT `tbl_propertyinfo_lookup_fk` FOREIGN KEY (`email`) REFERENCES `tbl_user_info` (`email`))
in SYSTEMPATH\Database\BaseConnection.php on line 645.
 1 APPPATH\Models\PropertyInfoModel.php(21): CodeIgniter\Database\BaseConnection->query('INSERT INTO `tbl_property_info`(`auth_id`,`action_type`,`action_date`,`property_id`,`property_name`,`description`,`city`,`property_area`,`property_size`,`beds`,`baths`,`price`,`is_occupied`,`floor_plan`,`phone_number`,`property_address`,`level`,`email`,`purpose_code`,`property_type_code`,`descriptive_status_code`,`amenities_code`,`property_status_code`)
                            VALUES(null,\'insert\',now(),\'2\',\'\',\'Lorem Ipsum is simply dummy text of the printing and typesetting industry. Lorem Ipsum has been the industry\\\'s standard dummy text ever since the 1500s, when an unknown printer took a galley of type and scrambled it to make a type specimen book. \',\'dhaka\',\'mirpur\',\'1200 sqt\',\'3\',\'3\',5000000,0,\'\',\'01478523699\',\'1296, east monipur mirpur dhaka 1216\',\'4\',\'meglamimi703@gmail.com\',\'7\',\'3\',\'15\',\'5\',\'8\')')
 2 APPPATH\Controllers\Admin\Property.php(75): App\Models\PropertyInfoModel->add([...])
 3 SYSTEMPATH\CodeIgniter.php(934): App\Controllers\Admin\Property->create()
 4 SYSTEMPATH\CodeIgniter.php(499): CodeIgniter\CodeIgniter->runController(Object(App\Controllers\Admin\Property))
 5 SYSTEMPATH\CodeIgniter.php(368): CodeIgniter\CodeIgniter->handleRequest(null, Object(Config\Cache), false)
 6 FCPATH\index.php(67): CodeIgniter\CodeIgniter->run()
INFO - 2023-04-11 10:10:22 --> Session: Class initialized using 'CodeIgniter\Session\Handlers\FileHandler' driver.
ERROR - 2023-04-11 10:10:22 --> mysqli_sql_exception: Cannot add or update a child row: a foreign key constraint fails (`prism`.`tbl_property_info`, CONSTRAINT `tbl_propertyinfo_lookup_fk` FOREIGN KEY (`email`) REFERENCES `tbl_user_info` (`email`)) in C:\xampp\htdocs\prism\system\Database\MySQLi\Connection.php:295
Stack trace:
#0 C:\xampp\htdocs\prism\system\Database\MySQLi\Connection.php(295): mysqli->query('INSERT INTO `tb...', 0)
#1 C:\xampp\htdocs\prism\system\Database\BaseConnection.php(691): CodeIgniter\Database\MySQLi\Connection->execute('INSERT INTO `tb...')
#2 C:\xampp\htdocs\prism\system\Database\BaseConnection.php(605): CodeIgniter\Database\BaseConnection->simpleQuery('INSERT INTO `tb...')
#3 C:\xampp\htdocs\prism\app\Models\PropertyInfoModel.php(21): CodeIgniter\Database\BaseConnection->query('INSERT INTO `tb...')
#4 C:\xampp\htdocs\prism\app\Controllers\Admin\Property.php(75): App\Models\PropertyInfoModel->add(Array)
#5 C:\xampp\htdocs\prism\system\CodeIgniter.php(934): App\Controllers\Admin\Property->create()
#6 C:\xampp\htdocs\prism\system\CodeIgniter.php(499): CodeIgniter\CodeIgniter->runController(Object(App\Controllers\Admin\Property))
#7 C:\xampp\htdocs\prism\system\CodeIgniter.php(368): CodeIgniter\CodeIgniter->handleRequest(NULL, Object(Config\Cache), false)
#8 C:\xampp\htdocs\prism\public\index.php(67): CodeIgniter\CodeIgniter->run()
#9 {main}
CRITICAL - 2023-04-11 10:10:22 --> Cannot add or update a child row: a foreign key constraint fails (`prism`.`tbl_property_info`, CONSTRAINT `tbl_propertyinfo_lookup_fk` FOREIGN KEY (`email`) REFERENCES `tbl_user_info` (`email`))
in SYSTEMPATH\Database\BaseConnection.php on line 645.
 1 APPPATH\Models\PropertyInfoModel.php(21): CodeIgniter\Database\BaseConnection->query('INSERT INTO `tbl_property_info`(`auth_id`,`action_type`,`action_date`,`property_id`,`property_name`,`description`,`city`,`property_area`,`property_size`,`beds`,`baths`,`price`,`is_occupied`,`floor_plan`,`phone_number`,`property_address`,`level`,`email`,`purpose_code`,`property_type_code`,`descriptive_status_code`,`amenities_code`,`property_status_code`)
                            VALUES(null,\'insert\',now(),\'2\',\'\',\'Lorem Ipsum is simply dummy text of the printing and typesetting industry. Lorem Ipsum has been the industry\\\'s standard dummy text ever since the 1500s, when an unknown printer took a galley of type and scrambled it to make a type specimen book. \',\'dhaka\',\'mirpur\',\'1200 sqt\',\'3\',\'3\',5000000,0,\'\',\'01478523699\',\'1296, east monipur mirpur dhaka 1216\',\'4\',\'mushfiq.rh6115@gmail.com\',\'7\',\'3\',\'15\',\'5\',\'8\')')
 2 APPPATH\Controllers\Admin\Property.php(75): App\Models\PropertyInfoModel->add([...])
 3 SYSTEMPATH\CodeIgniter.php(934): App\Controllers\Admin\Property->create()
 4 SYSTEMPATH\CodeIgniter.php(499): CodeIgniter\CodeIgniter->runController(Object(App\Controllers\Admin\Property))
 5 SYSTEMPATH\CodeIgniter.php(368): CodeIgniter\CodeIgniter->handleRequest(null, Object(Config\Cache), false)
 6 FCPATH\index.php(67): CodeIgniter\CodeIgniter->run()
INFO - 2023-04-11 10:10:49 --> Session: Class initialized using 'CodeIgniter\Session\Handlers\FileHandler' driver.
INFO - 2023-04-11 10:35:41 --> Session: Class initialized using 'CodeIgniter\Session\Handlers\FileHandler' driver.
INFO - 2023-04-11 10:35:42 --> Session: Class initialized using 'CodeIgniter\Session\Handlers\FileHandler' driver.
