CRITICAL - 2023-04-02 03:06:08 --> syntax error, unexpected variable "$query", expecting "function" or "const"
in APPPATH\Models\LookUpModel.php on line 47.
 1 SYSTEMPATH\Autoloader\Autoloader.php(289): CodeIgniter\Autoloader\Autoloader->includeFile('APPPATH\\Models\\LookUpModel.php')
 2 SYSTEMPATH\Autoloader\Autoloader.php(267): CodeIgniter\Autoloader\Autoloader->loadInNamespace('App\\Models\\LookUpModel')
 3 APPPATH\Controllers\Home.php(27): CodeIgniter\Autoloader\Autoloader->loadClass('App\\Models\\LookUpModel')
 4 SYSTEMPATH\CodeIgniter.php(934): App\Controllers\Home->index()
 5 SYSTEMPATH\CodeIgniter.php(499): CodeIgniter\CodeIgniter->runController(Object(App\Controllers\Home))
 6 SYSTEMPATH\CodeIgniter.php(368): CodeIgniter\CodeIgniter->handleRequest(null, Object(Config\Cache), false)
 7 FCPATH\index.php(67): CodeIgniter\CodeIgniter->run()
ERROR - 2023-04-02 03:07:29 --> mysqli_sql_exception: Cannot add or update a child row: a foreign key constraint fails (`prism`.`tbl_look_up`, CONSTRAINT `tbl_lookup_userinfo_fk` FOREIGN KEY (`maker_id`) REFERENCES `tbl_user_info` (`email`)) in C:\xampp\htdocs\prism\system\Database\MySQLi\Connection.php:295
Stack trace:
#0 C:\xampp\htdocs\prism\system\Database\MySQLi\Connection.php(295): mysqli->query(' UPDATE `tbl_lo...', 0)
#1 C:\xampp\htdocs\prism\system\Database\BaseConnection.php(691): CodeIgniter\Database\MySQLi\Connection->execute(' UPDATE `tbl_lo...')
#2 C:\xampp\htdocs\prism\system\Database\BaseConnection.php(605): CodeIgniter\Database\BaseConnection->simpleQuery(' UPDATE `tbl_lo...')
#3 C:\xampp\htdocs\prism\app\Models\LookUpModel.php(47): CodeIgniter\Database\BaseConnection->query(' UPDATE `tbl_lo...')
#4 C:\xampp\htdocs\prism\app\Controllers\Home.php(29): App\Models\LookUpModel->edit(2, 'Amenities', 'Amn')
#5 C:\xampp\htdocs\prism\system\CodeIgniter.php(934): App\Controllers\Home->index()
#6 C:\xampp\htdocs\prism\system\CodeIgniter.php(499): CodeIgniter\CodeIgniter->runController(Object(App\Controllers\Home))
#7 C:\xampp\htdocs\prism\system\CodeIgniter.php(368): CodeIgniter\CodeIgniter->handleRequest(NULL, Object(Config\Cache), false)
#8 C:\xampp\htdocs\prism\public\index.php(67): CodeIgniter\CodeIgniter->run()
#9 {main}
CRITICAL - 2023-04-02 03:07:29 --> Cannot add or update a child row: a foreign key constraint fails (`prism`.`tbl_look_up`, CONSTRAINT `tbl_lookup_userinfo_fk` FOREIGN KEY (`maker_id`) REFERENCES `tbl_user_info` (`email`))
in SYSTEMPATH\Database\BaseConnection.php on line 645.
 1 APPPATH\Models\LookUpModel.php(47): CodeIgniter\Database\BaseConnection->query(' UPDATE `tbl_look_up`
                            SET
                            `maker_id` = \'1\',
                            `auth_id` = \'1\',
                            `action_type` = \'update\',
                            `action_date` = now(),
                            `look_up_id` = 2,
                            `look_up_name` = \'Amenities\',
                            `short_name` = \'Amn\',
                            `sort_order` = 2,
                            `look_type_id` = 3
                            WHERE `look_up_id` = 2')
 2 APPPATH\Controllers\Home.php(29): App\Models\LookUpModel->edit(2, 'Amenities', 'Amn')
 3 SYSTEMPATH\CodeIgniter.php(934): App\Controllers\Home->index()
 4 SYSTEMPATH\CodeIgniter.php(499): CodeIgniter\CodeIgniter->runController(Object(App\Controllers\Home))
 5 SYSTEMPATH\CodeIgniter.php(368): CodeIgniter\CodeIgniter->handleRequest(null, Object(Config\Cache), false)
 6 FCPATH\index.php(67): CodeIgniter\CodeIgniter->run()
