INFO - 2023-04-10 04:39:34 --> Session: Class initialized using 'CodeIgniter\Session\Handlers\FileHandler' driver.
INFO - 2023-04-10 04:39:37 --> Session: Class initialized using 'CodeIgniter\Session\Handlers\FileHandler' driver.
INFO - 2023-04-10 04:42:59 --> Session: Class initialized using 'CodeIgniter\Session\Handlers\FileHandler' driver.
INFO - 2023-04-10 04:43:01 --> Session: Class initialized using 'CodeIgniter\Session\Handlers\FileHandler' driver.
INFO - 2023-04-10 04:53:09 --> Session: Class initialized using 'CodeIgniter\Session\Handlers\FileHandler' driver.
CRITICAL - 2023-04-10 04:53:09 --> Class "App\Controllers\Admin\UserInfoModel" not found
in APPPATH\Controllers\Admin\User.php on line 29.
 1 SYSTEMPATH\CodeIgniter.php(934): App\Controllers\Admin\User->create()
 2 SYSTEMPATH\CodeIgniter.php(499): CodeIgniter\CodeIgniter->runController(Object(App\Controllers\Admin\User))
 3 SYSTEMPATH\CodeIgniter.php(368): CodeIgniter\CodeIgniter->handleRequest(null, Object(Config\Cache), false)
 4 FCPATH\index.php(67): CodeIgniter\CodeIgniter->run()
INFO - 2023-04-10 04:54:24 --> Session: Class initialized using 'CodeIgniter\Session\Handlers\FileHandler' driver.
INFO - 2023-04-10 04:57:15 --> Session: Class initialized using 'CodeIgniter\Session\Handlers\FileHandler' driver.
INFO - 2023-04-10 04:58:09 --> Session: Class initialized using 'CodeIgniter\Session\Handlers\FileHandler' driver.
INFO - 2023-04-10 04:58:45 --> Session: Class initialized using 'CodeIgniter\Session\Handlers\FileHandler' driver.
INFO - 2023-04-10 04:58:45 --> Session: Class initialized using 'CodeIgniter\Session\Handlers\FileHandler' driver.
INFO - 2023-04-10 04:59:05 --> Session: Class initialized using 'CodeIgniter\Session\Handlers\FileHandler' driver.
INFO - 2023-04-10 05:00:17 --> Session: Class initialized using 'CodeIgniter\Session\Handlers\FileHandler' driver.
CRITICAL - 2023-04-10 05:09:25 --> Undefined variable $email
in APPPATH\Models\UserInfoModel.php on line 62.
 1 APPPATH\Models\UserInfoModel.php(62): CodeIgniter\Debug\Exceptions->errorHandler(2, 'Undefined variable $email', 'APPPATH\\Models\\UserInfoModel.php', 62)
 2 APPPATH\Controllers\Admin\User.php(11): App\Models\UserInfoModel->get()
 3 SYSTEMPATH\CodeIgniter.php(934): App\Controllers\Admin\User->index()
 4 SYSTEMPATH\CodeIgniter.php(499): CodeIgniter\CodeIgniter->runController(Object(App\Controllers\Admin\User))
 5 SYSTEMPATH\CodeIgniter.php(368): CodeIgniter\CodeIgniter->handleRequest(null, Object(Config\Cache), false)
 6 FCPATH\index.php(67): CodeIgniter\CodeIgniter->run()
CRITICAL - 2023-04-10 05:10:00 --> view(): Argument #2 ($data) must be of type array, stdClass given, called in C:\xampp\htdocs\prism\app\Controllers\Admin\User.php on line 13
in SYSTEMPATH\Common.php on line 1172.
 1 APPPATH\Controllers\Admin\User.php(13): view('admin/user', Object(stdClass))
 2 SYSTEMPATH\CodeIgniter.php(934): App\Controllers\Admin\User->index()
 3 SYSTEMPATH\CodeIgniter.php(499): CodeIgniter\CodeIgniter->runController(Object(App\Controllers\Admin\User))
 4 SYSTEMPATH\CodeIgniter.php(368): CodeIgniter\CodeIgniter->handleRequest(null, Object(Config\Cache), false)
 5 FCPATH\index.php(67): CodeIgniter\CodeIgniter->run()
CRITICAL - 2023-04-10 05:11:33 --> Undefined variable $data
in APPPATH\Views\Admin\user.php on line 4.
 1 APPPATH\Views\Admin\user.php(4): CodeIgniter\Debug\Exceptions->errorHandler(2, 'Undefined variable $data', 'APPPATH\\Views\\Admin\\user.php', 4)
 2 SYSTEMPATH\View\View.php(213): include('APPPATH\\Views\\Admin\\user.php')
 3 SYSTEMPATH\View\View.php(216): CodeIgniter\View\View->CodeIgniter\View\{closure}()
 4 SYSTEMPATH\Common.php(1184): CodeIgniter\View\View->render('admin/user', [], true)
 5 APPPATH\Controllers\Admin\User.php(13): view('admin/user', [...])
 6 SYSTEMPATH\CodeIgniter.php(934): App\Controllers\Admin\User->index()
 7 SYSTEMPATH\CodeIgniter.php(499): CodeIgniter\CodeIgniter->runController(Object(App\Controllers\Admin\User))
 8 SYSTEMPATH\CodeIgniter.php(368): CodeIgniter\CodeIgniter->handleRequest(null, Object(Config\Cache), false)
 9 FCPATH\index.php(67): CodeIgniter\CodeIgniter->run()
CRITICAL - 2023-04-10 06:25:50 --> view(): Argument #2 ($data) must be of type array, stdClass given, called in C:\xampp\htdocs\prism\app\Controllers\Admin\User.php on line 30
in SYSTEMPATH\Common.php on line 1172.
 1 APPPATH\Controllers\Admin\User.php(30): view('admin/userAddEdit', Object(stdClass))
 2 SYSTEMPATH\CodeIgniter.php(934): App\Controllers\Admin\User->edit('shovon@gmail.com')
 3 SYSTEMPATH\CodeIgniter.php(499): CodeIgniter\CodeIgniter->runController(Object(App\Controllers\Admin\User))
 4 SYSTEMPATH\CodeIgniter.php(368): CodeIgniter\CodeIgniter->handleRequest(null, Object(Config\Cache), false)
 5 FCPATH\index.php(67): CodeIgniter\CodeIgniter->run()
CRITICAL - 2023-04-10 06:27:59 --> Undefined variable $item
in APPPATH\Views\Admin\userAddEdit.php on line 13.
 1 APPPATH\Views\Admin\userAddEdit.php(13): CodeIgniter\Debug\Exceptions->errorHandler(2, 'Undefined variable $item', 'APPPATH\\Views\\Admin\\userAddEdit.php', 13)
 2 SYSTEMPATH\View\View.php(213): include('APPPATH\\Views\\Admin\\userAddEdit.php')
 3 SYSTEMPATH\View\View.php(216): CodeIgniter\View\View->CodeIgniter\View\{closure}()
 4 SYSTEMPATH\Common.php(1184): CodeIgniter\View\View->render('admin/userAddEdit', [], true)
 5 APPPATH\Controllers\Admin\User.php(17): view('admin/userAddEdit')
 6 SYSTEMPATH\CodeIgniter.php(934): App\Controllers\Admin\User->add()
 7 SYSTEMPATH\CodeIgniter.php(499): CodeIgniter\CodeIgniter->runController(Object(App\Controllers\Admin\User))
 8 SYSTEMPATH\CodeIgniter.php(368): CodeIgniter\CodeIgniter->handleRequest(null, Object(Config\Cache), false)
 9 FCPATH\index.php(67): CodeIgniter\CodeIgniter->run()
INFO - 2023-04-10 06:32:18 --> Session: Class initialized using 'CodeIgniter\Session\Handlers\FileHandler' driver.
INFO - 2023-04-10 06:39:35 --> Session: Class initialized using 'CodeIgniter\Session\Handlers\FileHandler' driver.
INFO - 2023-04-10 06:41:13 --> Session: Class initialized using 'CodeIgniter\Session\Handlers\FileHandler' driver.
INFO - 2023-04-10 06:41:49 --> Session: Class initialized using 'CodeIgniter\Session\Handlers\FileHandler' driver.
INFO - 2023-04-10 06:42:24 --> Session: Class initialized using 'CodeIgniter\Session\Handlers\FileHandler' driver.
INFO - 2023-04-10 06:42:35 --> Session: Class initialized using 'CodeIgniter\Session\Handlers\FileHandler' driver.
INFO - 2023-04-10 06:43:03 --> Session: Class initialized using 'CodeIgniter\Session\Handlers\FileHandler' driver.
INFO - 2023-04-10 06:43:15 --> Session: Class initialized using 'CodeIgniter\Session\Handlers\FileHandler' driver.
INFO - 2023-04-10 06:43:28 --> Session: Class initialized using 'CodeIgniter\Session\Handlers\FileHandler' driver.
INFO - 2023-04-10 06:44:34 --> Session: Class initialized using 'CodeIgniter\Session\Handlers\FileHandler' driver.
INFO - 2023-04-10 06:44:43 --> Session: Class initialized using 'CodeIgniter\Session\Handlers\FileHandler' driver.
INFO - 2023-04-10 06:45:27 --> Session: Class initialized using 'CodeIgniter\Session\Handlers\FileHandler' driver.
INFO - 2023-04-10 06:45:38 --> Session: Class initialized using 'CodeIgniter\Session\Handlers\FileHandler' driver.
INFO - 2023-04-10 06:45:54 --> Session: Class initialized using 'CodeIgniter\Session\Handlers\FileHandler' driver.
INFO - 2023-04-10 06:46:08 --> Session: Class initialized using 'CodeIgniter\Session\Handlers\FileHandler' driver.
INFO - 2023-04-10 06:49:20 --> Session: Class initialized using 'CodeIgniter\Session\Handlers\FileHandler' driver.
INFO - 2023-04-10 06:49:31 --> Session: Class initialized using 'CodeIgniter\Session\Handlers\FileHandler' driver.
INFO - 2023-04-10 06:59:52 --> Session: Class initialized using 'CodeIgniter\Session\Handlers\FileHandler' driver.
INFO - 2023-04-10 07:00:02 --> Session: Class initialized using 'CodeIgniter\Session\Handlers\FileHandler' driver.
INFO - 2023-04-10 07:00:04 --> Session: Class initialized using 'CodeIgniter\Session\Handlers\FileHandler' driver.
ERROR - 2023-04-10 07:00:04 --> Error connecting to the database: mysqli_sql_exception: Access denied for user 'root'@'localhost' (using password: YES) in C:\xampp\htdocs\prism\system\Database\MySQLi\Connection.php:174
Stack trace:
#0 C:\xampp\htdocs\prism\system\Database\MySQLi\Connection.php(174): mysqli->real_connect('localhost', 'root', 'lbsl@123', 'prism', 3306, '', 0)
#1 C:\xampp\htdocs\prism\system\Database\BaseConnection.php(391): CodeIgniter\Database\MySQLi\Connection->connect(false)
#2 C:\xampp\htdocs\prism\system\Database\BaseConnection.php(573): CodeIgniter\Database\BaseConnection->initialize()
#3 C:\xampp\htdocs\prism\app\Models\UserInfoModel.php(50): CodeIgniter\Database\BaseConnection->query('SELECT * FROM t...')
#4 C:\xampp\htdocs\prism\app\Controllers\LogIn.php(22): App\Models\UserInfoModel->IsExist('joy@gmail.com')
#5 C:\xampp\htdocs\prism\system\CodeIgniter.php(934): App\Controllers\Login->signin()
#6 C:\xampp\htdocs\prism\system\CodeIgniter.php(499): CodeIgniter\CodeIgniter->runController(Object(App\Controllers\Login))
#7 C:\xampp\htdocs\prism\system\CodeIgniter.php(368): CodeIgniter\CodeIgniter->handleRequest(NULL, Object(Config\Cache), false)
#8 C:\xampp\htdocs\prism\public\index.php(67): CodeIgniter\CodeIgniter->run()
#9 {main}

Next CodeIgniter\Database\Exceptions\DatabaseException: Access denied for user '****'@'localhost' (using password: YES) in C:\xampp\htdocs\prism\system\Database\MySQLi\Connection.php:218
Stack trace:
#0 C:\xampp\htdocs\prism\system\Database\BaseConnection.php(391): CodeIgniter\Database\MySQLi\Connection->connect(false)
#1 C:\xampp\htdocs\prism\system\Database\BaseConnection.php(573): CodeIgniter\Database\BaseConnection->initialize()
#2 C:\xampp\htdocs\prism\app\Models\UserInfoModel.php(50): CodeIgniter\Database\BaseConnection->query('SELECT * FROM t...')
#3 C:\xampp\htdocs\prism\app\Controllers\LogIn.php(22): App\Models\UserInfoModel->IsExist('joy@gmail.com')
#4 C:\xampp\htdocs\prism\system\CodeIgniter.php(934): App\Controllers\Login->signin()
#5 C:\xampp\htdocs\prism\system\CodeIgniter.php(499): CodeIgniter\CodeIgniter->runController(Object(App\Controllers\Login))
#6 C:\xampp\htdocs\prism\system\CodeIgniter.php(368): CodeIgniter\CodeIgniter->handleRequest(NULL, Object(Config\Cache), false)
#7 C:\xampp\htdocs\prism\public\index.php(67): CodeIgniter\CodeIgniter->run()
#8 {main}
CRITICAL - 2023-04-10 07:00:04 --> Unable to connect to the database.
Main connection [MySQLi]: Access denied for user '****'@'localhost' (using password: YES)
in SYSTEMPATH\Database\BaseConnection.php on line 427.
 1 SYSTEMPATH\Database\BaseConnection.php(573): CodeIgniter\Database\BaseConnection->initialize()
 2 APPPATH\Models\UserInfoModel.php(50): CodeIgniter\Database\BaseConnection->query('SELECT * FROM tbl_user_info where `email` = \'joy@gmail.com\'')
 3 APPPATH\Controllers\LogIn.php(22): App\Models\UserInfoModel->IsExist('joy@gmail.com')
 4 SYSTEMPATH\CodeIgniter.php(934): App\Controllers\Login->signin()
 5 SYSTEMPATH\CodeIgniter.php(499): CodeIgniter\CodeIgniter->runController(Object(App\Controllers\Login))
 6 SYSTEMPATH\CodeIgniter.php(368): CodeIgniter\CodeIgniter->handleRequest(null, Object(Config\Cache), false)
 7 FCPATH\index.php(67): CodeIgniter\CodeIgniter->run()
INFO - 2023-04-10 07:00:25 --> Session: Class initialized using 'CodeIgniter\Session\Handlers\FileHandler' driver.
INFO - 2023-04-10 07:04:10 --> Session: Class initialized using 'CodeIgniter\Session\Handlers\FileHandler' driver.
INFO - 2023-04-10 07:04:18 --> Session: Class initialized using 'CodeIgniter\Session\Handlers\FileHandler' driver.
INFO - 2023-04-10 07:04:28 --> Session: Class initialized using 'CodeIgniter\Session\Handlers\FileHandler' driver.
INFO - 2023-04-10 07:07:21 --> Session: Class initialized using 'CodeIgniter\Session\Handlers\FileHandler' driver.
INFO - 2023-04-10 07:07:41 --> Session: Class initialized using 'CodeIgniter\Session\Handlers\FileHandler' driver.
INFO - 2023-04-10 07:08:19 --> Session: Class initialized using 'CodeIgniter\Session\Handlers\FileHandler' driver.
INFO - 2023-04-10 07:08:25 --> Session: Class initialized using 'CodeIgniter\Session\Handlers\FileHandler' driver.
INFO - 2023-04-10 07:08:29 --> Session: Class initialized using 'CodeIgniter\Session\Handlers\FileHandler' driver.
INFO - 2023-04-10 07:08:33 --> Session: Class initialized using 'CodeIgniter\Session\Handlers\FileHandler' driver.
INFO - 2023-04-10 07:08:40 --> Session: Class initialized using 'CodeIgniter\Session\Handlers\FileHandler' driver.
INFO - 2023-04-10 07:09:59 --> Session: Class initialized using 'CodeIgniter\Session\Handlers\FileHandler' driver.
INFO - 2023-04-10 07:10:18 --> Session: Class initialized using 'CodeIgniter\Session\Handlers\FileHandler' driver.
INFO - 2023-04-10 07:10:32 --> Session: Class initialized using 'CodeIgniter\Session\Handlers\FileHandler' driver.
ERROR - 2023-04-10 07:57:01 --> mysqli_sql_exception: Unknown column 'email' in 'order clause' in C:\xampp\htdocs\prism\system\Database\MySQLi\Connection.php:295
Stack trace:
#0 C:\xampp\htdocs\prism\system\Database\MySQLi\Connection.php(295): mysqli->query('SELECT * FROM t...', 0)
#1 C:\xampp\htdocs\prism\system\Database\BaseConnection.php(691): CodeIgniter\Database\MySQLi\Connection->execute('SELECT * FROM t...')
#2 C:\xampp\htdocs\prism\system\Database\BaseConnection.php(605): CodeIgniter\Database\BaseConnection->simpleQuery('SELECT * FROM t...')
#3 C:\xampp\htdocs\prism\app\Models\LookTypeModel.php(49): CodeIgniter\Database\BaseConnection->query('SELECT * FROM t...')
#4 C:\xampp\htdocs\prism\app\Controllers\Admin\LookType.php(11): App\Models\LookTypeModel->get()
#5 C:\xampp\htdocs\prism\system\CodeIgniter.php(934): App\Controllers\Admin\Looktype->index()
#6 C:\xampp\htdocs\prism\system\CodeIgniter.php(499): CodeIgniter\CodeIgniter->runController(Object(App\Controllers\Admin\Looktype))
#7 C:\xampp\htdocs\prism\system\CodeIgniter.php(368): CodeIgniter\CodeIgniter->handleRequest(NULL, Object(Config\Cache), false)
#8 C:\xampp\htdocs\prism\public\index.php(67): CodeIgniter\CodeIgniter->run()
#9 {main}
CRITICAL - 2023-04-10 07:57:01 --> Unknown column 'email' in 'order clause'
in SYSTEMPATH\Database\BaseConnection.php on line 645.
 1 APPPATH\Models\LookTypeModel.php(49): CodeIgniter\Database\BaseConnection->query('SELECT * FROM tbl_look_type ORDER BY email')
 2 APPPATH\Controllers\Admin\LookType.php(11): App\Models\LookTypeModel->get()
 3 SYSTEMPATH\CodeIgniter.php(934): App\Controllers\Admin\Looktype->index()
 4 SYSTEMPATH\CodeIgniter.php(499): CodeIgniter\CodeIgniter->runController(Object(App\Controllers\Admin\Looktype))
 5 SYSTEMPATH\CodeIgniter.php(368): CodeIgniter\CodeIgniter->handleRequest(null, Object(Config\Cache), false)
 6 FCPATH\index.php(67): CodeIgniter\CodeIgniter->run()
CRITICAL - 2023-04-10 07:57:59 --> syntax error, unexpected identifier "print_r", expecting "," or ";"
in APPPATH\Views\Admin\looktype.php on line 3.
 1 SYSTEMPATH\View\View.php(216): CodeIgniter\View\View->CodeIgniter\View\{closure}()
 2 SYSTEMPATH\Common.php(1184): CodeIgniter\View\View->render('admin/looktype', [], true)
 3 APPPATH\Controllers\Admin\LookType.php(12): view('admin/looktype', [...])
 4 SYSTEMPATH\CodeIgniter.php(934): App\Controllers\Admin\Looktype->index()
 5 SYSTEMPATH\CodeIgniter.php(499): CodeIgniter\CodeIgniter->runController(Object(App\Controllers\Admin\Looktype))
 6 SYSTEMPATH\CodeIgniter.php(368): CodeIgniter\CodeIgniter->handleRequest(null, Object(Config\Cache), false)
 7 FCPATH\index.php(67): CodeIgniter\CodeIgniter->run()
CRITICAL - 2023-04-10 08:28:21 --> Class "App\Controllers\Admin\LookUpModel" not found
in APPPATH\Controllers\Admin\Lookup.php on line 9.
 1 SYSTEMPATH\CodeIgniter.php(934): App\Controllers\Admin\Lookup->index()
 2 SYSTEMPATH\CodeIgniter.php(499): CodeIgniter\CodeIgniter->runController(Object(App\Controllers\Admin\Lookup))
 3 SYSTEMPATH\CodeIgniter.php(368): CodeIgniter\CodeIgniter->handleRequest(null, Object(Config\Cache), false)
 4 FCPATH\index.php(67): CodeIgniter\CodeIgniter->run()
CRITICAL - 2023-04-10 08:29:30 --> syntax error, unexpected identifier "print_r", expecting "," or ";"
in APPPATH\Views\Admin\lookup.php on line 3.
 1 SYSTEMPATH\View\View.php(216): CodeIgniter\View\View->CodeIgniter\View\{closure}()
 2 SYSTEMPATH\Common.php(1184): CodeIgniter\View\View->render('admin/lookup', [], true)
 3 APPPATH\Controllers\Admin\Lookup.php(11): view('admin/lookup', [...])
 4 SYSTEMPATH\CodeIgniter.php(934): App\Controllers\Admin\Lookup->index()
 5 SYSTEMPATH\CodeIgniter.php(499): CodeIgniter\CodeIgniter->runController(Object(App\Controllers\Admin\Lookup))
 6 SYSTEMPATH\CodeIgniter.php(368): CodeIgniter\CodeIgniter->handleRequest(null, Object(Config\Cache), false)
 7 FCPATH\index.php(67): CodeIgniter\CodeIgniter->run()
CRITICAL - 2023-04-10 08:38:23 --> Undefined variable $userlist
in APPPATH\Views\Admin\lookup.php on line 21.
 1 APPPATH\Views\Admin\lookup.php(21): CodeIgniter\Debug\Exceptions->errorHandler(2, 'Undefined variable $userlist', 'APPPATH\\Views\\Admin\\lookup.php', 21)
 2 SYSTEMPATH\View\View.php(213): include('APPPATH\\Views\\Admin\\lookup.php')
 3 SYSTEMPATH\View\View.php(216): CodeIgniter\View\View->CodeIgniter\View\{closure}()
 4 SYSTEMPATH\Common.php(1184): CodeIgniter\View\View->render('admin/lookup', [], true)
 5 APPPATH\Controllers\Admin\Lookup.php(12): view('admin/lookup', [...])
 6 SYSTEMPATH\CodeIgniter.php(934): App\Controllers\Admin\Lookup->index()
 7 SYSTEMPATH\CodeIgniter.php(499): CodeIgniter\CodeIgniter->runController(Object(App\Controllers\Admin\Lookup))
 8 SYSTEMPATH\CodeIgniter.php(368): CodeIgniter\CodeIgniter->handleRequest(null, Object(Config\Cache), false)
 9 FCPATH\index.php(67): CodeIgniter\CodeIgniter->run()
CRITICAL - 2023-04-10 08:55:05 --> syntax error, unexpected token ")"
in APPPATH\Views\Admin\careers.php on line 20.
 1 SYSTEMPATH\View\View.php(216): CodeIgniter\View\View->CodeIgniter\View\{closure}()
 2 SYSTEMPATH\Common.php(1184): CodeIgniter\View\View->render('admin/careers', [], true)
 3 APPPATH\Controllers\Admin\Careers.php(12): view('admin/careers', [...])
 4 SYSTEMPATH\CodeIgniter.php(934): App\Controllers\Admin\Careers->index()
 5 SYSTEMPATH\CodeIgniter.php(499): CodeIgniter\CodeIgniter->runController(Object(App\Controllers\Admin\Careers))
 6 SYSTEMPATH\CodeIgniter.php(368): CodeIgniter\CodeIgniter->handleRequest(null, Object(Config\Cache), false)
 7 FCPATH\index.php(67): CodeIgniter\CodeIgniter->run()
CRITICAL - 2023-04-10 08:56:28 --> syntax error, unexpected token ";", expecting identifier or variable or "{" or "$"
in APPPATH\Views\Admin\careers.php on line 22.
 1 SYSTEMPATH\View\View.php(216): CodeIgniter\View\View->CodeIgniter\View\{closure}()
 2 SYSTEMPATH\Common.php(1184): CodeIgniter\View\View->render('admin/careers', [], true)
 3 APPPATH\Controllers\Admin\Careers.php(12): view('admin/careers', [...])
 4 SYSTEMPATH\CodeIgniter.php(934): App\Controllers\Admin\Careers->index()
 5 SYSTEMPATH\CodeIgniter.php(499): CodeIgniter\CodeIgniter->runController(Object(App\Controllers\Admin\Careers))
 6 SYSTEMPATH\CodeIgniter.php(368): CodeIgniter\CodeIgniter->handleRequest(null, Object(Config\Cache), false)
 7 FCPATH\index.php(67): CodeIgniter\CodeIgniter->run()
CRITICAL - 2023-04-10 08:56:53 --> syntax error, unexpected token ";", expecting identifier or variable or "{" or "$"
in APPPATH\Views\Admin\careers.php on line 22.
 1 SYSTEMPATH\View\View.php(216): CodeIgniter\View\View->CodeIgniter\View\{closure}()
 2 SYSTEMPATH\Common.php(1184): CodeIgniter\View\View->render('admin/careers', [], true)
 3 APPPATH\Controllers\Admin\Careers.php(12): view('admin/careers', [...])
 4 SYSTEMPATH\CodeIgniter.php(934): App\Controllers\Admin\Careers->index()
 5 SYSTEMPATH\CodeIgniter.php(499): CodeIgniter\CodeIgniter->runController(Object(App\Controllers\Admin\Careers))
 6 SYSTEMPATH\CodeIgniter.php(368): CodeIgniter\CodeIgniter->handleRequest(null, Object(Config\Cache), false)
 7 FCPATH\index.php(67): CodeIgniter\CodeIgniter->run()
CRITICAL - 2023-04-10 09:01:32 --> Undefined property: stdClass::$0
in APPPATH\Views\Admin\careers.php on line 24.
 1 APPPATH\Views\Admin\careers.php(24): CodeIgniter\Debug\Exceptions->errorHandler(2, 'Undefined property: stdClass::$0', 'APPPATH\\Views\\Admin\\careers.php', 24)
 2 SYSTEMPATH\View\View.php(213): include('APPPATH\\Views\\Admin\\careers.php')
 3 SYSTEMPATH\View\View.php(216): CodeIgniter\View\View->CodeIgniter\View\{closure}()
 4 SYSTEMPATH\Common.php(1184): CodeIgniter\View\View->render('admin/careers', [], true)
 5 APPPATH\Controllers\Admin\Careers.php(12): view('admin/careers', [...])
 6 SYSTEMPATH\CodeIgniter.php(934): App\Controllers\Admin\Careers->index()
 7 SYSTEMPATH\CodeIgniter.php(499): CodeIgniter\CodeIgniter->runController(Object(App\Controllers\Admin\Careers))
 8 SYSTEMPATH\CodeIgniter.php(368): CodeIgniter\CodeIgniter->handleRequest(null, Object(Config\Cache), false)
 9 FCPATH\index.php(67): CodeIgniter\CodeIgniter->run()
CRITICAL - 2023-04-10 09:02:19 --> Undefined property: stdClass::$0
in APPPATH\Views\Admin\careers.php on line 24.
 1 APPPATH\Views\Admin\careers.php(24): CodeIgniter\Debug\Exceptions->errorHandler(2, 'Undefined property: stdClass::$0', 'APPPATH\\Views\\Admin\\careers.php', 24)
 2 SYSTEMPATH\View\View.php(213): include('APPPATH\\Views\\Admin\\careers.php')
 3 SYSTEMPATH\View\View.php(216): CodeIgniter\View\View->CodeIgniter\View\{closure}()
 4 SYSTEMPATH\Common.php(1184): CodeIgniter\View\View->render('admin/careers', [], true)
 5 APPPATH\Controllers\Admin\Careers.php(12): view('admin/careers', [...])
 6 SYSTEMPATH\CodeIgniter.php(934): App\Controllers\Admin\Careers->index()
 7 SYSTEMPATH\CodeIgniter.php(499): CodeIgniter\CodeIgniter->runController(Object(App\Controllers\Admin\Careers))
 8 SYSTEMPATH\CodeIgniter.php(368): CodeIgniter\CodeIgniter->handleRequest(null, Object(Config\Cache), false)
 9 FCPATH\index.php(67): CodeIgniter\CodeIgniter->run()
CRITICAL - 2023-04-10 09:02:34 --> Undefined property: stdClass::$0
in APPPATH\Views\Admin\careers.php on line 24.
 1 APPPATH\Views\Admin\careers.php(24): CodeIgniter\Debug\Exceptions->errorHandler(2, 'Undefined property: stdClass::$0', 'APPPATH\\Views\\Admin\\careers.php', 24)
 2 SYSTEMPATH\View\View.php(213): include('APPPATH\\Views\\Admin\\careers.php')
 3 SYSTEMPATH\View\View.php(216): CodeIgniter\View\View->CodeIgniter\View\{closure}()
 4 SYSTEMPATH\Common.php(1184): CodeIgniter\View\View->render('admin/careers', [], true)
 5 APPPATH\Controllers\Admin\Careers.php(12): view('admin/careers', [...])
 6 SYSTEMPATH\CodeIgniter.php(934): App\Controllers\Admin\Careers->index()
 7 SYSTEMPATH\CodeIgniter.php(499): CodeIgniter\CodeIgniter->runController(Object(App\Controllers\Admin\Careers))
 8 SYSTEMPATH\CodeIgniter.php(368): CodeIgniter\CodeIgniter->handleRequest(null, Object(Config\Cache), false)
 9 FCPATH\index.php(67): CodeIgniter\CodeIgniter->run()
CRITICAL - 2023-04-10 09:05:04 --> Undefined property: stdClass::$0
in APPPATH\Views\Admin\careers.php on line 24.
 1 APPPATH\Views\Admin\careers.php(24): CodeIgniter\Debug\Exceptions->errorHandler(2, 'Undefined property: stdClass::$0', 'APPPATH\\Views\\Admin\\careers.php', 24)
 2 SYSTEMPATH\View\View.php(213): include('APPPATH\\Views\\Admin\\careers.php')
 3 SYSTEMPATH\View\View.php(216): CodeIgniter\View\View->CodeIgniter\View\{closure}()
 4 SYSTEMPATH\Common.php(1184): CodeIgniter\View\View->render('admin/careers', [], true)
 5 APPPATH\Controllers\Admin\Careers.php(12): view('admin/careers', [...])
 6 SYSTEMPATH\CodeIgniter.php(934): App\Controllers\Admin\Careers->index()
 7 SYSTEMPATH\CodeIgniter.php(499): CodeIgniter\CodeIgniter->runController(Object(App\Controllers\Admin\Careers))
 8 SYSTEMPATH\CodeIgniter.php(368): CodeIgniter\CodeIgniter->handleRequest(null, Object(Config\Cache), false)
 9 FCPATH\index.php(67): CodeIgniter\CodeIgniter->run()
CRITICAL - 2023-04-10 09:05:11 --> Undefined property: stdClass::$0
in APPPATH\Views\Admin\careers.php on line 24.
 1 APPPATH\Views\Admin\careers.php(24): CodeIgniter\Debug\Exceptions->errorHandler(2, 'Undefined property: stdClass::$0', 'APPPATH\\Views\\Admin\\careers.php', 24)
 2 SYSTEMPATH\View\View.php(213): include('APPPATH\\Views\\Admin\\careers.php')
 3 SYSTEMPATH\View\View.php(216): CodeIgniter\View\View->CodeIgniter\View\{closure}()
 4 SYSTEMPATH\Common.php(1184): CodeIgniter\View\View->render('admin/careers', [], true)
 5 APPPATH\Controllers\Admin\Careers.php(12): view('admin/careers', [...])
 6 SYSTEMPATH\CodeIgniter.php(934): App\Controllers\Admin\Careers->index()
 7 SYSTEMPATH\CodeIgniter.php(499): CodeIgniter\CodeIgniter->runController(Object(App\Controllers\Admin\Careers))
 8 SYSTEMPATH\CodeIgniter.php(368): CodeIgniter\CodeIgniter->handleRequest(null, Object(Config\Cache), false)
 9 FCPATH\index.php(67): CodeIgniter\CodeIgniter->run()
CRITICAL - 2023-04-10 09:05:22 --> Undefined property: stdClass::$0
in APPPATH\Views\Admin\careers.php on line 24.
 1 APPPATH\Views\Admin\careers.php(24): CodeIgniter\Debug\Exceptions->errorHandler(2, 'Undefined property: stdClass::$0', 'APPPATH\\Views\\Admin\\careers.php', 24)
 2 SYSTEMPATH\View\View.php(213): include('APPPATH\\Views\\Admin\\careers.php')
 3 SYSTEMPATH\View\View.php(216): CodeIgniter\View\View->CodeIgniter\View\{closure}()
 4 SYSTEMPATH\Common.php(1184): CodeIgniter\View\View->render('admin/careers', [], true)
 5 APPPATH\Controllers\Admin\Careers.php(12): view('admin/careers', [...])
 6 SYSTEMPATH\CodeIgniter.php(934): App\Controllers\Admin\Careers->index()
 7 SYSTEMPATH\CodeIgniter.php(499): CodeIgniter\CodeIgniter->runController(Object(App\Controllers\Admin\Careers))
 8 SYSTEMPATH\CodeIgniter.php(368): CodeIgniter\CodeIgniter->handleRequest(null, Object(Config\Cache), false)
 9 FCPATH\index.php(67): CodeIgniter\CodeIgniter->run()
CRITICAL - 2023-04-10 09:05:45 --> Undefined property: stdClass::$0
in APPPATH\Views\Admin\careers.php on line 24.
 1 APPPATH\Views\Admin\careers.php(24): CodeIgniter\Debug\Exceptions->errorHandler(2, 'Undefined property: stdClass::$0', 'APPPATH\\Views\\Admin\\careers.php', 24)
 2 SYSTEMPATH\View\View.php(213): include('APPPATH\\Views\\Admin\\careers.php')
 3 SYSTEMPATH\View\View.php(216): CodeIgniter\View\View->CodeIgniter\View\{closure}()
 4 SYSTEMPATH\Common.php(1184): CodeIgniter\View\View->render('admin/careers', [], true)
 5 APPPATH\Controllers\Admin\Careers.php(12): view('admin/careers', [...])
 6 SYSTEMPATH\CodeIgniter.php(934): App\Controllers\Admin\Careers->index()
 7 SYSTEMPATH\CodeIgniter.php(499): CodeIgniter\CodeIgniter->runController(Object(App\Controllers\Admin\Careers))
 8 SYSTEMPATH\CodeIgniter.php(368): CodeIgniter\CodeIgniter->handleRequest(null, Object(Config\Cache), false)
 9 FCPATH\index.php(67): CodeIgniter\CodeIgniter->run()
CRITICAL - 2023-04-10 09:06:08 --> Undefined property: stdClass::$0
in APPPATH\Views\Admin\careers.php on line 24.
 1 APPPATH\Views\Admin\careers.php(24): CodeIgniter\Debug\Exceptions->errorHandler(2, 'Undefined property: stdClass::$0', 'APPPATH\\Views\\Admin\\careers.php', 24)
 2 SYSTEMPATH\View\View.php(213): include('APPPATH\\Views\\Admin\\careers.php')
 3 SYSTEMPATH\View\View.php(216): CodeIgniter\View\View->CodeIgniter\View\{closure}()
 4 SYSTEMPATH\Common.php(1184): CodeIgniter\View\View->render('admin/careers', [], true)
 5 APPPATH\Controllers\Admin\Careers.php(12): view('admin/careers', [...])
 6 SYSTEMPATH\CodeIgniter.php(934): App\Controllers\Admin\Careers->index()
 7 SYSTEMPATH\CodeIgniter.php(499): CodeIgniter\CodeIgniter->runController(Object(App\Controllers\Admin\Careers))
 8 SYSTEMPATH\CodeIgniter.php(368): CodeIgniter\CodeIgniter->handleRequest(null, Object(Config\Cache), false)
 9 FCPATH\index.php(67): CodeIgniter\CodeIgniter->run()
CRITICAL - 2023-04-10 09:08:05 --> Undefined property: stdClass::$0
in APPPATH\Views\Admin\careers.php on line 24.
 1 APPPATH\Views\Admin\careers.php(24): CodeIgniter\Debug\Exceptions->errorHandler(2, 'Undefined property: stdClass::$0', 'APPPATH\\Views\\Admin\\careers.php', 24)
 2 SYSTEMPATH\View\View.php(213): include('APPPATH\\Views\\Admin\\careers.php')
 3 SYSTEMPATH\View\View.php(216): CodeIgniter\View\View->CodeIgniter\View\{closure}()
 4 SYSTEMPATH\Common.php(1184): CodeIgniter\View\View->render('admin/careers', [], true)
 5 APPPATH\Controllers\Admin\Careers.php(12): view('admin/careers', [...])
 6 SYSTEMPATH\CodeIgniter.php(934): App\Controllers\Admin\Careers->index()
 7 SYSTEMPATH\CodeIgniter.php(499): CodeIgniter\CodeIgniter->runController(Object(App\Controllers\Admin\Careers))
 8 SYSTEMPATH\CodeIgniter.php(368): CodeIgniter\CodeIgniter->handleRequest(null, Object(Config\Cache), false)
 9 FCPATH\index.php(67): CodeIgniter\CodeIgniter->run()
CRITICAL - 2023-04-10 09:35:13 --> syntax error, unexpected token "class", expecting "," or ";"
in APPPATH\Views\Admin\companyprofile.php on line 4.
 1 SYSTEMPATH\View\View.php(216): CodeIgniter\View\View->CodeIgniter\View\{closure}()
 2 SYSTEMPATH\Common.php(1184): CodeIgniter\View\View->render('admin/companyprofile', [], true)
 3 APPPATH\Controllers\Admin\CompanyProfile.php(12): view('admin/companyprofile', [...])
 4 SYSTEMPATH\CodeIgniter.php(934): App\Controllers\Admin\CompanyProfile->index()
 5 SYSTEMPATH\CodeIgniter.php(499): CodeIgniter\CodeIgniter->runController(Object(App\Controllers\Admin\CompanyProfile))
 6 SYSTEMPATH\CodeIgniter.php(368): CodeIgniter\CodeIgniter->handleRequest(null, Object(Config\Cache), false)
 7 FCPATH\index.php(67): CodeIgniter\CodeIgniter->run()
CRITICAL - 2023-04-10 09:35:25 --> syntax error, unexpected token "class", expecting "," or ";"
in APPPATH\Views\Admin\companyprofile.php on line 4.
 1 SYSTEMPATH\View\View.php(216): CodeIgniter\View\View->CodeIgniter\View\{closure}()
 2 SYSTEMPATH\Common.php(1184): CodeIgniter\View\View->render('admin/companyprofile', [], true)
 3 APPPATH\Controllers\Admin\CompanyProfile.php(12): view('admin/companyprofile', [...])
 4 SYSTEMPATH\CodeIgniter.php(934): App\Controllers\Admin\CompanyProfile->index()
 5 SYSTEMPATH\CodeIgniter.php(499): CodeIgniter\CodeIgniter->runController(Object(App\Controllers\Admin\CompanyProfile))
 6 SYSTEMPATH\CodeIgniter.php(368): CodeIgniter\CodeIgniter->handleRequest(null, Object(Config\Cache), false)
 7 FCPATH\index.php(67): CodeIgniter\CodeIgniter->run()
CRITICAL - 2023-04-10 09:54:20 --> Class "App\Controllers\Admin\UserInfoModel" not found
in APPPATH\Controllers\Admin\Property.php on line 9.
 1 SYSTEMPATH\CodeIgniter.php(934): App\Controllers\Admin\Property->index()
 2 SYSTEMPATH\CodeIgniter.php(499): CodeIgniter\CodeIgniter->runController(Object(App\Controllers\Admin\Property))
 3 SYSTEMPATH\CodeIgniter.php(368): CodeIgniter\CodeIgniter->handleRequest(null, Object(Config\Cache), false)
 4 FCPATH\index.php(67): CodeIgniter\CodeIgniter->run()
CRITICAL - 2023-04-10 09:56:32 --> Class "App\Controllers\Admin\UserInfoModel" not found
in APPPATH\Controllers\Admin\Property.php on line 9.
 1 SYSTEMPATH\CodeIgniter.php(934): App\Controllers\Admin\Property->index()
 2 SYSTEMPATH\CodeIgniter.php(499): CodeIgniter\CodeIgniter->runController(Object(App\Controllers\Admin\Property))
 3 SYSTEMPATH\CodeIgniter.php(368): CodeIgniter\CodeIgniter->handleRequest(null, Object(Config\Cache), false)
 4 FCPATH\index.php(67): CodeIgniter\CodeIgniter->run()
CRITICAL - 2023-04-10 10:05:26 --> syntax error, unexpected token ";", expecting identifier or variable or "{" or "$"
in APPPATH\Views\Admin\property.php on line 37.
 1 SYSTEMPATH\View\View.php(216): CodeIgniter\View\View->CodeIgniter\View\{closure}()
 2 SYSTEMPATH\Common.php(1184): CodeIgniter\View\View->render('admin/property', [], true)
 3 APPPATH\Controllers\Admin\Property.php(11): view('admin/property', [...])
 4 SYSTEMPATH\CodeIgniter.php(934): App\Controllers\Admin\Property->index()
 5 SYSTEMPATH\CodeIgniter.php(499): CodeIgniter\CodeIgniter->runController(Object(App\Controllers\Admin\Property))
 6 SYSTEMPATH\CodeIgniter.php(368): CodeIgniter\CodeIgniter->handleRequest(null, Object(Config\Cache), false)
 7 FCPATH\index.php(67): CodeIgniter\CodeIgniter->run()
CRITICAL - 2023-04-10 10:10:31 --> Undefined constant "row"
in APPPATH\Views\Admin\property.php on line 38.
 1 SYSTEMPATH\View\View.php(213): include()
 2 SYSTEMPATH\View\View.php(216): CodeIgniter\View\View->CodeIgniter\View\{closure}()
 3 SYSTEMPATH\Common.php(1184): CodeIgniter\View\View->render('admin/property', [], true)
 4 APPPATH\Controllers\Admin\Property.php(11): view('admin/property', [...])
 5 SYSTEMPATH\CodeIgniter.php(934): App\Controllers\Admin\Property->index()
 6 SYSTEMPATH\CodeIgniter.php(499): CodeIgniter\CodeIgniter->runController(Object(App\Controllers\Admin\Property))
 7 SYSTEMPATH\CodeIgniter.php(368): CodeIgniter\CodeIgniter->handleRequest(null, Object(Config\Cache), false)
 8 FCPATH\index.php(67): CodeIgniter\CodeIgniter->run()
